
1214 : 0x49fc9c898b6c2 : 4 : __ittapi_collector_init :  pthread_atfork() result: 0
1214 : 0x49fc9c8994967 : 2 : ittapi_config_mask_get :  --itt-config mask to be applied: 17
1214 : 0x49fc9c899691b : 2 : ittapi_config_apply_per_lib :  ITTAPI function instrumented: __itt_domain_create
1214 : 0x49fc9c8997111 : 2 : ittapi_config_apply_per_lib :  ITTAPI function instrumented: __itt_string_handle_create
1214 : 0x49fc9c8997828 : 2 : ittapi_config_apply_per_lib :  ITTAPI function instrumented: __itt_pause
1214 : 0x49fc9c8997e0c : 2 : ittapi_config_apply_per_lib :  ITTAPI function instrumented: __itt_resume
1214 : 0x49fc9c899852c : 2 : ittapi_config_apply_per_lib :  ITTAPI function instrumented: __itt_thread_set_name
1214 : 0x49fc9c8998ae1 : 2 : ittapi_config_apply_per_lib :  ITTAPI function instrumented: __itt_thread_ignore
1214 : 0x49fc9c899913f : 2 : ittapi_config_apply_per_lib :  ITTAPI function instrumented: __itt_thr_name_set
1214 : 0x49fc9c8999684 : 2 : ittapi_config_apply_per_lib :  ITTAPI function instrumented: __itt_thr_ignore
1214 : 0x49fc9c8ab80cd : 2 : ittapi_config_apply_per_lib :  ITTAPI function not implemented: __itt_enable_attach
1214 : 0x49fc9c8ab913c : 2 : ittapi_config_apply_per_lib :  ITTAPI function NOT instrumented (not matched by --itt-config option): __itt_sync_create

1214 : 0x49fc9c8ab96e1 : 2 : ittapi_config_apply_per_lib :  ITTAPI function NOT instrumented (not matched by --itt-config option): __itt_sync_rename

1214 : 0x49fc9c8ab9aca : 2 : ittapi_config_apply_per_lib :  ITTAPI function NOT instrumented (not matched by --itt-config option): __itt_sync_destroy

1214 : 0x49fc9c8ab9ee8 : 2 : ittapi_config_apply_per_lib :  ITTAPI function NOT instrumented (not matched by --itt-config option): __itt_sync_prepare

1214 : 0x49fc9c8aba2a9 : 2 : ittapi_config_apply_per_lib :  ITTAPI function NOT instrumented (not matched by --itt-config option): __itt_sync_cancel

1214 : 0x49fc9c8aba678 : 2 : ittapi_config_apply_per_lib :  ITTAPI function NOT instrumented (not matched by --itt-config option): __itt_sync_acquired

1214 : 0x49fc9c8abaa5f : 2 : ittapi_config_apply_per_lib :  ITTAPI function NOT instrumented (not matched by --itt-config option): __itt_sync_releasing

1214 : 0x49fc9c8abb8d6 : 2 : ittapi_config_apply_per_lib :  ITTAPI function not implemented: __itt_suppress_push
1214 : 0x49fc9c8abc0f6 : 2 : ittapi_config_apply_per_lib :  ITTAPI function not implemented: __itt_suppress_pop
1214 : 0x49fc9c8b5bf3d : 2 : ittapi_config_apply_per_lib :  ITTAPI function not implemented: __itt_suppress_mark_range
1214 : 0x49fc9c8b5cc8b : 2 : ittapi_config_apply_per_lib :  ITTAPI function not implemented: __itt_suppress_clear_range
1214 : 0x49fc9c8b5d102 : 2 : ittapi_config_apply_per_lib :  ITTAPI function NOT instrumented (not matched by --itt-config option): __itt_sync_prepare

1214 : 0x49fc9c8b5d4fe : 2 : ittapi_config_apply_per_lib :  ITTAPI function NOT instrumented (not matched by --itt-config option): __itt_sync_cancel

1214 : 0x49fc9c8b5d8dd : 2 : ittapi_config_apply_per_lib :  ITTAPI function NOT instrumented (not matched by --itt-config option): __itt_sync_acquired

1214 : 0x49fc9c8b5dcce : 2 : ittapi_config_apply_per_lib :  ITTAPI function NOT instrumented (not matched by --itt-config option): __itt_sync_releasing

1214 : 0x49fc9c8b5e3be : 2 : ittapi_config_apply_per_lib :  ITTAPI function not implemented: __itt_model_site_begin
1214 : 0x49fc9c8b5ea81 : 2 : ittapi_config_apply_per_lib :  ITTAPI function not implemented: __itt_model_site_end
1214 : 0x49fc9c8b5f13f : 2 : ittapi_config_apply_per_lib :  ITTAPI function not implemented: __itt_model_task_begin
1214 : 0x49fc9c8b5f796 : 2 : ittapi_config_apply_per_lib :  ITTAPI function not implemented: __itt_model_task_end
1214 : 0x49fc9c8bf9f15 : 2 : ittapi_config_apply_per_lib :  ITTAPI function not implemented: __itt_model_lock_acquire
1214 : 0x49fc9c8bfabca : 2 : ittapi_config_apply_per_lib :  ITTAPI function not implemented: __itt_model_lock_release
1214 : 0x49fc9c8bfb292 : 2 : ittapi_config_apply_per_lib :  ITTAPI function not implemented: __itt_model_record_allocation
1214 : 0x49fc9c8bfb97c : 2 : ittapi_config_apply_per_lib :  ITTAPI function not implemented: __itt_model_record_deallocation
1214 : 0x49fc9c8bfc020 : 2 : ittapi_config_apply_per_lib :  ITTAPI function not implemented: __itt_model_induction_uses
1214 : 0x49fc9c8bfc6ec : 2 : ittapi_config_apply_per_lib :  ITTAPI function not implemented: __itt_model_reduction_uses
1214 : 0x49fc9c8bfcd5f : 2 : ittapi_config_apply_per_lib :  ITTAPI function not implemented: __itt_model_observe_uses
1214 : 0x49fc9c8bfd3df : 2 : ittapi_config_apply_per_lib :  ITTAPI function not implemented: __itt_model_clear_uses
1214 : 0x49fc9c8bfdb38 : 2 : ittapi_config_apply_per_lib :  ITTAPI function not implemented: __itt_model_site_beginA
1214 : 0x49fc9c8bfe1b5 : 2 : ittapi_config_apply_per_lib :  ITTAPI function not implemented: __itt_model_site_beginAL
1214 : 0x49fc9c8c6ac73 : 2 : ittapi_config_apply_per_lib :  ITTAPI function not implemented: __itt_model_task_beginA
1214 : 0x49fc9c8c6b969 : 2 : ittapi_config_apply_per_lib :  ITTAPI function not implemented: __itt_model_task_beginAL
1214 : 0x49fc9c8c6c015 : 2 : ittapi_config_apply_per_lib :  ITTAPI function not implemented: __itt_model_iteration_taskA
1214 : 0x49fc9c8c6c6e0 : 2 : ittapi_config_apply_per_lib :  ITTAPI function not implemented: __itt_model_iteration_taskAL
1214 : 0x49fc9c8c6ccee : 2 : ittapi_config_apply_per_lib :  ITTAPI function not implemented: __itt_model_site_end_2
1214 : 0x49fc9c8c6d2ae : 2 : ittapi_config_apply_per_lib :  ITTAPI function not implemented: __itt_model_task_end_2
1214 : 0x49fc9c8c6d9c0 : 2 : ittapi_config_apply_per_lib :  ITTAPI function not implemented: __itt_model_lock_acquire_2
1214 : 0x49fc9c8c6e08d : 2 : ittapi_config_apply_per_lib :  ITTAPI function not implemented: __itt_model_lock_release_2
1214 : 0x49fc9c8c6e6f7 : 2 : ittapi_config_apply_per_lib :  ITTAPI function not implemented: __itt_model_aggregate_task
1214 : 0x49fc9c8c6ed5d : 2 : ittapi_config_apply_per_lib :  ITTAPI function not implemented: __itt_model_disable_push
1214 : 0x49fc9c8cd6c71 : 2 : ittapi_config_apply_per_lib :  ITTAPI function not implemented: __itt_model_disable_pop
1214 : 0x49fc9c8cd7878 : 2 : ittapi_config_apply_per_lib :  ITTAPI function not implemented: __itt_heap_function_create
1214 : 0x49fc9c8cd7f7a : 2 : ittapi_config_apply_per_lib :  ITTAPI function not implemented: __itt_heap_allocate_begin
1214 : 0x49fc9c8cd8625 : 2 : ittapi_config_apply_per_lib :  ITTAPI function not implemented: __itt_heap_allocate_end
1214 : 0x49fc9c8cd8d34 : 2 : ittapi_config_apply_per_lib :  ITTAPI function not implemented: __itt_heap_free_begin
1214 : 0x49fc9c8cd93d8 : 2 : ittapi_config_apply_per_lib :  ITTAPI function not implemented: __itt_heap_free_end
1214 : 0x49fc9c8cd9a6d : 2 : ittapi_config_apply_per_lib :  ITTAPI function not implemented: __itt_heap_reallocate_begin
1214 : 0x49fc9c8cda09a : 2 : ittapi_config_apply_per_lib :  ITTAPI function not implemented: __itt_heap_reallocate_end
1214 : 0x49fc9c8cda77b : 2 : ittapi_config_apply_per_lib :  ITTAPI function not implemented: __itt_heap_internal_access_begin
1214 : 0x49fc9c8cdae5f : 2 : ittapi_config_apply_per_lib :  ITTAPI function not implemented: __itt_heap_internal_access_end
1214 : 0x49fc9c8d42b83 : 2 : ittapi_config_apply_per_lib :  ITTAPI function not implemented: __itt_heap_record_memory_growth_begin
1214 : 0x49fc9c8d4381d : 2 : ittapi_config_apply_per_lib :  ITTAPI function not implemented: __itt_heap_record_memory_growth_end
1214 : 0x49fc9c8d43ef4 : 2 : ittapi_config_apply_per_lib :  ITTAPI function not implemented: __itt_heap_reset_detection
1214 : 0x49fc9c8d44572 : 2 : ittapi_config_apply_per_lib :  ITTAPI function not implemented: __itt_heap_record
1214 : 0x49fc9c8d44c34 : 2 : ittapi_config_apply_per_lib :  ITTAPI function not implemented: __itt_id_create
1214 : 0x49fc9c8d452ac : 2 : ittapi_config_apply_per_lib :  ITTAPI function not implemented: __itt_id_destroy
1214 : 0x49fc9c8d458c0 : 2 : ittapi_config_apply_per_lib :  ITTAPI function instrumented: __itt_get_timestamp
1214 : 0x49fc9c8d45f15 : 2 : ittapi_config_apply_per_lib :  ITTAPI function not implemented: __itt_region_begin
1214 : 0x49fc9c8d46521 : 2 : ittapi_config_apply_per_lib :  ITTAPI function not implemented: __itt_region_end
1214 : 0x49fc9c8d46ab9 : 2 : ittapi_config_apply_per_lib :  ITTAPI function instrumented: __itt_frame_begin_v3
1214 : 0x49fc9c8db21e5 : 2 : ittapi_config_apply_per_lib :  ITTAPI function instrumented: __itt_frame_end_v3
1214 : 0x49fc9c8db2c0f : 2 : ittapi_config_apply_per_lib :  ITTAPI function instrumented: __itt_frame_submit_v3
1214 : 0x49fc9c8db303f : 2 : ittapi_config_apply_per_lib :  ITTAPI function NOT instrumented (not matched by --itt-config option): __itt_task_group

1214 : 0x49fc9c8db3476 : 2 : ittapi_config_apply_per_lib :  ITTAPI function NOT instrumented (not matched by --itt-config option): __itt_task_begin

1214 : 0x49fc9c8db3829 : 2 : ittapi_config_apply_per_lib :  ITTAPI function NOT instrumented (not matched by --itt-config option): __itt_task_begin_fn

1214 : 0x49fc9c8db3c4f : 2 : ittapi_config_apply_per_lib :  ITTAPI function NOT instrumented (not matched by --itt-config option): __itt_task_end

1214 : 0x49fc9c8db44e3 : 2 : ittapi_config_apply_per_lib :  ITTAPI function not implemented: __itt_counter_inc_v3
1214 : 0x49fc9c8db4c26 : 2 : ittapi_config_apply_per_lib :  ITTAPI function not implemented: __itt_counter_inc_delta_v3
1214 : 0x49fc9c8db5291 : 2 : ittapi_config_apply_per_lib :  ITTAPI function not implemented: __itt_marker
1214 : 0x49fc9c8db5824 : 2 : ittapi_config_apply_per_lib :  ITTAPI function instrumented: __itt_metadata_add
1214 : 0x49fc9c8e2039e : 2 : ittapi_config_apply_per_lib :  ITTAPI function not implemented: __itt_metadata_str_add
1214 : 0x49fc9c8e210b3 : 2 : ittapi_config_apply_per_lib :  ITTAPI function not implemented: __itt_relation_add_to_current
1214 : 0x49fc9c8e2172b : 2 : ittapi_config_apply_per_lib :  ITTAPI function not implemented: __itt_relation_add
1214 : 0x49fc9c8e21ce3 : 2 : ittapi_config_apply_per_lib :  ITTAPI function instrumented: __itt_event_create
1214 : 0x49fc9c8e220e7 : 2 : ittapi_config_apply_per_lib :  ITTAPI function NOT instrumented (not matched by --itt-config option): __itt_event_start

1214 : 0x49fc9c8e224ed : 2 : ittapi_config_apply_per_lib :  ITTAPI function NOT instrumented (not matched by --itt-config option): __itt_event_end

1214 : 0x49fc9c8e228f4 : 2 : ittapi_config_apply_per_lib :  ITTAPI function NOT instrumented (not matched by --itt-config option): __itt_sync_set_name

1214 : 0x49fc9c8e22e0a : 2 : ittapi_config_apply_per_lib :  ITTAPI function instrumented: __itt_notify_sync_name
1214 : 0x49fc9c8e23343 : 2 : ittapi_config_apply_per_lib :  ITTAPI function instrumented: __itt_notify_sync_prepare
1214 : 0x49fc9c8e23873 : 2 : ittapi_config_apply_per_lib :  ITTAPI function instrumented: __itt_notify_sync_cancel
1214 : 0x49fc9c8e8a9ad : 2 : ittapi_config_apply_per_lib :  ITTAPI function instrumented: __itt_notify_sync_acquired
1214 : 0x49fc9c8e8b412 : 2 : ittapi_config_apply_per_lib :  ITTAPI function instrumented: __itt_notify_sync_releasing
1214 : 0x49fc9c8e8bcee : 2 : ittapi_config_apply_per_lib :  ITTAPI function not implemented: __itt_memory_read
1214 : 0x49fc9c8e8c42e : 2 : ittapi_config_apply_per_lib :  ITTAPI function not implemented: __itt_memory_write
1214 : 0x49fc9c8e8cac6 : 2 : ittapi_config_apply_per_lib :  ITTAPI function not implemented: __itt_memory_update
1214 : 0x49fc9c8e8d127 : 2 : ittapi_config_apply_per_lib :  ITTAPI function not implemented: __itt_state_get
1214 : 0x49fc9c8e8d738 : 2 : ittapi_config_apply_per_lib :  ITTAPI function not implemented: __itt_state_set
1214 : 0x49fc9c8e8dd47 : 2 : ittapi_config_apply_per_lib :  ITTAPI function not implemented: __itt_obj_mode_set
1214 : 0x49fc9c8e8e34a : 2 : ittapi_config_apply_per_lib :  ITTAPI function not implemented: __itt_thr_mode_set
1214 : 0x49fc9c8e8e894 : 2 : ittapi_config_apply_per_lib :  ITTAPI function instrumented: __itt_frame_create
1214 : 0x49fc9c8efd309 : 2 : ittapi_config_apply_per_lib :  ITTAPI function instrumented: __itt_frame_begin
1214 : 0x49fc9c8efdd1e : 2 : ittapi_config_apply_per_lib :  ITTAPI function instrumented: __itt_frame_end
1214 : 0x49fc9c8efe579 : 2 : ittapi_config_apply_per_lib :  ITTAPI function not implemented: __itt_counter_create
1214 : 0x49fc9c8efecf1 : 2 : ittapi_config_apply_per_lib :  ITTAPI function not implemented: __itt_counter_destroy
1214 : 0x49fc9c8eff311 : 2 : ittapi_config_apply_per_lib :  ITTAPI function not implemented: __itt_counter_inc
1214 : 0x49fc9c8effa0d : 2 : ittapi_config_apply_per_lib :  ITTAPI function not implemented: __itt_counter_inc_delta
1214 : 0x49fc9c8f00070 : 2 : ittapi_config_apply_per_lib :  ITTAPI function not implemented: __itt_mark_create
1214 : 0x49fc9c8f0067c : 2 : ittapi_config_apply_per_lib :  ITTAPI function not implemented: __itt_mark
1214 : 0x49fc9c8f00d3e : 2 : ittapi_config_apply_per_lib :  ITTAPI function not implemented: __itt_mark_off
1214 : 0x49fc9c8f013af : 2 : ittapi_config_apply_per_lib :  ITTAPI function not implemented: __itt_mark_global
1214 : 0x49fc9c8f71ad6 : 2 : ittapi_config_apply_per_lib :  ITTAPI function not implemented: __itt_mark_global_off
1214 : 0x49fc9c8f7266f : 2 : ittapi_config_apply_per_lib :  ITTAPI function instrumented: __itt_stack_caller_create
1214 : 0x49fc9c8f72bd8 : 2 : ittapi_config_apply_per_lib :  ITTAPI function instrumented: __itt_stack_caller_destroy
1214 : 0x49fc9c8f7314c : 2 : ittapi_config_apply_per_lib :  ITTAPI function instrumented: __itt_stack_callee_enter
1214 : 0x49fc9c8f736b5 : 2 : ittapi_config_apply_per_lib :  ITTAPI function instrumented: __itt_stack_callee_leave
1214 : 0x49fc9c8f73d65 : 2 : ittapi_config_apply_per_lib :  ITTAPI function not implemented: __itt_clock_domain_create
1214 : 0x49fc9c8f74439 : 2 : ittapi_config_apply_per_lib :  ITTAPI function not implemented: __itt_clock_domain_reset
1214 : 0x49fc9c8f74a5d : 2 : ittapi_config_apply_per_lib :  ITTAPI function not implemented: __itt_id_create_ex
1214 : 0x49fc9c8f750b4 : 2 : ittapi_config_apply_per_lib :  ITTAPI function not implemented: __itt_id_destroy_ex
1214 : 0x49fc9c8f754a3 : 2 : ittapi_config_apply_per_lib :  ITTAPI function NOT instrumented (not matched by --itt-config option): __itt_task_begin_ex

1214 : 0x49fc9c8fdb366 : 2 : ittapi_config_apply_per_lib :  ITTAPI function NOT instrumented (not matched by --itt-config option): __itt_task_begin_fn_ex

1214 : 0x49fc9c8fdbc35 : 2 : ittapi_config_apply_per_lib :  ITTAPI function NOT instrumented (not matched by --itt-config option): __itt_task_end_ex

1214 : 0x49fc9c8fdc021 : 2 : ittapi_config_apply_per_lib :  ITTAPI function NOT instrumented (not matched by --itt-config option): __itt_task_begin_overlapped

1214 : 0x49fc9c8fdc40b : 2 : ittapi_config_apply_per_lib :  ITTAPI function NOT instrumented (not matched by --itt-config option): __itt_task_begin_overlapped_ex

1214 : 0x49fc9c8fdc7f8 : 2 : ittapi_config_apply_per_lib :  ITTAPI function NOT instrumented (not matched by --itt-config option): __itt_task_end_overlapped

1214 : 0x49fc9c8fdcbea : 2 : ittapi_config_apply_per_lib :  ITTAPI function NOT instrumented (not matched by --itt-config option): __itt_task_end_overlapped_ex

1214 : 0x49fc9c8fdd7fd : 2 : ittapi_config_apply_per_lib :  ITTAPI function not implemented: __itt_marker_ex
1214 : 0x49fc9c8fddf0f : 2 : ittapi_config_apply_per_lib :  ITTAPI function not implemented: __itt_metadata_add_with_scope
1214 : 0x49fc9c8fde617 : 2 : ittapi_config_apply_per_lib :  ITTAPI function not implemented: __itt_metadata_str_add_with_scope
1214 : 0x49fc9c8fded17 : 2 : ittapi_config_apply_per_lib :  ITTAPI function not implemented: __itt_relation_add_to_current_ex
1214 : 0x49fc9c905c316 : 2 : ittapi_config_apply_per_lib :  ITTAPI function not implemented: __itt_relation_add_ex
1214 : 0x49fc9c905cff9 : 2 : ittapi_config_apply_per_lib :  ITTAPI function not implemented: __itt_track_group_create
1214 : 0x49fc9c905d6b7 : 2 : ittapi_config_apply_per_lib :  ITTAPI function not implemented: __itt_track_create
1214 : 0x49fc9c905dd18 : 2 : ittapi_config_apply_per_lib :  ITTAPI function not implemented: __itt_set_track
1214 : 0x49fc9c905e219 : 2 : ittapi_config_apply_per_lib :  ITTAPI function instrumented: __itt_api_version
1214 : 0x49fc9c905e887 : 2 : ittapi_config_apply_per_lib :  ITTAPI function not implemented: __itt_av_save
1214 : 0x49fc9c9088749 : 2 : ittapi_config_mask_get :  --itt-config mask to be applied: 17
1214 : 0x49fc9c9089334 : 2 : ittapi_config_apply_per_lib :  ITTAPI function instrumented: __itt_domain_create
1214 : 0x49fc9c9089919 : 2 : ittapi_config_apply_per_lib :  ITTAPI function instrumented: __itt_string_handle_create
1214 : 0x49fc9c9089ebf : 2 : ittapi_config_apply_per_lib :  ITTAPI function instrumented: __itt_pause
1214 : 0x49fc9c90f9473 : 2 : ittapi_config_apply_per_lib :  ITTAPI function instrumented: __itt_resume
1214 : 0x49fc9c90f9fb0 : 2 : ittapi_config_apply_per_lib :  ITTAPI function instrumented: __itt_thread_set_name
1214 : 0x49fc9c90fa5c4 : 2 : ittapi_config_apply_per_lib :  ITTAPI function instrumented: __itt_thread_ignore
1214 : 0x49fc9c90fab7a : 2 : ittapi_config_apply_per_lib :  ITTAPI function instrumented: __itt_thr_name_set
1214 : 0x49fc9c90fb118 : 2 : ittapi_config_apply_per_lib :  ITTAPI function instrumented: __itt_thr_ignore
1214 : 0x49fc9c90fb9cf : 2 : ittapi_config_apply_per_lib :  ITTAPI function not implemented: __itt_enable_attach
1214 : 0x49fc9c90fbe84 : 2 : ittapi_config_apply_per_lib :  ITTAPI function NOT instrumented (not matched by --itt-config option): __itt_sync_create

1214 : 0x49fc9c90fc2a1 : 2 : ittapi_config_apply_per_lib :  ITTAPI function NOT instrumented (not matched by --itt-config option): __itt_sync_rename

1214 : 0x49fc9c90fc687 : 2 : ittapi_config_apply_per_lib :  ITTAPI function NOT instrumented (not matched by --itt-config option): __itt_sync_destroy

1214 : 0x49fc9c90fca83 : 2 : ittapi_config_apply_per_lib :  ITTAPI function NOT instrumented (not matched by --itt-config option): __itt_sync_prepare

1214 : 0x49fc9c916fe32 : 2 : ittapi_config_apply_per_lib :  ITTAPI function NOT instrumented (not matched by --itt-config option): __itt_sync_cancel

1214 : 0x49fc9c9170788 : 2 : ittapi_config_apply_per_lib :  ITTAPI function NOT instrumented (not matched by --itt-config option): __itt_sync_acquired

1214 : 0x49fc9c9170b70 : 2 : ittapi_config_apply_per_lib :  ITTAPI function NOT instrumented (not matched by --itt-config option): __itt_sync_releasing

1214 : 0x49fc9c9171836 : 2 : ittapi_config_apply_per_lib :  ITTAPI function not implemented: __itt_suppress_push
1214 : 0x49fc9c917202d : 2 : ittapi_config_apply_per_lib :  ITTAPI function not implemented: __itt_suppress_pop
1214 : 0x49fc9c9172729 : 2 : ittapi_config_apply_per_lib :  ITTAPI function not implemented: __itt_suppress_mark_range
1214 : 0x49fc9c9172ebd : 2 : ittapi_config_apply_per_lib :  ITTAPI function not implemented: __itt_suppress_clear_range
1214 : 0x49fc9c91732c1 : 2 : ittapi_config_apply_per_lib :  ITTAPI function NOT instrumented (not matched by --itt-config option): __itt_sync_prepare

1214 : 0x49fc9c91736a4 : 2 : ittapi_config_apply_per_lib :  ITTAPI function NOT instrumented (not matched by --itt-config option): __itt_sync_cancel

1214 : 0x49fc9c9173a76 : 2 : ittapi_config_apply_per_lib :  ITTAPI function NOT instrumented (not matched by --itt-config option): __itt_sync_acquired

1214 : 0x49fc9c91d87f8 : 2 : ittapi_config_apply_per_lib :  ITTAPI function NOT instrumented (not matched by --itt-config option): __itt_sync_releasing

1214 : 0x49fc9c91d9824 : 2 : ittapi_config_apply_per_lib :  ITTAPI function not implemented: __itt_model_site_begin
1214 : 0x49fc9c91d9fa5 : 2 : ittapi_config_apply_per_lib :  ITTAPI function not implemented: __itt_model_site_end
1214 : 0x49fc9c91da67a : 2 : ittapi_config_apply_per_lib :  ITTAPI function not implemented: __itt_model_task_begin
1214 : 0x49fc9c91dad14 : 2 : ittapi_config_apply_per_lib :  ITTAPI function not implemented: __itt_model_task_end
1214 : 0x49fc9c91db34e : 2 : ittapi_config_apply_per_lib :  ITTAPI function not implemented: __itt_model_lock_acquire
1214 : 0x49fc9c91db9c5 : 2 : ittapi_config_apply_per_lib :  ITTAPI function not implemented: __itt_model_lock_release
1214 : 0x49fc9c91dc095 : 2 : ittapi_config_apply_per_lib :  ITTAPI function not implemented: __itt_model_record_allocation
1214 : 0x49fc9c91dc76c : 2 : ittapi_config_apply_per_lib :  ITTAPI function not implemented: __itt_model_record_deallocation
1214 : 0x49fc9c91dce14 : 2 : ittapi_config_apply_per_lib :  ITTAPI function not implemented: __itt_model_induction_uses
1214 : 0x49fc9c9250a74 : 2 : ittapi_config_apply_per_lib :  ITTAPI function not implemented: __itt_model_reduction_uses
1214 : 0x49fc9c92516c9 : 2 : ittapi_config_apply_per_lib :  ITTAPI function not implemented: __itt_model_observe_uses
1214 : 0x49fc9c9251d77 : 2 : ittapi_config_apply_per_lib :  ITTAPI function not implemented: __itt_model_clear_uses
1214 : 0x49fc9c925244a : 2 : ittapi_config_apply_per_lib :  ITTAPI function not implemented: __itt_model_site_beginA
1214 : 0x49fc9c9252afe : 2 : ittapi_config_apply_per_lib :  ITTAPI function not implemented: __itt_model_site_beginAL
1214 : 0x49fc9c9253153 : 2 : ittapi_config_apply_per_lib :  ITTAPI function not implemented: __itt_model_task_beginA
1214 : 0x49fc9c92537cf : 2 : ittapi_config_apply_per_lib :  ITTAPI function not implemented: __itt_model_task_beginAL
1214 : 0x49fc9c9253e77 : 2 : ittapi_config_apply_per_lib :  ITTAPI function not implemented: __itt_model_iteration_taskA
1214 : 0x49fc9c925452e : 2 : ittapi_config_apply_per_lib :  ITTAPI function not implemented: __itt_model_iteration_taskAL
1214 : 0x49fc9c9254b82 : 2 : ittapi_config_apply_per_lib :  ITTAPI function not implemented: __itt_model_site_end_2
1214 : 0x49fc9c92b9b4c : 2 : ittapi_config_apply_per_lib :  ITTAPI function not implemented: __itt_model_task_end_2
1214 : 0x49fc9c92ba7c7 : 2 : ittapi_config_apply_per_lib :  ITTAPI function not implemented: __itt_model_lock_acquire_2
1214 : 0x49fc9c92baed4 : 2 : ittapi_config_apply_per_lib :  ITTAPI function not implemented: __itt_model_lock_release_2
1214 : 0x49fc9c92bb532 : 2 : ittapi_config_apply_per_lib :  ITTAPI function not implemented: __itt_model_aggregate_task
1214 : 0x49fc9c92bbba2 : 2 : ittapi_config_apply_per_lib :  ITTAPI function not implemented: __itt_model_disable_push
1214 : 0x49fc9c92bc220 : 2 : ittapi_config_apply_per_lib :  ITTAPI function not implemented: __itt_model_disable_pop
1214 : 0x49fc9c92bc8fd : 2 : ittapi_config_apply_per_lib :  ITTAPI function not implemented: __itt_heap_function_create
1214 : 0x49fc9c92bcfaf : 2 : ittapi_config_apply_per_lib :  ITTAPI function not implemented: __itt_heap_allocate_begin
1214 : 0x49fc9c92bd5e5 : 2 : ittapi_config_apply_per_lib :  ITTAPI function not implemented: __itt_heap_allocate_end
1214 : 0x49fc9c92bdcc0 : 2 : ittapi_config_apply_per_lib :  ITTAPI function not implemented: __itt_heap_free_begin
1214 : 0x49fc9c932373f : 2 : ittapi_config_apply_per_lib :  ITTAPI function not implemented: __itt_heap_free_end
1214 : 0x49fc9c9324320 : 2 : ittapi_config_apply_per_lib :  ITTAPI function not implemented: __itt_heap_reallocate_begin
1214 : 0x49fc9c93249d2 : 2 : ittapi_config_apply_per_lib :  ITTAPI function not implemented: __itt_heap_reallocate_end
1214 : 0x49fc9c932512c : 2 : ittapi_config_apply_per_lib :  ITTAPI function not implemented: __itt_heap_internal_access_begin
1214 : 0x49fc9c932582d : 2 : ittapi_config_apply_per_lib :  ITTAPI function not implemented: __itt_heap_internal_access_end
1214 : 0x49fc9c9325f14 : 2 : ittapi_config_apply_per_lib :  ITTAPI function not implemented: __itt_heap_record_memory_growth_begin
1214 : 0x49fc9c932660b : 2 : ittapi_config_apply_per_lib :  ITTAPI function not implemented: __itt_heap_record_memory_growth_end
1214 : 0x49fc9c9326caa : 2 : ittapi_config_apply_per_lib :  ITTAPI function not implemented: __itt_heap_reset_detection
1214 : 0x49fc9c93272e0 : 2 : ittapi_config_apply_per_lib :  ITTAPI function not implemented: __itt_heap_record
1214 : 0x49fc9c9327933 : 2 : ittapi_config_apply_per_lib :  ITTAPI function not implemented: __itt_id_create
1214 : 0x49fc9c93905f5 : 2 : ittapi_config_apply_per_lib :  ITTAPI function not implemented: __itt_id_destroy
1214 : 0x49fc9c93910da : 2 : ittapi_config_apply_per_lib :  ITTAPI function instrumented: __itt_get_timestamp
1214 : 0x49fc9c9391755 : 2 : ittapi_config_apply_per_lib :  ITTAPI function not implemented: __itt_region_begin
1214 : 0x49fc9c9391d63 : 2 : ittapi_config_apply_per_lib :  ITTAPI function not implemented: __itt_region_end
1214 : 0x49fc9c939232d : 2 : ittapi_config_apply_per_lib :  ITTAPI function instrumented: __itt_frame_begin_v3
1214 : 0x49fc9c9392865 : 2 : ittapi_config_apply_per_lib :  ITTAPI function instrumented: __itt_frame_end_v3
1214 : 0x49fc9c9392d99 : 2 : ittapi_config_apply_per_lib :  ITTAPI function instrumented: __itt_frame_submit_v3
1214 : 0x49fc9c93931a2 : 2 : ittapi_config_apply_per_lib :  ITTAPI function NOT instrumented (not matched by --itt-config option): __itt_task_group

1214 : 0x49fc9c93935dc : 2 : ittapi_config_apply_per_lib :  ITTAPI function NOT instrumented (not matched by --itt-config option): __itt_task_begin

1214 : 0x49fc9c93939ad : 2 : ittapi_config_apply_per_lib :  ITTAPI function NOT instrumented (not matched by --itt-config option): __itt_task_begin_fn

1214 : 0x49fc9c940016c : 2 : ittapi_config_apply_per_lib :  ITTAPI function NOT instrumented (not matched by --itt-config option): __itt_task_end

1214 : 0x49fc9c940131b : 2 : ittapi_config_apply_per_lib :  ITTAPI function not implemented: __itt_counter_inc_v3
1214 : 0x49fc9c9401aca : 2 : ittapi_config_apply_per_lib :  ITTAPI function not implemented: __itt_counter_inc_delta_v3
1214 : 0x49fc9c940217e : 2 : ittapi_config_apply_per_lib :  ITTAPI function not implemented: __itt_marker
1214 : 0x49fc9c9402773 : 2 : ittapi_config_apply_per_lib :  ITTAPI function instrumented: __itt_metadata_add
1214 : 0x49fc9c9402e03 : 2 : ittapi_config_apply_per_lib :  ITTAPI function not implemented: __itt_metadata_str_add
1214 : 0x49fc9c94034cf : 2 : ittapi_config_apply_per_lib :  ITTAPI function not implemented: __itt_relation_add_to_current
1214 : 0x49fc9c9403b00 : 2 : ittapi_config_apply_per_lib :  ITTAPI function not implemented: __itt_relation_add
1214 : 0x49fc9c9404049 : 2 : ittapi_config_apply_per_lib :  ITTAPI function instrumented: __itt_event_create
1214 : 0x49fc9c9404401 : 2 : ittapi_config_apply_per_lib :  ITTAPI function NOT instrumented (not matched by --itt-config option): __itt_event_start

1214 : 0x49fc9c946d507 : 2 : ittapi_config_apply_per_lib :  ITTAPI function NOT instrumented (not matched by --itt-config option): __itt_event_end

1214 : 0x49fc9c946dd54 : 2 : ittapi_config_apply_per_lib :  ITTAPI function NOT instrumented (not matched by --itt-config option): __itt_sync_set_name

1214 : 0x49fc9c946e541 : 2 : ittapi_config_apply_per_lib :  ITTAPI function instrumented: __itt_notify_sync_name
1214 : 0x49fc9c946ea8d : 2 : ittapi_config_apply_per_lib :  ITTAPI function instrumented: __itt_notify_sync_prepare
1214 : 0x49fc9c946efa2 : 2 : ittapi_config_apply_per_lib :  ITTAPI function instrumented: __itt_notify_sync_cancel
1214 : 0x49fc9c946f515 : 2 : ittapi_config_apply_per_lib :  ITTAPI function instrumented: __itt_notify_sync_acquired
1214 : 0x49fc9c946f9fb : 2 : ittapi_config_apply_per_lib :  ITTAPI function instrumented: __itt_notify_sync_releasing
1214 : 0x49fc9c94701cc : 2 : ittapi_config_apply_per_lib :  ITTAPI function not implemented: __itt_memory_read
1214 : 0x49fc9c94708ab : 2 : ittapi_config_apply_per_lib :  ITTAPI function not implemented: __itt_memory_write
1214 : 0x49fc9c9470f00 : 2 : ittapi_config_apply_per_lib :  ITTAPI function not implemented: __itt_memory_update
1214 : 0x49fc9c94dc5af : 2 : ittapi_config_apply_per_lib :  ITTAPI function not implemented: __itt_state_get
1214 : 0x49fc9c94dd0e9 : 2 : ittapi_config_apply_per_lib :  ITTAPI function not implemented: __itt_state_set
1214 : 0x49fc9c94dd737 : 2 : ittapi_config_apply_per_lib :  ITTAPI function not implemented: __itt_obj_mode_set
1214 : 0x49fc9c94dddc3 : 2 : ittapi_config_apply_per_lib :  ITTAPI function not implemented: __itt_thr_mode_set
1214 : 0x49fc9c94de334 : 2 : ittapi_config_apply_per_lib :  ITTAPI function instrumented: __itt_frame_create
1214 : 0x49fc9c94de88b : 2 : ittapi_config_apply_per_lib :  ITTAPI function instrumented: __itt_frame_begin
1214 : 0x49fc9c94deda0 : 2 : ittapi_config_apply_per_lib :  ITTAPI function instrumented: __itt_frame_end
1214 : 0x49fc9c94df40b : 2 : ittapi_config_apply_per_lib :  ITTAPI function not implemented: __itt_counter_create
1214 : 0x49fc9c94dfa59 : 2 : ittapi_config_apply_per_lib :  ITTAPI function not implemented: __itt_counter_destroy
1214 : 0x49fc9c94e0073 : 2 : ittapi_config_apply_per_lib :  ITTAPI function not implemented: __itt_counter_inc
1214 : 0x49fc9c954f5af : 2 : ittapi_config_apply_per_lib :  ITTAPI function not implemented: __itt_counter_inc_delta
1214 : 0x49fc9c95501ef : 2 : ittapi_config_apply_per_lib :  ITTAPI function not implemented: __itt_mark_create
1214 : 0x49fc9c955084f : 2 : ittapi_config_apply_per_lib :  ITTAPI function not implemented: __itt_mark
1214 : 0x49fc9c9550f28 : 2 : ittapi_config_apply_per_lib :  ITTAPI function not implemented: __itt_mark_off
1214 : 0x49fc9c9551583 : 2 : ittapi_config_apply_per_lib :  ITTAPI function not implemented: __itt_mark_global
1214 : 0x49fc9c9551bbb : 2 : ittapi_config_apply_per_lib :  ITTAPI function not implemented: __itt_mark_global_off
1214 : 0x49fc9c9552193 : 2 : ittapi_config_apply_per_lib :  ITTAPI function instrumented: __itt_stack_caller_create
1214 : 0x49fc9c95526d5 : 2 : ittapi_config_apply_per_lib :  ITTAPI function instrumented: __itt_stack_caller_destroy
1214 : 0x49fc9c9552c29 : 2 : ittapi_config_apply_per_lib :  ITTAPI function instrumented: __itt_stack_callee_enter
1214 : 0x49fc9c9553152 : 2 : ittapi_config_apply_per_lib :  ITTAPI function instrumented: __itt_stack_callee_leave
1214 : 0x49fc9c95c5faa : 2 : ittapi_config_apply_per_lib :  ITTAPI function not implemented: __itt_clock_domain_create
1214 : 0x49fc9c95c6cb4 : 2 : ittapi_config_apply_per_lib :  ITTAPI function not implemented: __itt_clock_domain_reset
1214 : 0x49fc9c95c7304 : 2 : ittapi_config_apply_per_lib :  ITTAPI function not implemented: __itt_id_create_ex
1214 : 0x49fc9c95c796e : 2 : ittapi_config_apply_per_lib :  ITTAPI function not implemented: __itt_id_destroy_ex
1214 : 0x49fc9c95c7d58 : 2 : ittapi_config_apply_per_lib :  ITTAPI function NOT instrumented (not matched by --itt-config option): __itt_task_begin_ex

1214 : 0x49fc9c95c8127 : 2 : ittapi_config_apply_per_lib :  ITTAPI function NOT instrumented (not matched by --itt-config option): __itt_task_begin_fn_ex

1214 : 0x49fc9c95c852b : 2 : ittapi_config_apply_per_lib :  ITTAPI function NOT instrumented (not matched by --itt-config option): __itt_task_end_ex

1214 : 0x49fc9c95c88e6 : 2 : ittapi_config_apply_per_lib :  ITTAPI function NOT instrumented (not matched by --itt-config option): __itt_task_begin_overlapped

1214 : 0x49fc9c95c8cc3 : 2 : ittapi_config_apply_per_lib :  ITTAPI function NOT instrumented (not matched by --itt-config option): __itt_task_begin_overlapped_ex

1214 : 0x49fc9c95c90d2 : 2 : ittapi_config_apply_per_lib :  ITTAPI function NOT instrumented (not matched by --itt-config option): __itt_task_end_overlapped

1214 : 0x49fc9c963442b : 2 : ittapi_config_apply_per_lib :  ITTAPI function NOT instrumented (not matched by --itt-config option): __itt_task_end_overlapped_ex

1214 : 0x49fc9c9635626 : 2 : ittapi_config_apply_per_lib :  ITTAPI function not implemented: __itt_marker_ex
1214 : 0x49fc9c9635d72 : 2 : ittapi_config_apply_per_lib :  ITTAPI function not implemented: __itt_metadata_add_with_scope
1214 : 0x49fc9c96364e8 : 2 : ittapi_config_apply_per_lib :  ITTAPI function not implemented: __itt_metadata_str_add_with_scope
1214 : 0x49fc9c9636c1a : 2 : ittapi_config_apply_per_lib :  ITTAPI function not implemented: __itt_relation_add_to_current_ex
1214 : 0x49fc9c9637337 : 2 : ittapi_config_apply_per_lib :  ITTAPI function not implemented: __itt_relation_add_ex
1214 : 0x49fc9c9637a2b : 2 : ittapi_config_apply_per_lib :  ITTAPI function not implemented: __itt_track_group_create
1214 : 0x49fc9c96380ac : 2 : ittapi_config_apply_per_lib :  ITTAPI function not implemented: __itt_track_create
1214 : 0x49fc9c96386ec : 2 : ittapi_config_apply_per_lib :  ITTAPI function not implemented: __itt_set_track
1214 : 0x49fc9c9638c13 : 2 : ittapi_config_apply_per_lib :  ITTAPI function instrumented: __itt_api_version
1214 : 0x49fc9c96bf2f3 : 2 : ittapi_config_apply_per_lib :  ITTAPI function not implemented: __itt_av_save