
3654 : 0x4a4881322f128 : 4 : __ittapi_collector_init :  pthread_atfork() result: 0
3654 : 0x4a48813239273 : 2 : ittapi_config_mask_get :  --itt-config mask to be applied: 17
3654 : 0x4a4881323b00b : 2 : ittapi_config_apply_per_lib :  ITTAPI function instrumented: __itt_domain_create
3654 : 0x4a4881323b7dd : 2 : ittapi_config_apply_per_lib :  ITTAPI function instrumented: __itt_string_handle_create
3654 : 0x4a4881323c030 : 2 : ittapi_config_apply_per_lib :  ITTAPI function instrumented: __itt_pause
3654 : 0x4a4881323c767 : 2 : ittapi_config_apply_per_lib :  ITTAPI function instrumented: __itt_resume
3654 : 0x4a4881323cd45 : 2 : ittapi_config_apply_per_lib :  ITTAPI function instrumented: __itt_thread_set_name
3654 : 0x4a4881323d2e7 : 2 : ittapi_config_apply_per_lib :  ITTAPI function instrumented: __itt_thread_ignore
3654 : 0x4a4881323d862 : 2 : ittapi_config_apply_per_lib :  ITTAPI function instrumented: __itt_thr_name_set
3654 : 0x4a4881323de49 : 2 : ittapi_config_apply_per_lib :  ITTAPI function instrumented: __itt_thr_ignore
3654 : 0x4a488151ee394 : 2 : ittapi_config_apply_per_lib :  ITTAPI function not implemented: __itt_enable_attach
3654 : 0x4a488151ef536 : 2 : ittapi_config_apply_per_lib :  ITTAPI function NOT instrumented (not matched by --itt-config option): __itt_sync_create

3654 : 0x4a488151efb51 : 2 : ittapi_config_apply_per_lib :  ITTAPI function NOT instrumented (not matched by --itt-config option): __itt_sync_rename

3654 : 0x4a488151effc5 : 2 : ittapi_config_apply_per_lib :  ITTAPI function NOT instrumented (not matched by --itt-config option): __itt_sync_destroy

3654 : 0x4a488151f03f5 : 2 : ittapi_config_apply_per_lib :  ITTAPI function NOT instrumented (not matched by --itt-config option): __itt_sync_prepare

3654 : 0x4a488151f07ee : 2 : ittapi_config_apply_per_lib :  ITTAPI function NOT instrumented (not matched by --itt-config option): __itt_sync_cancel

3654 : 0x4a488151f0bc5 : 2 : ittapi_config_apply_per_lib :  ITTAPI function NOT instrumented (not matched by --itt-config option): __itt_sync_acquired

3654 : 0x4a488151f0fc9 : 2 : ittapi_config_apply_per_lib :  ITTAPI function NOT instrumented (not matched by --itt-config option): __itt_sync_releasing

3654 : 0x4a488151f1f45 : 2 : ittapi_config_apply_per_lib :  ITTAPI function not implemented: __itt_suppress_push
3654 : 0x4a488151f27a6 : 2 : ittapi_config_apply_per_lib :  ITTAPI function not implemented: __itt_suppress_pop
3654 : 0x4a488152952f1 : 2 : ittapi_config_apply_per_lib :  ITTAPI function not implemented: __itt_suppress_mark_range
3654 : 0x4a488152963b0 : 2 : ittapi_config_apply_per_lib :  ITTAPI function not implemented: __itt_suppress_clear_range
3654 : 0x4a48815296fdb : 2 : ittapi_config_apply_per_lib :  ITTAPI function NOT instrumented (not matched by --itt-config option): __itt_sync_prepare

3654 : 0x4a48815297961 : 2 : ittapi_config_apply_per_lib :  ITTAPI function NOT instrumented (not matched by --itt-config option): __itt_sync_cancel

3654 : 0x4a48815297dbd : 2 : ittapi_config_apply_per_lib :  ITTAPI function NOT instrumented (not matched by --itt-config option): __itt_sync_acquired

3654 : 0x4a488152981dd : 2 : ittapi_config_apply_per_lib :  ITTAPI function NOT instrumented (not matched by --itt-config option): __itt_sync_releasing

3654 : 0x4a48815298923 : 2 : ittapi_config_apply_per_lib :  ITTAPI function not implemented: __itt_model_site_begin
3654 : 0x4a48815299031 : 2 : ittapi_config_apply_per_lib :  ITTAPI function not implemented: __itt_model_site_end
3654 : 0x4a488152996e5 : 2 : ittapi_config_apply_per_lib :  ITTAPI function not implemented: __itt_model_task_begin
3654 : 0x4a48815299d70 : 2 : ittapi_config_apply_per_lib :  ITTAPI function not implemented: __itt_model_task_end
3654 : 0x4a4881533ab9b : 2 : ittapi_config_apply_per_lib :  ITTAPI function not implemented: __itt_model_lock_acquire
3654 : 0x4a4881533b973 : 2 : ittapi_config_apply_per_lib :  ITTAPI function not implemented: __itt_model_lock_release
3654 : 0x4a4881533c08f : 2 : ittapi_config_apply_per_lib :  ITTAPI function not implemented: __itt_model_record_allocation
3654 : 0x4a4881533c7a2 : 2 : ittapi_config_apply_per_lib :  ITTAPI function not implemented: __itt_model_record_deallocation
3654 : 0x4a4881533ce62 : 2 : ittapi_config_apply_per_lib :  ITTAPI function not implemented: __itt_model_induction_uses
3654 : 0x4a4881533d52f : 2 : ittapi_config_apply_per_lib :  ITTAPI function not implemented: __itt_model_reduction_uses
3654 : 0x4a4881533db95 : 2 : ittapi_config_apply_per_lib :  ITTAPI function not implemented: __itt_model_observe_uses
3654 : 0x4a4881533e255 : 2 : ittapi_config_apply_per_lib :  ITTAPI function not implemented: __itt_model_clear_uses
3654 : 0x4a4881533e9a0 : 2 : ittapi_config_apply_per_lib :  ITTAPI function not implemented: __itt_model_site_beginA
3654 : 0x4a4881533f014 : 2 : ittapi_config_apply_per_lib :  ITTAPI function not implemented: __itt_model_site_beginAL
3654 : 0x4a488153bdaec : 2 : ittapi_config_apply_per_lib :  ITTAPI function not implemented: __itt_model_task_beginA
3654 : 0x4a488153be847 : 2 : ittapi_config_apply_per_lib :  ITTAPI function not implemented: __itt_model_task_beginAL
3654 : 0x4a488153bef2b : 2 : ittapi_config_apply_per_lib :  ITTAPI function not implemented: __itt_model_iteration_taskA
3654 : 0x4a488153bf5fe : 2 : ittapi_config_apply_per_lib :  ITTAPI function not implemented: __itt_model_iteration_taskAL
3654 : 0x4a488153bfc51 : 2 : ittapi_config_apply_per_lib :  ITTAPI function not implemented: __itt_model_site_end_2
3654 : 0x4a488153c020d : 2 : ittapi_config_apply_per_lib :  ITTAPI function not implemented: __itt_model_task_end_2
3654 : 0x4a488153c0906 : 2 : ittapi_config_apply_per_lib :  ITTAPI function not implemented: __itt_model_lock_acquire_2
3654 : 0x4a488153c1686 : 2 : ittapi_config_apply_per_lib :  ITTAPI function not implemented: __itt_model_lock_release_2
3654 : 0x4a488153c1d10 : 2 : ittapi_config_apply_per_lib :  ITTAPI function not implemented: __itt_model_aggregate_task
3654 : 0x4a488153c237b : 2 : ittapi_config_apply_per_lib :  ITTAPI function not implemented: __itt_model_disable_push
3654 : 0x4a4881542c8af : 2 : ittapi_config_apply_per_lib :  ITTAPI function not implemented: __itt_model_disable_pop
3654 : 0x4a4881542d590 : 2 : ittapi_config_apply_per_lib :  ITTAPI function not implemented: __itt_heap_function_create
3654 : 0x4a4881542dc57 : 2 : ittapi_config_apply_per_lib :  ITTAPI function not implemented: __itt_heap_allocate_begin
3654 : 0x4a4881542e2ae : 2 : ittapi_config_apply_per_lib :  ITTAPI function not implemented: __itt_heap_allocate_end
3654 : 0x4a4881542e9de : 2 : ittapi_config_apply_per_lib :  ITTAPI function not implemented: __itt_heap_free_begin
3654 : 0x4a4881542f07d : 2 : ittapi_config_apply_per_lib :  ITTAPI function not implemented: __itt_heap_free_end
3654 : 0x4a4881542f78c : 2 : ittapi_config_apply_per_lib :  ITTAPI function not implemented: __itt_heap_reallocate_begin
3654 : 0x4a4881542fdc0 : 2 : ittapi_config_apply_per_lib :  ITTAPI function not implemented: __itt_heap_reallocate_end
3654 : 0x4a488154304af : 2 : ittapi_config_apply_per_lib :  ITTAPI function not implemented: __itt_heap_internal_access_begin
3654 : 0x4a48815430b8c : 2 : ittapi_config_apply_per_lib :  ITTAPI function not implemented: __itt_heap_internal_access_end
3654 : 0x4a488154a341b : 2 : ittapi_config_apply_per_lib :  ITTAPI function not implemented: __itt_heap_record_memory_growth_begin
3654 : 0x4a488154a407a : 2 : ittapi_config_apply_per_lib :  ITTAPI function not implemented: __itt_heap_record_memory_growth_end
3654 : 0x4a488154a470b : 2 : ittapi_config_apply_per_lib :  ITTAPI function not implemented: __itt_heap_reset_detection
3654 : 0x4a488154a4d79 : 2 : ittapi_config_apply_per_lib :  ITTAPI function not implemented: __itt_heap_record
3654 : 0x4a488154a5450 : 2 : ittapi_config_apply_per_lib :  ITTAPI function not implemented: __itt_id_create
3654 : 0x4a488154a5a9a : 2 : ittapi_config_apply_per_lib :  ITTAPI function not implemented: __itt_id_destroy
3654 : 0x4a488154a607f : 2 : ittapi_config_apply_per_lib :  ITTAPI function instrumented: __itt_get_timestamp
3654 : 0x4a488154a6706 : 2 : ittapi_config_apply_per_lib :  ITTAPI function not implemented: __itt_region_begin
3654 : 0x4a488154a6d13 : 2 : ittapi_config_apply_per_lib :  ITTAPI function not implemented: __itt_region_end
3654 : 0x4a488154a72a9 : 2 : ittapi_config_apply_per_lib :  ITTAPI function instrumented: __itt_frame_begin_v3
3654 : 0x4a48815518c54 : 2 : ittapi_config_apply_per_lib :  ITTAPI function instrumented: __itt_frame_end_v3
3654 : 0x4a48815519756 : 2 : ittapi_config_apply_per_lib :  ITTAPI function instrumented: __itt_frame_submit_v3
3654 : 0x4a48815519ba7 : 2 : ittapi_config_apply_per_lib :  ITTAPI function NOT instrumented (not matched by --itt-config option): __itt_task_group

3654 : 0x4a48815519fda : 2 : ittapi_config_apply_per_lib :  ITTAPI function NOT instrumented (not matched by --itt-config option): __itt_task_begin

3654 : 0x4a4881551a39a : 2 : ittapi_config_apply_per_lib :  ITTAPI function NOT instrumented (not matched by --itt-config option): __itt_task_begin_fn

3654 : 0x4a4881551a7c0 : 2 : ittapi_config_apply_per_lib :  ITTAPI function NOT instrumented (not matched by --itt-config option): __itt_task_end

3654 : 0x4a4881551b023 : 2 : ittapi_config_apply_per_lib :  ITTAPI function not implemented: __itt_counter_inc_v3
3654 : 0x4a4881551b77e : 2 : ittapi_config_apply_per_lib :  ITTAPI function not implemented: __itt_counter_inc_delta_v3
3654 : 0x4a4881551bdf0 : 2 : ittapi_config_apply_per_lib :  ITTAPI function not implemented: __itt_marker
3654 : 0x4a4881551c38e : 2 : ittapi_config_apply_per_lib :  ITTAPI function instrumented: __itt_metadata_add
3654 : 0x4a4881558b75c : 2 : ittapi_config_apply_per_lib :  ITTAPI function not implemented: __itt_metadata_str_add
3654 : 0x4a4881558c44d : 2 : ittapi_config_apply_per_lib :  ITTAPI function not implemented: __itt_relation_add_to_current
3654 : 0x4a4881558cada : 2 : ittapi_config_apply_per_lib :  ITTAPI function not implemented: __itt_relation_add
3654 : 0x4a4881558d0ac : 2 : ittapi_config_apply_per_lib :  ITTAPI function instrumented: __itt_event_create
3654 : 0x4a4881558d494 : 2 : ittapi_config_apply_per_lib :  ITTAPI function NOT instrumented (not matched by --itt-config option): __itt_event_start

3654 : 0x4a4881558d8a7 : 2 : ittapi_config_apply_per_lib :  ITTAPI function NOT instrumented (not matched by --itt-config option): __itt_event_end

3654 : 0x4a4881558dce0 : 2 : ittapi_config_apply_per_lib :  ITTAPI function NOT instrumented (not matched by --itt-config option): __itt_sync_set_name

3654 : 0x4a4881558e210 : 2 : ittapi_config_apply_per_lib :  ITTAPI function instrumented: __itt_notify_sync_name
3654 : 0x4a4881558e79f : 2 : ittapi_config_apply_per_lib :  ITTAPI function instrumented: __itt_notify_sync_prepare
3654 : 0x4a4881558ecb3 : 2 : ittapi_config_apply_per_lib :  ITTAPI function instrumented: __itt_notify_sync_cancel
3654 : 0x4a488155fbcdf : 2 : ittapi_config_apply_per_lib :  ITTAPI function instrumented: __itt_notify_sync_acquired
3654 : 0x4a488155fc7b4 : 2 : ittapi_config_apply_per_lib :  ITTAPI function instrumented: __itt_notify_sync_releasing
3654 : 0x4a488155fd047 : 2 : ittapi_config_apply_per_lib :  ITTAPI function not implemented: __itt_memory_read
3654 : 0x4a488155fd79e : 2 : ittapi_config_apply_per_lib :  ITTAPI function not implemented: __itt_memory_write
3654 : 0x4a488155fde20 : 2 : ittapi_config_apply_per_lib :  ITTAPI function not implemented: __itt_memory_update
3654 : 0x4a488155fe4ea : 2 : ittapi_config_apply_per_lib :  ITTAPI function not implemented: __itt_state_get
3654 : 0x4a488155feb20 : 2 : ittapi_config_apply_per_lib :  ITTAPI function not implemented: __itt_state_set
3654 : 0x4a488155ff121 : 2 : ittapi_config_apply_per_lib :  ITTAPI function not implemented: __itt_obj_mode_set
3654 : 0x4a488155ff778 : 2 : ittapi_config_apply_per_lib :  ITTAPI function not implemented: __itt_thr_mode_set
3654 : 0x4a488155ffcd1 : 2 : ittapi_config_apply_per_lib :  ITTAPI function instrumented: __itt_frame_create
3654 : 0x4a4881566c33b : 2 : ittapi_config_apply_per_lib :  ITTAPI function instrumented: __itt_frame_begin
3654 : 0x4a4881566cd80 : 2 : ittapi_config_apply_per_lib :  ITTAPI function instrumented: __itt_frame_end
3654 : 0x4a4881566d638 : 2 : ittapi_config_apply_per_lib :  ITTAPI function not implemented: __itt_counter_create
3654 : 0x4a4881566dd77 : 2 : ittapi_config_apply_per_lib :  ITTAPI function not implemented: __itt_counter_destroy
3654 : 0x4a4881566e3c5 : 2 : ittapi_config_apply_per_lib :  ITTAPI function not implemented: __itt_counter_inc
3654 : 0x4a4881566ead7 : 2 : ittapi_config_apply_per_lib :  ITTAPI function not implemented: __itt_counter_inc_delta
3654 : 0x4a4881566f183 : 2 : ittapi_config_apply_per_lib :  ITTAPI function not implemented: __itt_mark_create
3654 : 0x4a4881566f7a5 : 2 : ittapi_config_apply_per_lib :  ITTAPI function not implemented: __itt_mark
3654 : 0x4a4881566fe79 : 2 : ittapi_config_apply_per_lib :  ITTAPI function not implemented: __itt_mark_off
3654 : 0x4a488156704fd : 2 : ittapi_config_apply_per_lib :  ITTAPI function not implemented: __itt_mark_global
3654 : 0x4a48815771d49 : 2 : ittapi_config_apply_per_lib :  ITTAPI function not implemented: __itt_mark_global_off
3654 : 0x4a48815772959 : 2 : ittapi_config_apply_per_lib :  ITTAPI function instrumented: __itt_stack_caller_create
3654 : 0x4a48815772f03 : 2 : ittapi_config_apply_per_lib :  ITTAPI function instrumented: __itt_stack_caller_destroy
3654 : 0x4a48815773471 : 2 : ittapi_config_apply_per_lib :  ITTAPI function instrumented: __itt_stack_callee_enter
3654 : 0x4a488157739cd : 2 : ittapi_config_apply_per_lib :  ITTAPI function instrumented: __itt_stack_callee_leave
3654 : 0x4a4881577402a : 2 : ittapi_config_apply_per_lib :  ITTAPI function not implemented: __itt_clock_domain_create
3654 : 0x4a4881577470b : 2 : ittapi_config_apply_per_lib :  ITTAPI function not implemented: __itt_clock_domain_reset
3654 : 0x4a48815774d70 : 2 : ittapi_config_apply_per_lib :  ITTAPI function not implemented: __itt_id_create_ex
3654 : 0x4a488157753ab : 2 : ittapi_config_apply_per_lib :  ITTAPI function not implemented: __itt_id_destroy_ex
3654 : 0x4a488157757a3 : 2 : ittapi_config_apply_per_lib :  ITTAPI function NOT instrumented (not matched by --itt-config option): __itt_task_begin_ex

3654 : 0x4a488157e577c : 2 : ittapi_config_apply_per_lib :  ITTAPI function NOT instrumented (not matched by --itt-config option): __itt_task_begin_fn_ex

3654 : 0x4a488157e6183 : 2 : ittapi_config_apply_per_lib :  ITTAPI function NOT instrumented (not matched by --itt-config option): __itt_task_end_ex

3654 : 0x4a488157e6561 : 2 : ittapi_config_apply_per_lib :  ITTAPI function NOT instrumented (not matched by --itt-config option): __itt_task_begin_overlapped

3654 : 0x4a488157e6955 : 2 : ittapi_config_apply_per_lib :  ITTAPI function NOT instrumented (not matched by --itt-config option): __itt_task_begin_overlapped_ex

3654 : 0x4a488157e6d45 : 2 : ittapi_config_apply_per_lib :  ITTAPI function NOT instrumented (not matched by --itt-config option): __itt_task_end_overlapped

3654 : 0x4a488157e7153 : 2 : ittapi_config_apply_per_lib :  ITTAPI function NOT instrumented (not matched by --itt-config option): __itt_task_end_overlapped_ex

3654 : 0x4a488157e7e19 : 2 : ittapi_config_apply_per_lib :  ITTAPI function not implemented: __itt_marker_ex
3654 : 0x4a488157e84cc : 2 : ittapi_config_apply_per_lib :  ITTAPI function not implemented: __itt_metadata_add_with_scope
3654 : 0x4a488157e8be0 : 2 : ittapi_config_apply_per_lib :  ITTAPI function not implemented: __itt_metadata_str_add_with_scope
3654 : 0x4a488157e92e4 : 2 : ittapi_config_apply_per_lib :  ITTAPI function not implemented: __itt_relation_add_to_current_ex
3654 : 0x4a48815877641 : 2 : ittapi_config_apply_per_lib :  ITTAPI function not implemented: __itt_relation_add_ex
3654 : 0x4a4881587825c : 2 : ittapi_config_apply_per_lib :  ITTAPI function not implemented: __itt_track_group_create
3654 : 0x4a488158788e8 : 2 : ittapi_config_apply_per_lib :  ITTAPI function not implemented: __itt_track_create
3654 : 0x4a48815878f38 : 2 : ittapi_config_apply_per_lib :  ITTAPI function not implemented: __itt_set_track
3654 : 0x4a48815879469 : 2 : ittapi_config_apply_per_lib :  ITTAPI function instrumented: __itt_api_version
3654 : 0x4a48815879a77 : 2 : ittapi_config_apply_per_lib :  ITTAPI function not implemented: __itt_av_save
3654 : 0x4a488158a55a9 : 2 : ittapi_config_mask_get :  --itt-config mask to be applied: 17
3654 : 0x4a488158a6206 : 2 : ittapi_config_apply_per_lib :  ITTAPI function instrumented: __itt_domain_create
3654 : 0x4a488158a67bf : 2 : ittapi_config_apply_per_lib :  ITTAPI function instrumented: __itt_string_handle_create
3654 : 0x4a488158a6d36 : 2 : ittapi_config_apply_per_lib :  ITTAPI function instrumented: __itt_pause
3654 : 0x4a48815918047 : 2 : ittapi_config_apply_per_lib :  ITTAPI function instrumented: __itt_resume
3654 : 0x4a48815918ba1 : 2 : ittapi_config_apply_per_lib :  ITTAPI function instrumented: __itt_thread_set_name
3654 : 0x4a48815919150 : 2 : ittapi_config_apply_per_lib :  ITTAPI function instrumented: __itt_thread_ignore
3654 : 0x4a488159196f4 : 2 : ittapi_config_apply_per_lib :  ITTAPI function instrumented: __itt_thr_name_set
3654 : 0x4a48815919c1b : 2 : ittapi_config_apply_per_lib :  ITTAPI function instrumented: __itt_thr_ignore
3654 : 0x4a4881591a557 : 2 : ittapi_config_apply_per_lib :  ITTAPI function not implemented: __itt_enable_attach
3654 : 0x4a4881591aa40 : 2 : ittapi_config_apply_per_lib :  ITTAPI function NOT instrumented (not matched by --itt-config option): __itt_sync_create

3654 : 0x4a4881591ae74 : 2 : ittapi_config_apply_per_lib :  ITTAPI function NOT instrumented (not matched by --itt-config option): __itt_sync_rename

3654 : 0x4a4881591b266 : 2 : ittapi_config_apply_per_lib :  ITTAPI function NOT instrumented (not matched by --itt-config option): __itt_sync_destroy

3654 : 0x4a4881591b65b : 2 : ittapi_config_apply_per_lib :  ITTAPI function NOT instrumented (not matched by --itt-config option): __itt_sync_prepare

3654 : 0x4a48815984625 : 2 : ittapi_config_apply_per_lib :  ITTAPI function NOT instrumented (not matched by --itt-config option): __itt_sync_cancel

3654 : 0x4a48815984f3d : 2 : ittapi_config_apply_per_lib :  ITTAPI function NOT instrumented (not matched by --itt-config option): __itt_sync_acquired

3654 : 0x4a48815985350 : 2 : ittapi_config_apply_per_lib :  ITTAPI function NOT instrumented (not matched by --itt-config option): __itt_sync_releasing

3654 : 0x4a48815985e8f : 2 : ittapi_config_apply_per_lib :  ITTAPI function not implemented: __itt_suppress_push
3654 : 0x4a48815986692 : 2 : ittapi_config_apply_per_lib :  ITTAPI function not implemented: __itt_suppress_pop
3654 : 0x4a48815986d67 : 2 : ittapi_config_apply_per_lib :  ITTAPI function not implemented: __itt_suppress_mark_range
3654 : 0x4a488159874f9 : 2 : ittapi_config_apply_per_lib :  ITTAPI function not implemented: __itt_suppress_clear_range
3654 : 0x4a488159878e5 : 2 : ittapi_config_apply_per_lib :  ITTAPI function NOT instrumented (not matched by --itt-config option): __itt_sync_prepare

3654 : 0x4a48815987cd6 : 2 : ittapi_config_apply_per_lib :  ITTAPI function NOT instrumented (not matched by --itt-config option): __itt_sync_cancel

3654 : 0x4a488159880ab : 2 : ittapi_config_apply_per_lib :  ITTAPI function NOT instrumented (not matched by --itt-config option): __itt_sync_acquired

3654 : 0x4a488159f522b : 2 : ittapi_config_apply_per_lib :  ITTAPI function NOT instrumented (not matched by --itt-config option): __itt_sync_releasing

3654 : 0x4a488159f63b7 : 2 : ittapi_config_apply_per_lib :  ITTAPI function not implemented: __itt_model_site_begin
3654 : 0x4a488159f6af7 : 2 : ittapi_config_apply_per_lib :  ITTAPI function not implemented: __itt_model_site_end
3654 : 0x4a488159f71d9 : 2 : ittapi_config_apply_per_lib :  ITTAPI function not implemented: __itt_model_task_begin
3654 : 0x4a488159f7845 : 2 : ittapi_config_apply_per_lib :  ITTAPI function not implemented: __itt_model_task_end
3654 : 0x4a488159f7e63 : 2 : ittapi_config_apply_per_lib :  ITTAPI function not implemented: __itt_model_lock_acquire
3654 : 0x4a488159f84d5 : 2 : ittapi_config_apply_per_lib :  ITTAPI function not implemented: __itt_model_lock_release
3654 : 0x4a488159f8b83 : 2 : ittapi_config_apply_per_lib :  ITTAPI function not implemented: __itt_model_record_allocation
3654 : 0x4a488159f9229 : 2 : ittapi_config_apply_per_lib :  ITTAPI function not implemented: __itt_model_record_deallocation
3654 : 0x4a488159f98ce : 2 : ittapi_config_apply_per_lib :  ITTAPI function not implemented: __itt_model_induction_uses
3654 : 0x4a48815a80971 : 2 : ittapi_config_apply_per_lib :  ITTAPI function not implemented: __itt_model_reduction_uses
3654 : 0x4a48815a815ba : 2 : ittapi_config_apply_per_lib :  ITTAPI function not implemented: __itt_model_observe_uses
3654 : 0x4a48815a81c72 : 2 : ittapi_config_apply_per_lib :  ITTAPI function not implemented: __itt_model_clear_uses
3654 : 0x4a48815a82367 : 2 : ittapi_config_apply_per_lib :  ITTAPI function not implemented: __itt_model_site_beginA
3654 : 0x4a48815a82a18 : 2 : ittapi_config_apply_per_lib :  ITTAPI function not implemented: __itt_model_site_beginAL
3654 : 0x4a48815a830a9 : 2 : ittapi_config_apply_per_lib :  ITTAPI function not implemented: __itt_model_task_beginA
3654 : 0x4a48815a83733 : 2 : ittapi_config_apply_per_lib :  ITTAPI function not implemented: __itt_model_task_beginAL
3654 : 0x4a48815a83dc5 : 2 : ittapi_config_apply_per_lib :  ITTAPI function not implemented: __itt_model_iteration_taskA
3654 : 0x4a48815a844a4 : 2 : ittapi_config_apply_per_lib :  ITTAPI function not implemented: __itt_model_iteration_taskAL
3654 : 0x4a48815a84b27 : 2 : ittapi_config_apply_per_lib :  ITTAPI function not implemented: __itt_model_site_end_2
3654 : 0x4a48815af0a6a : 2 : ittapi_config_apply_per_lib :  ITTAPI function not implemented: __itt_model_task_end_2
3654 : 0x4a48815af17a5 : 2 : ittapi_config_apply_per_lib :  ITTAPI function not implemented: __itt_model_lock_acquire_2
3654 : 0x4a48815af1ede : 2 : ittapi_config_apply_per_lib :  ITTAPI function not implemented: __itt_model_lock_release_2
3654 : 0x4a48815af2558 : 2 : ittapi_config_apply_per_lib :  ITTAPI function not implemented: __itt_model_aggregate_task
3654 : 0x4a48815af2bb4 : 2 : ittapi_config_apply_per_lib :  ITTAPI function not implemented: __itt_model_disable_push
3654 : 0x4a48815af321a : 2 : ittapi_config_apply_per_lib :  ITTAPI function not implemented: __itt_model_disable_pop
3654 : 0x4a48815af38d9 : 2 : ittapi_config_apply_per_lib :  ITTAPI function not implemented: __itt_heap_function_create
3654 : 0x4a48815af3fc1 : 2 : ittapi_config_apply_per_lib :  ITTAPI function not implemented: __itt_heap_allocate_begin
3654 : 0x4a48815af4628 : 2 : ittapi_config_apply_per_lib :  ITTAPI function not implemented: __itt_heap_allocate_end
3654 : 0x4a48815af4d35 : 2 : ittapi_config_apply_per_lib :  ITTAPI function not implemented: __itt_heap_free_begin
3654 : 0x4a48815b5eccf : 2 : ittapi_config_apply_per_lib :  ITTAPI function not implemented: __itt_heap_free_end
3654 : 0x4a48815b5f91d : 2 : ittapi_config_apply_per_lib :  ITTAPI function not implemented: __itt_heap_reallocate_begin
3654 : 0x4a48815b5ffad : 2 : ittapi_config_apply_per_lib :  ITTAPI function not implemented: __itt_heap_reallocate_end
3654 : 0x4a48815b606ae : 2 : ittapi_config_apply_per_lib :  ITTAPI function not implemented: __itt_heap_internal_access_begin
3654 : 0x4a48815b60da9 : 2 : ittapi_config_apply_per_lib :  ITTAPI function not implemented: __itt_heap_internal_access_end
3654 : 0x4a48815b6149c : 2 : ittapi_config_apply_per_lib :  ITTAPI function not implemented: __itt_heap_record_memory_growth_begin
3654 : 0x4a48815b61b8a : 2 : ittapi_config_apply_per_lib :  ITTAPI function not implemented: __itt_heap_record_memory_growth_end
3654 : 0x4a48815b62245 : 2 : ittapi_config_apply_per_lib :  ITTAPI function not implemented: __itt_heap_reset_detection
3654 : 0x4a48815b628a8 : 2 : ittapi_config_apply_per_lib :  ITTAPI function not implemented: __itt_heap_record
3654 : 0x4a48815b62f12 : 2 : ittapi_config_apply_per_lib :  ITTAPI function not implemented: __itt_id_create
3654 : 0x4a48815bcfe4e : 2 : ittapi_config_apply_per_lib :  ITTAPI function not implemented: __itt_id_destroy
3654 : 0x4a48815bd09e9 : 2 : ittapi_config_apply_per_lib :  ITTAPI function instrumented: __itt_get_timestamp
3654 : 0x4a48815bd1030 : 2 : ittapi_config_apply_per_lib :  ITTAPI function not implemented: __itt_region_begin
3654 : 0x4a48815bd1657 : 2 : ittapi_config_apply_per_lib :  ITTAPI function not implemented: __itt_region_end
3654 : 0x4a48815bd1beb : 2 : ittapi_config_apply_per_lib :  ITTAPI function instrumented: __itt_frame_begin_v3
3654 : 0x4a48815bd214f : 2 : ittapi_config_apply_per_lib :  ITTAPI function instrumented: __itt_frame_end_v3
3654 : 0x4a48815bd26a6 : 2 : ittapi_config_apply_per_lib :  ITTAPI function instrumented: __itt_frame_submit_v3
3654 : 0x4a48815bd2ab8 : 2 : ittapi_config_apply_per_lib :  ITTAPI function NOT instrumented (not matched by --itt-config option): __itt_task_group

3654 : 0x4a48815bd2ee7 : 2 : ittapi_config_apply_per_lib :  ITTAPI function NOT instrumented (not matched by --itt-config option): __itt_task_begin

3654 : 0x4a48815bd32de : 2 : ittapi_config_apply_per_lib :  ITTAPI function NOT instrumented (not matched by --itt-config option): __itt_task_begin_fn

3654 : 0x4a48815c4eec7 : 2 : ittapi_config_apply_per_lib :  ITTAPI function NOT instrumented (not matched by --itt-config option): __itt_task_end

3654 : 0x4a48815c4fe3b : 2 : ittapi_config_apply_per_lib :  ITTAPI function not implemented: __itt_counter_inc_v3
3654 : 0x4a48815c5060a : 2 : ittapi_config_apply_per_lib :  ITTAPI function not implemented: __itt_counter_inc_delta_v3
3654 : 0x4a48815c50ca5 : 2 : ittapi_config_apply_per_lib :  ITTAPI function not implemented: __itt_marker
3654 : 0x4a48815c512a8 : 2 : ittapi_config_apply_per_lib :  ITTAPI function instrumented: __itt_metadata_add
3654 : 0x4a48815c5196b : 2 : ittapi_config_apply_per_lib :  ITTAPI function not implemented: __itt_metadata_str_add
3654 : 0x4a48815c52016 : 2 : ittapi_config_apply_per_lib :  ITTAPI function not implemented: __itt_relation_add_to_current
3654 : 0x4a48815c52656 : 2 : ittapi_config_apply_per_lib :  ITTAPI function not implemented: __itt_relation_add
3654 : 0x4a48815c52bb2 : 2 : ittapi_config_apply_per_lib :  ITTAPI function instrumented: __itt_event_create
3654 : 0x4a48815c52f75 : 2 : ittapi_config_apply_per_lib :  ITTAPI function NOT instrumented (not matched by --itt-config option): __itt_event_start

3654 : 0x4a48815cbcdf6 : 2 : ittapi_config_apply_per_lib :  ITTAPI function NOT instrumented (not matched by --itt-config option): __itt_event_end

3654 : 0x4a48815cbd75b : 2 : ittapi_config_apply_per_lib :  ITTAPI function NOT instrumented (not matched by --itt-config option): __itt_sync_set_name

3654 : 0x4a48815cbdfcd : 2 : ittapi_config_apply_per_lib :  ITTAPI function instrumented: __itt_notify_sync_name
3654 : 0x4a48815cbe52a : 2 : ittapi_config_apply_per_lib :  ITTAPI function instrumented: __itt_notify_sync_prepare
3654 : 0x4a48815cbea61 : 2 : ittapi_config_apply_per_lib :  ITTAPI function instrumented: __itt_notify_sync_cancel
3654 : 0x4a48815cbf02a : 2 : ittapi_config_apply_per_lib :  ITTAPI function instrumented: __itt_notify_sync_acquired
3654 : 0x4a48815cbf529 : 2 : ittapi_config_apply_per_lib :  ITTAPI function instrumented: __itt_notify_sync_releasing
3654 : 0x4a48815cbfe0a : 2 : ittapi_config_apply_per_lib :  ITTAPI function not implemented: __itt_memory_read
3654 : 0x4a48815cc04e0 : 2 : ittapi_config_apply_per_lib :  ITTAPI function not implemented: __itt_memory_write
3654 : 0x4a48815cc0b1e : 2 : ittapi_config_apply_per_lib :  ITTAPI function not implemented: __itt_memory_update
3654 : 0x4a48815d3bae8 : 2 : ittapi_config_apply_per_lib :  ITTAPI function not implemented: __itt_state_get
3654 : 0x4a48815d3c5ba : 2 : ittapi_config_apply_per_lib :  ITTAPI function not implemented: __itt_state_set
3654 : 0x4a48815d3cbe0 : 2 : ittapi_config_apply_per_lib :  ITTAPI function not implemented: __itt_obj_mode_set
3654 : 0x4a48815d3d21f : 2 : ittapi_config_apply_per_lib :  ITTAPI function not implemented: __itt_thr_mode_set
3654 : 0x4a48815d3d7d3 : 2 : ittapi_config_apply_per_lib :  ITTAPI function instrumented: __itt_frame_create
3654 : 0x4a48815d3ddb5 : 2 : ittapi_config_apply_per_lib :  ITTAPI function instrumented: __itt_frame_begin
3654 : 0x4a48815d3e335 : 2 : ittapi_config_apply_per_lib :  ITTAPI function instrumented: __itt_frame_end
3654 : 0x4a48815d3e99d : 2 : ittapi_config_apply_per_lib :  ITTAPI function not implemented: __itt_counter_create
3654 : 0x4a48815d3efe7 : 2 : ittapi_config_apply_per_lib :  ITTAPI function not implemented: __itt_counter_destroy
3654 : 0x4a48815d3f5f8 : 2 : ittapi_config_apply_per_lib :  ITTAPI function not implemented: __itt_counter_inc
3654 : 0x4a48815daf7e4 : 2 : ittapi_config_apply_per_lib :  ITTAPI function not implemented: __itt_counter_inc_delta
3654 : 0x4a48815db0401 : 2 : ittapi_config_apply_per_lib :  ITTAPI function not implemented: __itt_mark_create
3654 : 0x4a48815db0a7e : 2 : ittapi_config_apply_per_lib :  ITTAPI function not implemented: __itt_mark
3654 : 0x4a48815db1187 : 2 : ittapi_config_apply_per_lib :  ITTAPI function not implemented: __itt_mark_off
3654 : 0x4a48815db1819 : 2 : ittapi_config_apply_per_lib :  ITTAPI function not implemented: __itt_mark_global
3654 : 0x4a48815db1e7a : 2 : ittapi_config_apply_per_lib :  ITTAPI function not implemented: __itt_mark_global_off
3654 : 0x4a48815db2464 : 2 : ittapi_config_apply_per_lib :  ITTAPI function instrumented: __itt_stack_caller_create
3654 : 0x4a48815db29ad : 2 : ittapi_config_apply_per_lib :  ITTAPI function instrumented: __itt_stack_caller_destroy
3654 : 0x4a48815db2ef6 : 2 : ittapi_config_apply_per_lib :  ITTAPI function instrumented: __itt_stack_callee_enter
3654 : 0x4a48815db3449 : 2 : ittapi_config_apply_per_lib :  ITTAPI function instrumented: __itt_stack_callee_leave
3654 : 0x4a48815e1d2d0 : 2 : ittapi_config_apply_per_lib :  ITTAPI function not implemented: __itt_clock_domain_create
3654 : 0x4a48815e1deec : 2 : ittapi_config_apply_per_lib :  ITTAPI function not implemented: __itt_clock_domain_reset
3654 : 0x4a48815e1e52c : 2 : ittapi_config_apply_per_lib :  ITTAPI function not implemented: __itt_id_create_ex
3654 : 0x4a48815e1eba3 : 2 : ittapi_config_apply_per_lib :  ITTAPI function not implemented: __itt_id_destroy_ex
3654 : 0x4a48815e1efb4 : 2 : ittapi_config_apply_per_lib :  ITTAPI function NOT instrumented (not matched by --itt-config option): __itt_task_begin_ex

3654 : 0x4a48815e1f3b9 : 2 : ittapi_config_apply_per_lib :  ITTAPI function NOT instrumented (not matched by --itt-config option): __itt_task_begin_fn_ex

3654 : 0x4a48815e1f7c0 : 2 : ittapi_config_apply_per_lib :  ITTAPI function NOT instrumented (not matched by --itt-config option): __itt_task_end_ex

3654 : 0x4a48815e1fb84 : 2 : ittapi_config_apply_per_lib :  ITTAPI function NOT instrumented (not matched by --itt-config option): __itt_task_begin_overlapped

3654 : 0x4a48815e1ff6d : 2 : ittapi_config_apply_per_lib :  ITTAPI function NOT instrumented (not matched by --itt-config option): __itt_task_begin_overlapped_ex

3654 : 0x4a48815e20363 : 2 : ittapi_config_apply_per_lib :  ITTAPI function NOT instrumented (not matched by --itt-config option): __itt_task_end_overlapped

3654 : 0x4a48815e8ed64 : 2 : ittapi_config_apply_per_lib :  ITTAPI function NOT instrumented (not matched by --itt-config option): __itt_task_end_overlapped_ex

3654 : 0x4a48815e8ff9c : 2 : ittapi_config_apply_per_lib :  ITTAPI function not implemented: __itt_marker_ex
3654 : 0x4a48815e90708 : 2 : ittapi_config_apply_per_lib :  ITTAPI function not implemented: __itt_metadata_add_with_scope
3654 : 0x4a48815e90e4d : 2 : ittapi_config_apply_per_lib :  ITTAPI function not implemented: __itt_metadata_str_add_with_scope
3654 : 0x4a48815e915b7 : 2 : ittapi_config_apply_per_lib :  ITTAPI function not implemented: __itt_relation_add_to_current_ex
3654 : 0x4a48815e91c9d : 2 : ittapi_config_apply_per_lib :  ITTAPI function not implemented: __itt_relation_add_ex
3654 : 0x4a48815e923ae : 2 : ittapi_config_apply_per_lib :  ITTAPI function not implemented: __itt_track_group_create
3654 : 0x4a48815e92a3f : 2 : ittapi_config_apply_per_lib :  ITTAPI function not implemented: __itt_track_create
3654 : 0x4a48815e930ad : 2 : ittapi_config_apply_per_lib :  ITTAPI function not implemented: __itt_set_track
3654 : 0x4a48815e935d9 : 2 : ittapi_config_apply_per_lib :  ITTAPI function instrumented: __itt_api_version
3654 : 0x4a48815f08b5b : 2 : ittapi_config_apply_per_lib :  ITTAPI function not implemented: __itt_av_save