
34603 : 0x4e9ceaa3fbcdd : 4 : __ittapi_collector_init :  pthread_atfork() result: 0
34603 : 0x4e9ceaa405f80 : 2 : ittapi_config_mask_get :  --itt-config mask to be applied: 17
34603 : 0x4e9ceaa40802c : 2 : ittapi_config_apply_per_lib :  ITTAPI function instrumented: __itt_domain_create
34603 : 0x4e9ceaa4087b1 : 2 : ittapi_config_apply_per_lib :  ITTAPI function instrumented: __itt_string_handle_create
34603 : 0x4e9ceaa408e53 : 2 : ittapi_config_apply_per_lib :  ITTAPI function instrumented: __itt_pause
34603 : 0x4e9ceaa4094cb : 2 : ittapi_config_apply_per_lib :  ITTAPI function instrumented: __itt_resume
34603 : 0x4e9ceaa409ba1 : 2 : ittapi_config_apply_per_lib :  ITTAPI function instrumented: __itt_thread_set_name
34603 : 0x4e9ceaa40a127 : 2 : ittapi_config_apply_per_lib :  ITTAPI function instrumented: __itt_thread_ignore
34603 : 0x4e9ceaa40a7bd : 2 : ittapi_config_apply_per_lib :  ITTAPI function instrumented: __itt_thr_name_set
34603 : 0x4e9ceaa40ad05 : 2 : ittapi_config_apply_per_lib :  ITTAPI function instrumented: __itt_thr_ignore
34603 : 0x4e9ceaa55924e : 2 : ittapi_config_apply_per_lib :  ITTAPI function not implemented: __itt_enable_attach
34603 : 0x4e9ceaa55a1a2 : 2 : ittapi_config_apply_per_lib :  ITTAPI function NOT instrumented (not matched by --itt-config option): __itt_sync_create

34603 : 0x4e9ceaa55a76a : 2 : ittapi_config_apply_per_lib :  ITTAPI function NOT instrumented (not matched by --itt-config option): __itt_sync_rename

34603 : 0x4e9ceaa55abb7 : 2 : ittapi_config_apply_per_lib :  ITTAPI function NOT instrumented (not matched by --itt-config option): __itt_sync_destroy

34603 : 0x4e9ceaa55afea : 2 : ittapi_config_apply_per_lib :  ITTAPI function NOT instrumented (not matched by --itt-config option): __itt_sync_prepare

34603 : 0x4e9ceaa55b3d6 : 2 : ittapi_config_apply_per_lib :  ITTAPI function NOT instrumented (not matched by --itt-config option): __itt_sync_cancel

34603 : 0x4e9ceaa55b7ae : 2 : ittapi_config_apply_per_lib :  ITTAPI function NOT instrumented (not matched by --itt-config option): __itt_sync_acquired

34603 : 0x4e9ceaa55bbaa : 2 : ittapi_config_apply_per_lib :  ITTAPI function NOT instrumented (not matched by --itt-config option): __itt_sync_releasing

34603 : 0x4e9ceaa55cb06 : 2 : ittapi_config_apply_per_lib :  ITTAPI function not implemented: __itt_suppress_push
34603 : 0x4e9ceaa55d326 : 2 : ittapi_config_apply_per_lib :  ITTAPI function not implemented: __itt_suppress_pop
34603 : 0x4e9ceaa5fb800 : 2 : ittapi_config_apply_per_lib :  ITTAPI function not implemented: __itt_suppress_mark_range
34603 : 0x4e9ceaa5fc6e6 : 2 : ittapi_config_apply_per_lib :  ITTAPI function not implemented: __itt_suppress_clear_range
34603 : 0x4e9ceaa5fcb7a : 2 : ittapi_config_apply_per_lib :  ITTAPI function NOT instrumented (not matched by --itt-config option): __itt_sync_prepare

34603 : 0x4e9ceaa5fcf96 : 2 : ittapi_config_apply_per_lib :  ITTAPI function NOT instrumented (not matched by --itt-config option): __itt_sync_cancel

34603 : 0x4e9ceaa5fd380 : 2 : ittapi_config_apply_per_lib :  ITTAPI function NOT instrumented (not matched by --itt-config option): __itt_sync_acquired

34603 : 0x4e9ceaa5fd775 : 2 : ittapi_config_apply_per_lib :  ITTAPI function NOT instrumented (not matched by --itt-config option): __itt_sync_releasing

34603 : 0x4e9ceaa5fde98 : 2 : ittapi_config_apply_per_lib :  ITTAPI function not implemented: __itt_model_site_begin
34603 : 0x4e9ceaa5fe565 : 2 : ittapi_config_apply_per_lib :  ITTAPI function not implemented: __itt_model_site_end
34603 : 0x4e9ceaa5fec2c : 2 : ittapi_config_apply_per_lib :  ITTAPI function not implemented: __itt_model_task_begin
34603 : 0x4e9ceaa5ff784 : 2 : ittapi_config_apply_per_lib :  ITTAPI function not implemented: __itt_model_task_end
34603 : 0x4e9ceaa69f0c4 : 2 : ittapi_config_apply_per_lib :  ITTAPI function not implemented: __itt_model_lock_acquire
34603 : 0x4e9ceaa69fed1 : 2 : ittapi_config_apply_per_lib :  ITTAPI function not implemented: __itt_model_lock_release
34603 : 0x4e9ceaa6a05fe : 2 : ittapi_config_apply_per_lib :  ITTAPI function not implemented: __itt_model_record_allocation
34603 : 0x4e9ceaa6a0d34 : 2 : ittapi_config_apply_per_lib :  ITTAPI function not implemented: __itt_model_record_deallocation
34603 : 0x4e9ceaa6a13c8 : 2 : ittapi_config_apply_per_lib :  ITTAPI function not implemented: __itt_model_induction_uses
34603 : 0x4e9ceaa6a1ac1 : 2 : ittapi_config_apply_per_lib :  ITTAPI function not implemented: __itt_model_reduction_uses
34603 : 0x4e9ceaa6a2165 : 2 : ittapi_config_apply_per_lib :  ITTAPI function not implemented: __itt_model_observe_uses
34603 : 0x4e9ceaa6a2827 : 2 : ittapi_config_apply_per_lib :  ITTAPI function not implemented: __itt_model_clear_uses
34603 : 0x4e9ceaa6a2f20 : 2 : ittapi_config_apply_per_lib :  ITTAPI function not implemented: __itt_model_site_beginA
34603 : 0x4e9ceaa6a35d1 : 2 : ittapi_config_apply_per_lib :  ITTAPI function not implemented: __itt_model_site_beginAL
34603 : 0x4e9ceaa71b454 : 2 : ittapi_config_apply_per_lib :  ITTAPI function not implemented: __itt_model_task_beginA
34603 : 0x4e9ceaa71c203 : 2 : ittapi_config_apply_per_lib :  ITTAPI function not implemented: __itt_model_task_beginAL
34603 : 0x4e9ceaa71c933 : 2 : ittapi_config_apply_per_lib :  ITTAPI function not implemented: __itt_model_iteration_taskA
34603 : 0x4e9ceaa71d029 : 2 : ittapi_config_apply_per_lib :  ITTAPI function not implemented: __itt_model_iteration_taskAL
34603 : 0x4e9ceaa71d679 : 2 : ittapi_config_apply_per_lib :  ITTAPI function not implemented: __itt_model_site_end_2
34603 : 0x4e9ceaa71dc4b : 2 : ittapi_config_apply_per_lib :  ITTAPI function not implemented: __itt_model_task_end_2
34603 : 0x4e9ceaa71e347 : 2 : ittapi_config_apply_per_lib :  ITTAPI function not implemented: __itt_model_lock_acquire_2
34603 : 0x4e9ceaa71ea2e : 2 : ittapi_config_apply_per_lib :  ITTAPI function not implemented: __itt_model_lock_release_2
34603 : 0x4e9ceaa71f075 : 2 : ittapi_config_apply_per_lib :  ITTAPI function not implemented: __itt_model_aggregate_task
34603 : 0x4e9ceaa71f6d5 : 2 : ittapi_config_apply_per_lib :  ITTAPI function not implemented: __itt_model_disable_push
34603 : 0x4e9ceaa78b128 : 2 : ittapi_config_apply_per_lib :  ITTAPI function not implemented: __itt_model_disable_pop
34603 : 0x4e9ceaa78bedf : 2 : ittapi_config_apply_per_lib :  ITTAPI function not implemented: __itt_heap_function_create
34603 : 0x4e9ceaa78c5f3 : 2 : ittapi_config_apply_per_lib :  ITTAPI function not implemented: __itt_heap_allocate_begin
34603 : 0x4e9ceaa78cca9 : 2 : ittapi_config_apply_per_lib :  ITTAPI function not implemented: __itt_heap_allocate_end
34603 : 0x4e9ceaa78d3a7 : 2 : ittapi_config_apply_per_lib :  ITTAPI function not implemented: __itt_heap_free_begin
34603 : 0x4e9ceaa78da0f : 2 : ittapi_config_apply_per_lib :  ITTAPI function not implemented: __itt_heap_free_end
34603 : 0x4e9ceaa78e0d0 : 2 : ittapi_config_apply_per_lib :  ITTAPI function not implemented: __itt_heap_reallocate_begin
34603 : 0x4e9ceaa78e707 : 2 : ittapi_config_apply_per_lib :  ITTAPI function not implemented: __itt_heap_reallocate_end
34603 : 0x4e9ceaa78ee43 : 2 : ittapi_config_apply_per_lib :  ITTAPI function not implemented: __itt_heap_internal_access_begin
34603 : 0x4e9ceaa78f573 : 2 : ittapi_config_apply_per_lib :  ITTAPI function not implemented: __itt_heap_internal_access_end
34603 : 0x4e9ceaa7ff92a : 2 : ittapi_config_apply_per_lib :  ITTAPI function not implemented: __itt_heap_record_memory_growth_begin
34603 : 0x4e9ceaa800661 : 2 : ittapi_config_apply_per_lib :  ITTAPI function not implemented: __itt_heap_record_memory_growth_end
34603 : 0x4e9ceaa800d2c : 2 : ittapi_config_apply_per_lib :  ITTAPI function not implemented: __itt_heap_reset_detection
34603 : 0x4e9ceaa8013cc : 2 : ittapi_config_apply_per_lib :  ITTAPI function not implemented: __itt_heap_record
34603 : 0x4e9ceaa801a5d : 2 : ittapi_config_apply_per_lib :  ITTAPI function not implemented: __itt_id_create
34603 : 0x4e9ceaa80209d : 2 : ittapi_config_apply_per_lib :  ITTAPI function not implemented: __itt_id_destroy
34603 : 0x4e9ceaa8026de : 2 : ittapi_config_apply_per_lib :  ITTAPI function instrumented: __itt_get_timestamp
34603 : 0x4e9ceaa802d6e : 2 : ittapi_config_apply_per_lib :  ITTAPI function not implemented: __itt_region_begin
34603 : 0x4e9ceaa803347 : 2 : ittapi_config_apply_per_lib :  ITTAPI function not implemented: __itt_region_end
34603 : 0x4e9ceaa8038b1 : 2 : ittapi_config_apply_per_lib :  ITTAPI function instrumented: __itt_frame_begin_v3
34603 : 0x4e9ceaa878fda : 2 : ittapi_config_apply_per_lib :  ITTAPI function instrumented: __itt_frame_end_v3
34603 : 0x4e9ceaa879b20 : 2 : ittapi_config_apply_per_lib :  ITTAPI function instrumented: __itt_frame_submit_v3
34603 : 0x4e9ceaa879f86 : 2 : ittapi_config_apply_per_lib :  ITTAPI function NOT instrumented (not matched by --itt-config option): __itt_task_group

34603 : 0x4e9ceaa87a3c2 : 2 : ittapi_config_apply_per_lib :  ITTAPI function NOT instrumented (not matched by --itt-config option): __itt_task_begin

34603 : 0x4e9ceaa87a78c : 2 : ittapi_config_apply_per_lib :  ITTAPI function NOT instrumented (not matched by --itt-config option): __itt_task_begin_fn

34603 : 0x4e9ceaa87ab7b : 2 : ittapi_config_apply_per_lib :  ITTAPI function NOT instrumented (not matched by --itt-config option): __itt_task_end

34603 : 0x4e9ceaa87b3c6 : 2 : ittapi_config_apply_per_lib :  ITTAPI function not implemented: __itt_counter_inc_v3
34603 : 0x4e9ceaa87bb31 : 2 : ittapi_config_apply_per_lib :  ITTAPI function not implemented: __itt_counter_inc_delta_v3
34603 : 0x4e9ceaa87c1aa : 2 : ittapi_config_apply_per_lib :  ITTAPI function not implemented: __itt_marker
34603 : 0x4e9ceaa87c73b : 2 : ittapi_config_apply_per_lib :  ITTAPI function instrumented: __itt_metadata_add
34603 : 0x4e9ceaa8ead5c : 2 : ittapi_config_apply_per_lib :  ITTAPI function not implemented: __itt_metadata_str_add
34603 : 0x4e9ceaa8ebba2 : 2 : ittapi_config_apply_per_lib :  ITTAPI function not implemented: __itt_relation_add_to_current
34603 : 0x4e9ceaa8ec23b : 2 : ittapi_config_apply_per_lib :  ITTAPI function not implemented: __itt_relation_add
34603 : 0x4e9ceaa8ec7f5 : 2 : ittapi_config_apply_per_lib :  ITTAPI function instrumented: __itt_event_create
34603 : 0x4e9ceaa8ecbeb : 2 : ittapi_config_apply_per_lib :  ITTAPI function NOT instrumented (not matched by --itt-config option): __itt_event_start

34603 : 0x4e9ceaa8ecfe8 : 2 : ittapi_config_apply_per_lib :  ITTAPI function NOT instrumented (not matched by --itt-config option): __itt_event_end

34603 : 0x4e9ceaa8ed3fc : 2 : ittapi_config_apply_per_lib :  ITTAPI function NOT instrumented (not matched by --itt-config option): __itt_sync_set_name

34603 : 0x4e9ceaa8ed8f8 : 2 : ittapi_config_apply_per_lib :  ITTAPI function instrumented: __itt_notify_sync_name
34603 : 0x4e9ceaa8ede38 : 2 : ittapi_config_apply_per_lib :  ITTAPI function instrumented: __itt_notify_sync_prepare
34603 : 0x4e9ceaa8ee36c : 2 : ittapi_config_apply_per_lib :  ITTAPI function instrumented: __itt_notify_sync_cancel
34603 : 0x4e9ceaa95d870 : 2 : ittapi_config_apply_per_lib :  ITTAPI function instrumented: __itt_notify_sync_acquired
34603 : 0x4e9ceaa95e2f4 : 2 : ittapi_config_apply_per_lib :  ITTAPI function instrumented: __itt_notify_sync_releasing
34603 : 0x4e9ceaa95eafe : 2 : ittapi_config_apply_per_lib :  ITTAPI function not implemented: __itt_memory_read
34603 : 0x4e9ceaa95f20f : 2 : ittapi_config_apply_per_lib :  ITTAPI function not implemented: __itt_memory_write
34603 : 0x4e9ceaa95f877 : 2 : ittapi_config_apply_per_lib :  ITTAPI function not implemented: __itt_memory_update
34603 : 0x4e9ceaa95fef7 : 2 : ittapi_config_apply_per_lib :  ITTAPI function not implemented: __itt_state_get
34603 : 0x4e9ceaa9604e8 : 2 : ittapi_config_apply_per_lib :  ITTAPI function not implemented: __itt_state_set
34603 : 0x4e9ceaa960b11 : 2 : ittapi_config_apply_per_lib :  ITTAPI function not implemented: __itt_obj_mode_set
34603 : 0x4e9ceaa961142 : 2 : ittapi_config_apply_per_lib :  ITTAPI function not implemented: __itt_thr_mode_set
34603 : 0x4e9ceaa961686 : 2 : ittapi_config_apply_per_lib :  ITTAPI function instrumented: __itt_frame_create
34603 : 0x4e9ceaa9d7f22 : 2 : ittapi_config_apply_per_lib :  ITTAPI function instrumented: __itt_frame_begin
34603 : 0x4e9ceaa9d8a19 : 2 : ittapi_config_apply_per_lib :  ITTAPI function instrumented: __itt_frame_end
34603 : 0x4e9ceaa9d930c : 2 : ittapi_config_apply_per_lib :  ITTAPI function not implemented: __itt_counter_create
34603 : 0x4e9ceaa9d9a27 : 2 : ittapi_config_apply_per_lib :  ITTAPI function not implemented: __itt_counter_destroy
34603 : 0x4e9ceaa9da072 : 2 : ittapi_config_apply_per_lib :  ITTAPI function not implemented: __itt_counter_inc
34603 : 0x4e9ceaa9da7e5 : 2 : ittapi_config_apply_per_lib :  ITTAPI function not implemented: __itt_counter_inc_delta
34603 : 0x4e9ceaa9dae1d : 2 : ittapi_config_apply_per_lib :  ITTAPI function not implemented: __itt_mark_create
34603 : 0x4e9ceaa9db422 : 2 : ittapi_config_apply_per_lib :  ITTAPI function not implemented: __itt_mark
34603 : 0x4e9ceaa9dbb31 : 2 : ittapi_config_apply_per_lib :  ITTAPI function not implemented: __itt_mark_off
34603 : 0x4e9ceaa9dc1a5 : 2 : ittapi_config_apply_per_lib :  ITTAPI function not implemented: __itt_mark_global
34603 : 0x4e9ceaaa4e6fe : 2 : ittapi_config_apply_per_lib :  ITTAPI function not implemented: __itt_mark_global_off
34603 : 0x4e9ceaaa4f2c7 : 2 : ittapi_config_apply_per_lib :  ITTAPI function instrumented: __itt_stack_caller_create
34603 : 0x4e9ceaaa4f88b : 2 : ittapi_config_apply_per_lib :  ITTAPI function instrumented: __itt_stack_caller_destroy
34603 : 0x4e9ceaaa4fe1c : 2 : ittapi_config_apply_per_lib :  ITTAPI function instrumented: __itt_stack_callee_enter
34603 : 0x4e9ceaaa5036c : 2 : ittapi_config_apply_per_lib :  ITTAPI function instrumented: __itt_stack_callee_leave
34603 : 0x4e9ceaaa509f9 : 2 : ittapi_config_apply_per_lib :  ITTAPI function not implemented: __itt_clock_domain_create
34603 : 0x4e9ceaaa510c3 : 2 : ittapi_config_apply_per_lib :  ITTAPI function not implemented: __itt_clock_domain_reset
34603 : 0x4e9ceaaa516f6 : 2 : ittapi_config_apply_per_lib :  ITTAPI function not implemented: __itt_id_create_ex
34603 : 0x4e9ceaaa51d29 : 2 : ittapi_config_apply_per_lib :  ITTAPI function not implemented: __itt_id_destroy_ex
34603 : 0x4e9ceaaa52122 : 2 : ittapi_config_apply_per_lib :  ITTAPI function NOT instrumented (not matched by --itt-config option): __itt_task_begin_ex

34603 : 0x4e9ceaaac10cd : 2 : ittapi_config_apply_per_lib :  ITTAPI function NOT instrumented (not matched by --itt-config option): __itt_task_begin_fn_ex

34603 : 0x4e9ceaaac1ac7 : 2 : ittapi_config_apply_per_lib :  ITTAPI function NOT instrumented (not matched by --itt-config option): __itt_task_end_ex

34603 : 0x4e9ceaaac1ec9 : 2 : ittapi_config_apply_per_lib :  ITTAPI function NOT instrumented (not matched by --itt-config option): __itt_task_begin_overlapped

34603 : 0x4e9ceaaac22c6 : 2 : ittapi_config_apply_per_lib :  ITTAPI function NOT instrumented (not matched by --itt-config option): __itt_task_begin_overlapped_ex

34603 : 0x4e9ceaaac26c2 : 2 : ittapi_config_apply_per_lib :  ITTAPI function NOT instrumented (not matched by --itt-config option): __itt_task_end_overlapped

34603 : 0x4e9ceaaac2ac7 : 2 : ittapi_config_apply_per_lib :  ITTAPI function NOT instrumented (not matched by --itt-config option): __itt_task_end_overlapped_ex

34603 : 0x4e9ceaaac37a0 : 2 : ittapi_config_apply_per_lib :  ITTAPI function not implemented: __itt_marker_ex
34603 : 0x4e9ceaaac3eea : 2 : ittapi_config_apply_per_lib :  ITTAPI function not implemented: __itt_metadata_add_with_scope
34603 : 0x4e9ceaaac462f : 2 : ittapi_config_apply_per_lib :  ITTAPI function not implemented: __itt_metadata_str_add_with_scope
34603 : 0x4e9ceaaac4d96 : 2 : ittapi_config_apply_per_lib :  ITTAPI function not implemented: __itt_relation_add_to_current_ex
34603 : 0x4e9ceaab34d27 : 2 : ittapi_config_apply_per_lib :  ITTAPI function not implemented: __itt_relation_add_ex
34603 : 0x4e9ceaab359fe : 2 : ittapi_config_apply_per_lib :  ITTAPI function not implemented: __itt_track_group_create
34603 : 0x4e9ceaab36075 : 2 : ittapi_config_apply_per_lib :  ITTAPI function not implemented: __itt_track_create
34603 : 0x4e9ceaab366cd : 2 : ittapi_config_apply_per_lib :  ITTAPI function not implemented: __itt_set_track
34603 : 0x4e9ceaab36c14 : 2 : ittapi_config_apply_per_lib :  ITTAPI function instrumented: __itt_api_version
34603 : 0x4e9ceaab37268 : 2 : ittapi_config_apply_per_lib :  ITTAPI function not implemented: __itt_av_save
34603 : 0x4e9ceaab61615 : 2 : ittapi_config_mask_get :  --itt-config mask to be applied: 17
34603 : 0x4e9ceaab621e2 : 2 : ittapi_config_apply_per_lib :  ITTAPI function instrumented: __itt_domain_create
34603 : 0x4e9ceaab627a0 : 2 : ittapi_config_apply_per_lib :  ITTAPI function instrumented: __itt_string_handle_create
34603 : 0x4e9ceaab62d6b : 2 : ittapi_config_apply_per_lib :  ITTAPI function instrumented: __itt_pause
34603 : 0x4e9ceaabfbc3b : 2 : ittapi_config_apply_per_lib :  ITTAPI function instrumented: __itt_resume
34603 : 0x4e9ceaabfc841 : 2 : ittapi_config_apply_per_lib :  ITTAPI function instrumented: __itt_thread_set_name
34603 : 0x4e9ceaabfce2d : 2 : ittapi_config_apply_per_lib :  ITTAPI function instrumented: __itt_thread_ignore
34603 : 0x4e9ceaabfd396 : 2 : ittapi_config_apply_per_lib :  ITTAPI function instrumented: __itt_thr_name_set
34603 : 0x4e9ceaabfd8eb : 2 : ittapi_config_apply_per_lib :  ITTAPI function instrumented: __itt_thr_ignore
34603 : 0x4e9ceaabfe19f : 2 : ittapi_config_apply_per_lib :  ITTAPI function not implemented: __itt_enable_attach
34603 : 0x4e9ceaabfe669 : 2 : ittapi_config_apply_per_lib :  ITTAPI function NOT instrumented (not matched by --itt-config option): __itt_sync_create

34603 : 0x4e9ceaabfeac3 : 2 : ittapi_config_apply_per_lib :  ITTAPI function NOT instrumented (not matched by --itt-config option): __itt_sync_rename

34603 : 0x4e9ceaabfeeae : 2 : ittapi_config_apply_per_lib :  ITTAPI function NOT instrumented (not matched by --itt-config option): __itt_sync_destroy

34603 : 0x4e9ceaabff2ad : 2 : ittapi_config_apply_per_lib :  ITTAPI function NOT instrumented (not matched by --itt-config option): __itt_sync_prepare

34603 : 0x4e9ceaac6afaa : 2 : ittapi_config_apply_per_lib :  ITTAPI function NOT instrumented (not matched by --itt-config option): __itt_sync_cancel

34603 : 0x4e9ceaac6b975 : 2 : ittapi_config_apply_per_lib :  ITTAPI function NOT instrumented (not matched by --itt-config option): __itt_sync_acquired

34603 : 0x4e9ceaac6bd6a : 2 : ittapi_config_apply_per_lib :  ITTAPI function NOT instrumented (not matched by --itt-config option): __itt_sync_releasing

34603 : 0x4e9ceaac6c90a : 2 : ittapi_config_apply_per_lib :  ITTAPI function not implemented: __itt_suppress_push
34603 : 0x4e9ceaac6d0a2 : 2 : ittapi_config_apply_per_lib :  ITTAPI function not implemented: __itt_suppress_pop
34603 : 0x4e9ceaac6d777 : 2 : ittapi_config_apply_per_lib :  ITTAPI function not implemented: __itt_suppress_mark_range
34603 : 0x4e9ceaac6df00 : 2 : ittapi_config_apply_per_lib :  ITTAPI function not implemented: __itt_suppress_clear_range
34603 : 0x4e9ceaac6e312 : 2 : ittapi_config_apply_per_lib :  ITTAPI function NOT instrumented (not matched by --itt-config option): __itt_sync_prepare

34603 : 0x4e9ceaac6e700 : 2 : ittapi_config_apply_per_lib :  ITTAPI function NOT instrumented (not matched by --itt-config option): __itt_sync_cancel

34603 : 0x4e9ceaac6eae1 : 2 : ittapi_config_apply_per_lib :  ITTAPI function NOT instrumented (not matched by --itt-config option): __itt_sync_acquired

34603 : 0x4e9ceaacdc854 : 2 : ittapi_config_apply_per_lib :  ITTAPI function NOT instrumented (not matched by --itt-config option): __itt_sync_releasing

34603 : 0x4e9ceaacdda85 : 2 : ittapi_config_apply_per_lib :  ITTAPI function not implemented: __itt_model_site_begin
34603 : 0x4e9ceaacde1bb : 2 : ittapi_config_apply_per_lib :  ITTAPI function not implemented: __itt_model_site_end
34603 : 0x4e9ceaacde864 : 2 : ittapi_config_apply_per_lib :  ITTAPI function not implemented: __itt_model_task_begin
34603 : 0x4e9ceaacdef29 : 2 : ittapi_config_apply_per_lib :  ITTAPI function not implemented: __itt_model_task_end
34603 : 0x4e9ceaacdf57a : 2 : ittapi_config_apply_per_lib :  ITTAPI function not implemented: __itt_model_lock_acquire
34603 : 0x4e9ceaacdfbdf : 2 : ittapi_config_apply_per_lib :  ITTAPI function not implemented: __itt_model_lock_release
34603 : 0x4e9ceaace027f : 2 : ittapi_config_apply_per_lib :  ITTAPI function not implemented: __itt_model_record_allocation
34603 : 0x4e9ceaace0957 : 2 : ittapi_config_apply_per_lib :  ITTAPI function not implemented: __itt_model_record_deallocation
34603 : 0x4e9ceaace0ff0 : 2 : ittapi_config_apply_per_lib :  ITTAPI function not implemented: __itt_model_induction_uses
34603 : 0x4e9ceaad5b4c1 : 2 : ittapi_config_apply_per_lib :  ITTAPI function not implemented: __itt_model_reduction_uses
34603 : 0x4e9ceaad5c1ee : 2 : ittapi_config_apply_per_lib :  ITTAPI function not implemented: __itt_model_observe_uses
34603 : 0x4e9ceaad5c89e : 2 : ittapi_config_apply_per_lib :  ITTAPI function not implemented: __itt_model_clear_uses
34603 : 0x4e9ceaad5cf79 : 2 : ittapi_config_apply_per_lib :  ITTAPI function not implemented: __itt_model_site_beginA
34603 : 0x4e9ceaad5d5e7 : 2 : ittapi_config_apply_per_lib :  ITTAPI function not implemented: __itt_model_site_beginAL
34603 : 0x4e9ceaad5dc5f : 2 : ittapi_config_apply_per_lib :  ITTAPI function not implemented: __itt_model_task_beginA
34603 : 0x4e9ceaad5e2f0 : 2 : ittapi_config_apply_per_lib :  ITTAPI function not implemented: __itt_model_task_beginAL
34603 : 0x4e9ceaad5e96e : 2 : ittapi_config_apply_per_lib :  ITTAPI function not implemented: __itt_model_iteration_taskA
34603 : 0x4e9ceaad5f04a : 2 : ittapi_config_apply_per_lib :  ITTAPI function not implemented: __itt_model_iteration_taskAL
34603 : 0x4e9ceaad5f672 : 2 : ittapi_config_apply_per_lib :  ITTAPI function not implemented: __itt_model_site_end_2
34603 : 0x4e9ceaadd4627 : 2 : ittapi_config_apply_per_lib :  ITTAPI function not implemented: __itt_model_task_end_2
34603 : 0x4e9ceaadd5250 : 2 : ittapi_config_apply_per_lib :  ITTAPI function not implemented: __itt_model_lock_acquire_2
34603 : 0x4e9ceaadd5949 : 2 : ittapi_config_apply_per_lib :  ITTAPI function not implemented: __itt_model_lock_release_2
34603 : 0x4e9ceaadd5f9e : 2 : ittapi_config_apply_per_lib :  ITTAPI function not implemented: __itt_model_aggregate_task
34603 : 0x4e9ceaadd661e : 2 : ittapi_config_apply_per_lib :  ITTAPI function not implemented: __itt_model_disable_push
34603 : 0x4e9ceaadd6c79 : 2 : ittapi_config_apply_per_lib :  ITTAPI function not implemented: __itt_model_disable_pop
34603 : 0x4e9ceaadd7328 : 2 : ittapi_config_apply_per_lib :  ITTAPI function not implemented: __itt_heap_function_create
34603 : 0x4e9ceaadd79a6 : 2 : ittapi_config_apply_per_lib :  ITTAPI function not implemented: __itt_heap_allocate_begin
34603 : 0x4e9ceaadd7fed : 2 : ittapi_config_apply_per_lib :  ITTAPI function not implemented: __itt_heap_allocate_end
34603 : 0x4e9ceaadd869b : 2 : ittapi_config_apply_per_lib :  ITTAPI function not implemented: __itt_heap_free_begin
34603 : 0x4e9ceaae48a39 : 2 : ittapi_config_apply_per_lib :  ITTAPI function not implemented: __itt_heap_free_end
34603 : 0x4e9ceaae496f9 : 2 : ittapi_config_apply_per_lib :  ITTAPI function not implemented: __itt_heap_reallocate_begin
34603 : 0x4e9ceaae49d8c : 2 : ittapi_config_apply_per_lib :  ITTAPI function not implemented: __itt_heap_reallocate_end
34603 : 0x4e9ceaae4a4dc : 2 : ittapi_config_apply_per_lib :  ITTAPI function not implemented: __itt_heap_internal_access_begin
34603 : 0x4e9ceaae4abee : 2 : ittapi_config_apply_per_lib :  ITTAPI function not implemented: __itt_heap_internal_access_end
34603 : 0x4e9ceaae4b2d8 : 2 : ittapi_config_apply_per_lib :  ITTAPI function not implemented: __itt_heap_record_memory_growth_begin
34603 : 0x4e9ceaae4b9b9 : 2 : ittapi_config_apply_per_lib :  ITTAPI function not implemented: __itt_heap_record_memory_growth_end
34603 : 0x4e9ceaae4c03f : 2 : ittapi_config_apply_per_lib :  ITTAPI function not implemented: __itt_heap_reset_detection
34603 : 0x4e9ceaae4c678 : 2 : ittapi_config_apply_per_lib :  ITTAPI function not implemented: __itt_heap_record
34603 : 0x4e9ceaae4ccb8 : 2 : ittapi_config_apply_per_lib :  ITTAPI function not implemented: __itt_id_create
34603 : 0x4e9ceaaeba80f : 2 : ittapi_config_apply_per_lib :  ITTAPI function not implemented: __itt_id_destroy
34603 : 0x4e9ceaaebb1f5 : 2 : ittapi_config_apply_per_lib :  ITTAPI function instrumented: __itt_get_timestamp
34603 : 0x4e9ceaaebb84f : 2 : ittapi_config_apply_per_lib :  ITTAPI function not implemented: __itt_region_begin
34603 : 0x4e9ceaaebbe3f : 2 : ittapi_config_apply_per_lib :  ITTAPI function not implemented: __itt_region_end
34603 : 0x4e9ceaaebc3b4 : 2 : ittapi_config_apply_per_lib :  ITTAPI function instrumented: __itt_frame_begin_v3
34603 : 0x4e9ceaaebc8f8 : 2 : ittapi_config_apply_per_lib :  ITTAPI function instrumented: __itt_frame_end_v3
34603 : 0x4e9ceaaebce11 : 2 : ittapi_config_apply_per_lib :  ITTAPI function instrumented: __itt_frame_submit_v3
34603 : 0x4e9ceaaebd22a : 2 : ittapi_config_apply_per_lib :  ITTAPI function NOT instrumented (not matched by --itt-config option): __itt_task_group

34603 : 0x4e9ceaaebd64a : 2 : ittapi_config_apply_per_lib :  ITTAPI function NOT instrumented (not matched by --itt-config option): __itt_task_begin

34603 : 0x4e9ceaaebda06 : 2 : ittapi_config_apply_per_lib :  ITTAPI function NOT instrumented (not matched by --itt-config option): __itt_task_begin_fn

34603 : 0x4e9ceaaf39f2a : 2 : ittapi_config_apply_per_lib :  ITTAPI function NOT instrumented (not matched by --itt-config option): __itt_task_end

34603 : 0x4e9ceaaf3ae49 : 2 : ittapi_config_apply_per_lib :  ITTAPI function not implemented: __itt_counter_inc_v3
34603 : 0x4e9ceaaf3b5d0 : 2 : ittapi_config_apply_per_lib :  ITTAPI function not implemented: __itt_counter_inc_delta_v3
34603 : 0x4e9ceaaf3bc55 : 2 : ittapi_config_apply_per_lib :  ITTAPI function not implemented: __itt_marker
34603 : 0x4e9ceaaf3c22f : 2 : ittapi_config_apply_per_lib :  ITTAPI function instrumented: __itt_metadata_add
34603 : 0x4e9ceaaf3c8e3 : 2 : ittapi_config_apply_per_lib :  ITTAPI function not implemented: __itt_metadata_str_add
34603 : 0x4e9ceaaf3cf9b : 2 : ittapi_config_apply_per_lib :  ITTAPI function not implemented: __itt_relation_add_to_current
34603 : 0x4e9ceaaf3d607 : 2 : ittapi_config_apply_per_lib :  ITTAPI function not implemented: __itt_relation_add
34603 : 0x4e9ceaaf3db6c : 2 : ittapi_config_apply_per_lib :  ITTAPI function instrumented: __itt_event_create
34603 : 0x4e9ceaaf3df28 : 2 : ittapi_config_apply_per_lib :  ITTAPI function NOT instrumented (not matched by --itt-config option): __itt_event_start

34603 : 0x4e9ceaafa7637 : 2 : ittapi_config_apply_per_lib :  ITTAPI function NOT instrumented (not matched by --itt-config option): __itt_event_end

34603 : 0x4e9ceaafa7e07 : 2 : ittapi_config_apply_per_lib :  ITTAPI function NOT instrumented (not matched by --itt-config option): __itt_sync_set_name

34603 : 0x4e9ceaafa85a0 : 2 : ittapi_config_apply_per_lib :  ITTAPI function instrumented: __itt_notify_sync_name
34603 : 0x4e9ceaafa8af7 : 2 : ittapi_config_apply_per_lib :  ITTAPI function instrumented: __itt_notify_sync_prepare
34603 : 0x4e9ceaafa9017 : 2 : ittapi_config_apply_per_lib :  ITTAPI function instrumented: __itt_notify_sync_cancel
34603 : 0x4e9ceaafa9586 : 2 : ittapi_config_apply_per_lib :  ITTAPI function instrumented: __itt_notify_sync_acquired
34603 : 0x4e9ceaafa9a81 : 2 : ittapi_config_apply_per_lib :  ITTAPI function instrumented: __itt_notify_sync_releasing
34603 : 0x4e9ceaafaa207 : 2 : ittapi_config_apply_per_lib :  ITTAPI function not implemented: __itt_memory_read
34603 : 0x4e9ceaafaa8c1 : 2 : ittapi_config_apply_per_lib :  ITTAPI function not implemented: __itt_memory_write
34603 : 0x4e9ceaafaaec7 : 2 : ittapi_config_apply_per_lib :  ITTAPI function not implemented: __itt_memory_update
34603 : 0x4e9ceab01811d : 2 : ittapi_config_apply_per_lib :  ITTAPI function not implemented: __itt_state_get
34603 : 0x4e9ceab018c8f : 2 : ittapi_config_apply_per_lib :  ITTAPI function not implemented: __itt_state_set
34603 : 0x4e9ceab0192d8 : 2 : ittapi_config_apply_per_lib :  ITTAPI function not implemented: __itt_obj_mode_set
34603 : 0x4e9ceab01990d : 2 : ittapi_config_apply_per_lib :  ITTAPI function not implemented: __itt_thr_mode_set
34603 : 0x4e9ceab019e8d : 2 : ittapi_config_apply_per_lib :  ITTAPI function instrumented: __itt_frame_create
34603 : 0x4e9ceab01a404 : 2 : ittapi_config_apply_per_lib :  ITTAPI function instrumented: __itt_frame_begin
34603 : 0x4e9ceab01a98f : 2 : ittapi_config_apply_per_lib :  ITTAPI function instrumented: __itt_frame_end
34603 : 0x4e9ceab01afb0 : 2 : ittapi_config_apply_per_lib :  ITTAPI function not implemented: __itt_counter_create
34603 : 0x4e9ceab01b5ce : 2 : ittapi_config_apply_per_lib :  ITTAPI function not implemented: __itt_counter_destroy
34603 : 0x4e9ceab01bbe7 : 2 : ittapi_config_apply_per_lib :  ITTAPI function not implemented: __itt_counter_inc
34603 : 0x4e9ceab09d0c4 : 2 : ittapi_config_apply_per_lib :  ITTAPI function not implemented: __itt_counter_inc_delta
34603 : 0x4e9ceab09dd53 : 2 : ittapi_config_apply_per_lib :  ITTAPI function not implemented: __itt_mark_create
34603 : 0x4e9ceab09e3e1 : 2 : ittapi_config_apply_per_lib :  ITTAPI function not implemented: __itt_mark
34603 : 0x4e9ceab09eaa9 : 2 : ittapi_config_apply_per_lib :  ITTAPI function not implemented: __itt_mark_off
34603 : 0x4e9ceab09f102 : 2 : ittapi_config_apply_per_lib :  ITTAPI function not implemented: __itt_mark_global
34603 : 0x4e9ceab09f735 : 2 : ittapi_config_apply_per_lib :  ITTAPI function not implemented: __itt_mark_global_off
34603 : 0x4e9ceab09fcf9 : 2 : ittapi_config_apply_per_lib :  ITTAPI function instrumented: __itt_stack_caller_create
34603 : 0x4e9ceab0a0241 : 2 : ittapi_config_apply_per_lib :  ITTAPI function instrumented: __itt_stack_caller_destroy
34603 : 0x4e9ceab0a079e : 2 : ittapi_config_apply_per_lib :  ITTAPI function instrumented: __itt_stack_callee_enter
34603 : 0x4e9ceab0a0cc8 : 2 : ittapi_config_apply_per_lib :  ITTAPI function instrumented: __itt_stack_callee_leave
34603 : 0x4e9ceab10adb4 : 2 : ittapi_config_apply_per_lib :  ITTAPI function not implemented: __itt_clock_domain_create
34603 : 0x4e9ceab10ba31 : 2 : ittapi_config_apply_per_lib :  ITTAPI function not implemented: __itt_clock_domain_reset
34603 : 0x4e9ceab10c073 : 2 : ittapi_config_apply_per_lib :  ITTAPI function not implemented: __itt_id_create_ex
34603 : 0x4e9ceab10c6af : 2 : ittapi_config_apply_per_lib :  ITTAPI function not implemented: __itt_id_destroy_ex
34603 : 0x4e9ceab10ca90 : 2 : ittapi_config_apply_per_lib :  ITTAPI function NOT instrumented (not matched by --itt-config option): __itt_task_begin_ex

34603 : 0x4e9ceab10ce87 : 2 : ittapi_config_apply_per_lib :  ITTAPI function NOT instrumented (not matched by --itt-config option): __itt_task_begin_fn_ex

34603 : 0x4e9ceab10d273 : 2 : ittapi_config_apply_per_lib :  ITTAPI function NOT instrumented (not matched by --itt-config option): __itt_task_end_ex

34603 : 0x4e9ceab10d640 : 2 : ittapi_config_apply_per_lib :  ITTAPI function NOT instrumented (not matched by --itt-config option): __itt_task_begin_overlapped

34603 : 0x4e9ceab10da2f : 2 : ittapi_config_apply_per_lib :  ITTAPI function NOT instrumented (not matched by --itt-config option): __itt_task_begin_overlapped_ex

34603 : 0x4e9ceab10de12 : 2 : ittapi_config_apply_per_lib :  ITTAPI function NOT instrumented (not matched by --itt-config option): __itt_task_end_overlapped

34603 : 0x4e9ceab18a69f : 2 : ittapi_config_apply_per_lib :  ITTAPI function NOT instrumented (not matched by --itt-config option): __itt_task_end_overlapped_ex

34603 : 0x4e9ceab18b8e7 : 2 : ittapi_config_apply_per_lib :  ITTAPI function not implemented: __itt_marker_ex
34603 : 0x4e9ceab18bfed : 2 : ittapi_config_apply_per_lib :  ITTAPI function not implemented: __itt_metadata_add_with_scope
34603 : 0x4e9ceab18c722 : 2 : ittapi_config_apply_per_lib :  ITTAPI function not implemented: __itt_metadata_str_add_with_scope
34603 : 0x4e9ceab18d54b : 2 : ittapi_config_apply_per_lib :  ITTAPI function not implemented: __itt_relation_add_to_current_ex
34603 : 0x4e9ceab18dc5d : 2 : ittapi_config_apply_per_lib :  ITTAPI function not implemented: __itt_relation_add_ex
34603 : 0x4e9ceab18e356 : 2 : ittapi_config_apply_per_lib :  ITTAPI function not implemented: __itt_track_group_create
34603 : 0x4e9ceab18e9a9 : 2 : ittapi_config_apply_per_lib :  ITTAPI function not implemented: __itt_track_create
34603 : 0x4e9ceab18efd9 : 2 : ittapi_config_apply_per_lib :  ITTAPI function not implemented: __itt_set_track
34603 : 0x4e9ceab18f4df : 2 : ittapi_config_apply_per_lib :  ITTAPI function instrumented: __itt_api_version
34603 : 0x4e9ceab22fd30 : 2 : ittapi_config_apply_per_lib :  ITTAPI function not implemented: __itt_av_save