
33689 : 0xef7b79a99b7ae : 4 : __ittapi_collector_init :  pthread_atfork() result: 0
33689 : 0xef7b79a9a47c3 : 2 : ittapi_config_mask_get :  --itt-config mask to be applied: 17
33689 : 0xef7b79a9a66cc : 2 : ittapi_config_apply_per_lib :  ITTAPI function instrumented: __itt_domain_create
33689 : 0xef7b79a9a6ee2 : 2 : ittapi_config_apply_per_lib :  ITTAPI function instrumented: __itt_string_handle_create
33689 : 0xef7b79a9a74f4 : 2 : ittapi_config_apply_per_lib :  ITTAPI function instrumented: __itt_pause
33689 : 0xef7b79a9a7a4d : 2 : ittapi_config_apply_per_lib :  ITTAPI function instrumented: __itt_resume
33689 : 0xef7b79a9a7fb3 : 2 : ittapi_config_apply_per_lib :  ITTAPI function instrumented: __itt_thread_set_name
33689 : 0xef7b79a9a8631 : 2 : ittapi_config_apply_per_lib :  ITTAPI function instrumented: __itt_thread_ignore
33689 : 0xef7b79a9a8c08 : 2 : ittapi_config_apply_per_lib :  ITTAPI function instrumented: __itt_thr_name_set
33689 : 0xef7b79a9a9135 : 2 : ittapi_config_apply_per_lib :  ITTAPI function instrumented: __itt_thr_ignore
33689 : 0xef7b79aad6cbd : 2 : ittapi_config_apply_per_lib :  ITTAPI function not implemented: __itt_enable_attach
33689 : 0xef7b79aad7b76 : 2 : ittapi_config_apply_per_lib :  ITTAPI function NOT instrumented (not matched by --itt-config option): __itt_sync_create

33689 : 0xef7b79aad808f : 2 : ittapi_config_apply_per_lib :  ITTAPI function NOT instrumented (not matched by --itt-config option): __itt_sync_rename

33689 : 0xef7b79aad84ba : 2 : ittapi_config_apply_per_lib :  ITTAPI function NOT instrumented (not matched by --itt-config option): __itt_sync_destroy

33689 : 0xef7b79aad88aa : 2 : ittapi_config_apply_per_lib :  ITTAPI function NOT instrumented (not matched by --itt-config option): __itt_sync_prepare

33689 : 0xef7b79aad8c01 : 2 : ittapi_config_apply_per_lib :  ITTAPI function NOT instrumented (not matched by --itt-config option): __itt_sync_cancel

33689 : 0xef7b79aad8f67 : 2 : ittapi_config_apply_per_lib :  ITTAPI function NOT instrumented (not matched by --itt-config option): __itt_sync_acquired

33689 : 0xef7b79aad92f1 : 2 : ittapi_config_apply_per_lib :  ITTAPI function NOT instrumented (not matched by --itt-config option): __itt_sync_releasing

33689 : 0xef7b79aada152 : 2 : ittapi_config_apply_per_lib :  ITTAPI function not implemented: __itt_suppress_push
33689 : 0xef7b79aada8d0 : 2 : ittapi_config_apply_per_lib :  ITTAPI function not implemented: __itt_suppress_pop
33689 : 0xef7b79ab84014 : 2 : ittapi_config_apply_per_lib :  ITTAPI function not implemented: __itt_suppress_mark_range
33689 : 0xef7b79ab853d7 : 2 : ittapi_config_apply_per_lib :  ITTAPI function not implemented: __itt_suppress_clear_range
33689 : 0xef7b79ab857d8 : 2 : ittapi_config_apply_per_lib :  ITTAPI function NOT instrumented (not matched by --itt-config option): __itt_sync_prepare

33689 : 0xef7b79ab85b93 : 2 : ittapi_config_apply_per_lib :  ITTAPI function NOT instrumented (not matched by --itt-config option): __itt_sync_cancel

33689 : 0xef7b79ab85ef0 : 2 : ittapi_config_apply_per_lib :  ITTAPI function NOT instrumented (not matched by --itt-config option): __itt_sync_acquired

33689 : 0xef7b79ab86241 : 2 : ittapi_config_apply_per_lib :  ITTAPI function NOT instrumented (not matched by --itt-config option): __itt_sync_releasing

33689 : 0xef7b79ab8687c : 2 : ittapi_config_apply_per_lib :  ITTAPI function not implemented: __itt_model_site_begin
33689 : 0xef7b79ab86ead : 2 : ittapi_config_apply_per_lib :  ITTAPI function not implemented: __itt_model_site_end
33689 : 0xef7b79ab874d0 : 2 : ittapi_config_apply_per_lib :  ITTAPI function not implemented: __itt_model_task_begin
33689 : 0xef7b79ab87aab : 2 : ittapi_config_apply_per_lib :  ITTAPI function not implemented: __itt_model_task_end
33689 : 0xef7b79ac3bb65 : 2 : ittapi_config_apply_per_lib :  ITTAPI function not implemented: __itt_model_lock_acquire
33689 : 0xef7b79ac3c85a : 2 : ittapi_config_apply_per_lib :  ITTAPI function not implemented: __itt_model_lock_release
33689 : 0xef7b79ac3cf26 : 2 : ittapi_config_apply_per_lib :  ITTAPI function not implemented: __itt_model_record_allocation
33689 : 0xef7b79ac3d5d0 : 2 : ittapi_config_apply_per_lib :  ITTAPI function not implemented: __itt_model_record_deallocation
33689 : 0xef7b79ac3dc12 : 2 : ittapi_config_apply_per_lib :  ITTAPI function not implemented: __itt_model_induction_uses
33689 : 0xef7b79ac3e228 : 2 : ittapi_config_apply_per_lib :  ITTAPI function not implemented: __itt_model_reduction_uses
33689 : 0xef7b79ac3e81e : 2 : ittapi_config_apply_per_lib :  ITTAPI function not implemented: __itt_model_observe_uses
33689 : 0xef7b79ac3ee2a : 2 : ittapi_config_apply_per_lib :  ITTAPI function not implemented: __itt_model_clear_uses
33689 : 0xef7b79ac3f481 : 2 : ittapi_config_apply_per_lib :  ITTAPI function not implemented: __itt_model_site_beginA
33689 : 0xef7b79ac3fa94 : 2 : ittapi_config_apply_per_lib :  ITTAPI function not implemented: __itt_model_site_beginAL
33689 : 0xef7b79acb9c55 : 2 : ittapi_config_apply_per_lib :  ITTAPI function not implemented: __itt_model_task_beginA
33689 : 0xef7b79acba8b7 : 2 : ittapi_config_apply_per_lib :  ITTAPI function not implemented: __itt_model_task_beginAL
33689 : 0xef7b79acbaf4c : 2 : ittapi_config_apply_per_lib :  ITTAPI function not implemented: __itt_model_iteration_taskA
33689 : 0xef7b79acbb5be : 2 : ittapi_config_apply_per_lib :  ITTAPI function not implemented: __itt_model_iteration_taskAL
33689 : 0xef7b79acbbb64 : 2 : ittapi_config_apply_per_lib :  ITTAPI function not implemented: __itt_model_site_end_2
33689 : 0xef7b79acbc0a7 : 2 : ittapi_config_apply_per_lib :  ITTAPI function not implemented: __itt_model_task_end_2
33689 : 0xef7b79acbc724 : 2 : ittapi_config_apply_per_lib :  ITTAPI function not implemented: __itt_model_lock_acquire_2
33689 : 0xef7b79acbcd3d : 2 : ittapi_config_apply_per_lib :  ITTAPI function not implemented: __itt_model_lock_release_2
33689 : 0xef7b79acbd32b : 2 : ittapi_config_apply_per_lib :  ITTAPI function not implemented: __itt_model_aggregate_task
33689 : 0xef7b79acbd904 : 2 : ittapi_config_apply_per_lib :  ITTAPI function not implemented: __itt_model_disable_push
33689 : 0xef7b79ad3a0d1 : 2 : ittapi_config_apply_per_lib :  ITTAPI function not implemented: __itt_model_disable_pop
33689 : 0xef7b79ad3ad02 : 2 : ittapi_config_apply_per_lib :  ITTAPI function not implemented: __itt_heap_function_create
33689 : 0xef7b79ad3b368 : 2 : ittapi_config_apply_per_lib :  ITTAPI function not implemented: __itt_heap_allocate_begin
33689 : 0xef7b79ad3b963 : 2 : ittapi_config_apply_per_lib :  ITTAPI function not implemented: __itt_heap_allocate_end
33689 : 0xef7b79ad3c038 : 2 : ittapi_config_apply_per_lib :  ITTAPI function not implemented: __itt_heap_free_begin
33689 : 0xef7b79ad3c651 : 2 : ittapi_config_apply_per_lib :  ITTAPI function not implemented: __itt_heap_free_end
33689 : 0xef7b79ad3cc8c : 2 : ittapi_config_apply_per_lib :  ITTAPI function not implemented: __itt_heap_reallocate_begin
33689 : 0xef7b79ad3d22d : 2 : ittapi_config_apply_per_lib :  ITTAPI function not implemented: __itt_heap_reallocate_end
33689 : 0xef7b79ad3d8b7 : 2 : ittapi_config_apply_per_lib :  ITTAPI function not implemented: __itt_heap_internal_access_begin
33689 : 0xef7b79ad3df55 : 2 : ittapi_config_apply_per_lib :  ITTAPI function not implemented: __itt_heap_internal_access_end
33689 : 0xef7b79adb36e7 : 2 : ittapi_config_apply_per_lib :  ITTAPI function not implemented: __itt_heap_record_memory_growth_begin
33689 : 0xef7b79adb42e2 : 2 : ittapi_config_apply_per_lib :  ITTAPI function not implemented: __itt_heap_record_memory_growth_end
33689 : 0xef7b79adb492e : 2 : ittapi_config_apply_per_lib :  ITTAPI function not implemented: __itt_heap_reset_detection
33689 : 0xef7b79adb4f6f : 2 : ittapi_config_apply_per_lib :  ITTAPI function not implemented: __itt_heap_record
33689 : 0xef7b79adb5599 : 2 : ittapi_config_apply_per_lib :  ITTAPI function not implemented: __itt_id_create
33689 : 0xef7b79adb5b75 : 2 : ittapi_config_apply_per_lib :  ITTAPI function not implemented: __itt_id_destroy
33689 : 0xef7b79adb6102 : 2 : ittapi_config_apply_per_lib :  ITTAPI function instrumented: __itt_get_timestamp
33689 : 0xef7b79adb66ba : 2 : ittapi_config_apply_per_lib :  ITTAPI function not implemented: __itt_region_begin
33689 : 0xef7b79adb6c33 : 2 : ittapi_config_apply_per_lib :  ITTAPI function not implemented: __itt_region_end
33689 : 0xef7b79adb713e : 2 : ittapi_config_apply_per_lib :  ITTAPI function instrumented: __itt_frame_begin_v3
33689 : 0xef7b79ae34cff : 2 : ittapi_config_apply_per_lib :  ITTAPI function instrumented: __itt_frame_end_v3
33689 : 0xef7b79ae357c4 : 2 : ittapi_config_apply_per_lib :  ITTAPI function instrumented: __itt_frame_submit_v3
33689 : 0xef7b79ae35ba2 : 2 : ittapi_config_apply_per_lib :  ITTAPI function NOT instrumented (not matched by --itt-config option): __itt_task_group

33689 : 0xef7b79ae35f7a : 2 : ittapi_config_apply_per_lib :  ITTAPI function NOT instrumented (not matched by --itt-config option): __itt_task_begin

33689 : 0xef7b79ae362f5 : 2 : ittapi_config_apply_per_lib :  ITTAPI function NOT instrumented (not matched by --itt-config option): __itt_task_begin_fn

33689 : 0xef7b79ae366a1 : 2 : ittapi_config_apply_per_lib :  ITTAPI function NOT instrumented (not matched by --itt-config option): __itt_task_end

33689 : 0xef7b79ae36f00 : 2 : ittapi_config_apply_per_lib :  ITTAPI function not implemented: __itt_counter_inc_v3
33689 : 0xef7b79ae375ca : 2 : ittapi_config_apply_per_lib :  ITTAPI function not implemented: __itt_counter_inc_delta_v3
33689 : 0xef7b79ae37bba : 2 : ittapi_config_apply_per_lib :  ITTAPI function not implemented: __itt_marker
33689 : 0xef7b79ae380d1 : 2 : ittapi_config_apply_per_lib :  ITTAPI function instrumented: __itt_metadata_add
33689 : 0xef7b79aeacec1 : 2 : ittapi_config_apply_per_lib :  ITTAPI function not implemented: __itt_metadata_str_add
33689 : 0xef7b79aeadabd : 2 : ittapi_config_apply_per_lib :  ITTAPI function not implemented: __itt_relation_add_to_current
33689 : 0xef7b79aeae0dc : 2 : ittapi_config_apply_per_lib :  ITTAPI function not implemented: __itt_relation_add
33689 : 0xef7b79aeae624 : 2 : ittapi_config_apply_per_lib :  ITTAPI function instrumented: __itt_event_create
33689 : 0xef7b79aeae99e : 2 : ittapi_config_apply_per_lib :  ITTAPI function NOT instrumented (not matched by --itt-config option): __itt_event_start

33689 : 0xef7b79aeaed01 : 2 : ittapi_config_apply_per_lib :  ITTAPI function NOT instrumented (not matched by --itt-config option): __itt_event_end

33689 : 0xef7b79aeaf097 : 2 : ittapi_config_apply_per_lib :  ITTAPI function NOT instrumented (not matched by --itt-config option): __itt_sync_set_name

33689 : 0xef7b79aeaf520 : 2 : ittapi_config_apply_per_lib :  ITTAPI function instrumented: __itt_notify_sync_name
33689 : 0xef7b79aeafa07 : 2 : ittapi_config_apply_per_lib :  ITTAPI function instrumented: __itt_notify_sync_prepare
33689 : 0xef7b79aeafeaa : 2 : ittapi_config_apply_per_lib :  ITTAPI function instrumented: __itt_notify_sync_cancel
33689 : 0xef7b79af2aac1 : 2 : ittapi_config_apply_per_lib :  ITTAPI function instrumented: __itt_notify_sync_acquired
33689 : 0xef7b79af2b4c6 : 2 : ittapi_config_apply_per_lib :  ITTAPI function instrumented: __itt_notify_sync_releasing
33689 : 0xef7b79af2bd0b : 2 : ittapi_config_apply_per_lib :  ITTAPI function not implemented: __itt_memory_read
33689 : 0xef7b79af2c391 : 2 : ittapi_config_apply_per_lib :  ITTAPI function not implemented: __itt_memory_write
33689 : 0xef7b79af2c956 : 2 : ittapi_config_apply_per_lib :  ITTAPI function not implemented: __itt_memory_update
33689 : 0xef7b79af2cfbd : 2 : ittapi_config_apply_per_lib :  ITTAPI function not implemented: __itt_state_get
33689 : 0xef7b79af2d573 : 2 : ittapi_config_apply_per_lib :  ITTAPI function not implemented: __itt_state_set
33689 : 0xef7b79af2db47 : 2 : ittapi_config_apply_per_lib :  ITTAPI function not implemented: __itt_obj_mode_set
33689 : 0xef7b79af2e100 : 2 : ittapi_config_apply_per_lib :  ITTAPI function not implemented: __itt_thr_mode_set
33689 : 0xef7b79af2e5cb : 2 : ittapi_config_apply_per_lib :  ITTAPI function instrumented: __itt_frame_create
33689 : 0xef7b79afa57ea : 2 : ittapi_config_apply_per_lib :  ITTAPI function instrumented: __itt_frame_begin
33689 : 0xef7b79afa622f : 2 : ittapi_config_apply_per_lib :  ITTAPI function instrumented: __itt_frame_end
33689 : 0xef7b79afa6a5a : 2 : ittapi_config_apply_per_lib :  ITTAPI function not implemented: __itt_counter_create
33689 : 0xef7b79afa70e4 : 2 : ittapi_config_apply_per_lib :  ITTAPI function not implemented: __itt_counter_destroy
33689 : 0xef7b79afa76b6 : 2 : ittapi_config_apply_per_lib :  ITTAPI function not implemented: __itt_counter_inc
33689 : 0xef7b79afa7d23 : 2 : ittapi_config_apply_per_lib :  ITTAPI function not implemented: __itt_counter_inc_delta
33689 : 0xef7b79afa82fe : 2 : ittapi_config_apply_per_lib :  ITTAPI function not implemented: __itt_mark_create
33689 : 0xef7b79afa88af : 2 : ittapi_config_apply_per_lib :  ITTAPI function not implemented: __itt_mark
33689 : 0xef7b79afa8eda : 2 : ittapi_config_apply_per_lib :  ITTAPI function not implemented: __itt_mark_off
33689 : 0xef7b79afa948d : 2 : ittapi_config_apply_per_lib :  ITTAPI function not implemented: __itt_mark_global
33689 : 0xef7b79b03140e : 2 : ittapi_config_apply_per_lib :  ITTAPI function not implemented: __itt_mark_global_off
33689 : 0xef7b79b031f8d : 2 : ittapi_config_apply_per_lib :  ITTAPI function instrumented: __itt_stack_caller_create
33689 : 0xef7b79b032489 : 2 : ittapi_config_apply_per_lib :  ITTAPI function instrumented: __itt_stack_caller_destroy
33689 : 0xef7b79b032990 : 2 : ittapi_config_apply_per_lib :  ITTAPI function instrumented: __itt_stack_callee_enter
33689 : 0xef7b79b032e59 : 2 : ittapi_config_apply_per_lib :  ITTAPI function instrumented: __itt_stack_callee_leave
33689 : 0xef7b79b033461 : 2 : ittapi_config_apply_per_lib :  ITTAPI function not implemented: __itt_clock_domain_create
33689 : 0xef7b79b033aba : 2 : ittapi_config_apply_per_lib :  ITTAPI function not implemented: __itt_clock_domain_reset
33689 : 0xef7b79b03406d : 2 : ittapi_config_apply_per_lib :  ITTAPI function not implemented: __itt_id_create_ex
33689 : 0xef7b79b034625 : 2 : ittapi_config_apply_per_lib :  ITTAPI function not implemented: __itt_id_destroy_ex
33689 : 0xef7b79b03499b : 2 : ittapi_config_apply_per_lib :  ITTAPI function NOT instrumented (not matched by --itt-config option): __itt_task_begin_ex

33689 : 0xef7b79b0b1222 : 2 : ittapi_config_apply_per_lib :  ITTAPI function NOT instrumented (not matched by --itt-config option): __itt_task_begin_fn_ex

33689 : 0xef7b79b0b1c2f : 2 : ittapi_config_apply_per_lib :  ITTAPI function NOT instrumented (not matched by --itt-config option): __itt_task_end_ex

33689 : 0xef7b79b0b1faf : 2 : ittapi_config_apply_per_lib :  ITTAPI function NOT instrumented (not matched by --itt-config option): __itt_task_begin_overlapped

33689 : 0xef7b79b0b233c : 2 : ittapi_config_apply_per_lib :  ITTAPI function NOT instrumented (not matched by --itt-config option): __itt_task_begin_overlapped_ex

33689 : 0xef7b79b0b26bc : 2 : ittapi_config_apply_per_lib :  ITTAPI function NOT instrumented (not matched by --itt-config option): __itt_task_end_overlapped

33689 : 0xef7b79b0b2a76 : 2 : ittapi_config_apply_per_lib :  ITTAPI function NOT instrumented (not matched by --itt-config option): __itt_task_end_overlapped_ex

33689 : 0xef7b79b0b36f1 : 2 : ittapi_config_apply_per_lib :  ITTAPI function not implemented: __itt_marker_ex
33689 : 0xef7b79b0b3d61 : 2 : ittapi_config_apply_per_lib :  ITTAPI function not implemented: __itt_metadata_add_with_scope
33689 : 0xef7b79b0b43e9 : 2 : ittapi_config_apply_per_lib :  ITTAPI function not implemented: __itt_metadata_str_add_with_scope
33689 : 0xef7b79b0b4a9c : 2 : ittapi_config_apply_per_lib :  ITTAPI function not implemented: __itt_relation_add_to_current_ex
33689 : 0xef7b79b1529a6 : 2 : ittapi_config_apply_per_lib :  ITTAPI function not implemented: __itt_relation_add_ex
33689 : 0xef7b79b1535c3 : 2 : ittapi_config_apply_per_lib :  ITTAPI function not implemented: __itt_track_group_create
33689 : 0xef7b79b153beb : 2 : ittapi_config_apply_per_lib :  ITTAPI function not implemented: __itt_track_create
33689 : 0xef7b79b1541f3 : 2 : ittapi_config_apply_per_lib :  ITTAPI function not implemented: __itt_set_track
33689 : 0xef7b79b1546c9 : 2 : ittapi_config_apply_per_lib :  ITTAPI function instrumented: __itt_api_version
33689 : 0xef7b79b154c66 : 2 : ittapi_config_apply_per_lib :  ITTAPI function not implemented: __itt_av_save
33689 : 0xef7b79b17e834 : 2 : ittapi_config_mask_get :  --itt-config mask to be applied: 17
33689 : 0xef7b79b17f3bf : 2 : ittapi_config_apply_per_lib :  ITTAPI function instrumented: __itt_domain_create
33689 : 0xef7b79b17f939 : 2 : ittapi_config_apply_per_lib :  ITTAPI function instrumented: __itt_string_handle_create
33689 : 0xef7b79b17fe40 : 2 : ittapi_config_apply_per_lib :  ITTAPI function instrumented: __itt_pause
33689 : 0xef7b79b20099b : 2 : ittapi_config_apply_per_lib :  ITTAPI function instrumented: __itt_resume
33689 : 0xef7b79b20154e : 2 : ittapi_config_apply_per_lib :  ITTAPI function instrumented: __itt_thread_set_name
33689 : 0xef7b79b201ae2 : 2 : ittapi_config_apply_per_lib :  ITTAPI function instrumented: __itt_thread_ignore
33689 : 0xef7b79b201ff1 : 2 : ittapi_config_apply_per_lib :  ITTAPI function instrumented: __itt_thr_name_set
33689 : 0xef7b79b2024f3 : 2 : ittapi_config_apply_per_lib :  ITTAPI function instrumented: __itt_thr_ignore
33689 : 0xef7b79b202d36 : 2 : ittapi_config_apply_per_lib :  ITTAPI function not implemented: __itt_enable_attach
33689 : 0xef7b79b203175 : 2 : ittapi_config_apply_per_lib :  ITTAPI function NOT instrumented (not matched by --itt-config option): __itt_sync_create

33689 : 0xef7b79b203555 : 2 : ittapi_config_apply_per_lib :  ITTAPI function NOT instrumented (not matched by --itt-config option): __itt_sync_rename

33689 : 0xef7b79b2038e8 : 2 : ittapi_config_apply_per_lib :  ITTAPI function NOT instrumented (not matched by --itt-config option): __itt_sync_destroy

33689 : 0xef7b79b203c7e : 2 : ittapi_config_apply_per_lib :  ITTAPI function NOT instrumented (not matched by --itt-config option): __itt_sync_prepare

33689 : 0xef7b79b27a457 : 2 : ittapi_config_apply_per_lib :  ITTAPI function NOT instrumented (not matched by --itt-config option): __itt_sync_cancel

33689 : 0xef7b79b27ad5f : 2 : ittapi_config_apply_per_lib :  ITTAPI function NOT instrumented (not matched by --itt-config option): __itt_sync_acquired

33689 : 0xef7b79b27b148 : 2 : ittapi_config_apply_per_lib :  ITTAPI function NOT instrumented (not matched by --itt-config option): __itt_sync_releasing

33689 : 0xef7b79b27bcaa : 2 : ittapi_config_apply_per_lib :  ITTAPI function not implemented: __itt_suppress_push
33689 : 0xef7b79b27c3c1 : 2 : ittapi_config_apply_per_lib :  ITTAPI function not implemented: __itt_suppress_pop
33689 : 0xef7b79b27c9ed : 2 : ittapi_config_apply_per_lib :  ITTAPI function not implemented: __itt_suppress_mark_range
33689 : 0xef7b79b27d0ad : 2 : ittapi_config_apply_per_lib :  ITTAPI function not implemented: __itt_suppress_clear_range
33689 : 0xef7b79b27d43e : 2 : ittapi_config_apply_per_lib :  ITTAPI function NOT instrumented (not matched by --itt-config option): __itt_sync_prepare

33689 : 0xef7b79b27d7bc : 2 : ittapi_config_apply_per_lib :  ITTAPI function NOT instrumented (not matched by --itt-config option): __itt_sync_cancel

33689 : 0xef7b79b27db0e : 2 : ittapi_config_apply_per_lib :  ITTAPI function NOT instrumented (not matched by --itt-config option): __itt_sync_acquired

33689 : 0xef7b79b2f91ff : 2 : ittapi_config_apply_per_lib :  ITTAPI function NOT instrumented (not matched by --itt-config option): __itt_sync_releasing

33689 : 0xef7b79b2fa45e : 2 : ittapi_config_apply_per_lib :  ITTAPI function not implemented: __itt_model_site_begin
33689 : 0xef7b79b2fab5b : 2 : ittapi_config_apply_per_lib :  ITTAPI function not implemented: __itt_model_site_end
33689 : 0xef7b79b2fb14c : 2 : ittapi_config_apply_per_lib :  ITTAPI function not implemented: __itt_model_task_begin
33689 : 0xef7b79b2fb704 : 2 : ittapi_config_apply_per_lib :  ITTAPI function not implemented: __itt_model_task_end
33689 : 0xef7b79b2fbca8 : 2 : ittapi_config_apply_per_lib :  ITTAPI function not implemented: __itt_model_lock_acquire
33689 : 0xef7b79b2fc2c4 : 2 : ittapi_config_apply_per_lib :  ITTAPI function not implemented: __itt_model_lock_release
33689 : 0xef7b79b2fc90c : 2 : ittapi_config_apply_per_lib :  ITTAPI function not implemented: __itt_model_record_allocation
33689 : 0xef7b79b2fcf74 : 2 : ittapi_config_apply_per_lib :  ITTAPI function not implemented: __itt_model_record_deallocation
33689 : 0xef7b79b2fd546 : 2 : ittapi_config_apply_per_lib :  ITTAPI function not implemented: __itt_model_induction_uses
33689 : 0xef7b79b37daf6 : 2 : ittapi_config_apply_per_lib :  ITTAPI function not implemented: __itt_model_reduction_uses
33689 : 0xef7b79b37e6c4 : 2 : ittapi_config_apply_per_lib :  ITTAPI function not implemented: __itt_model_observe_uses
33689 : 0xef7b79b37eccb : 2 : ittapi_config_apply_per_lib :  ITTAPI function not implemented: __itt_model_clear_uses
33689 : 0xef7b79b37f30d : 2 : ittapi_config_apply_per_lib :  ITTAPI function not implemented: __itt_model_site_beginA
33689 : 0xef7b79b37f8f6 : 2 : ittapi_config_apply_per_lib :  ITTAPI function not implemented: __itt_model_site_beginAL
33689 : 0xef7b79b37febd : 2 : ittapi_config_apply_per_lib :  ITTAPI function not implemented: __itt_model_task_beginA
33689 : 0xef7b79b3804dd : 2 : ittapi_config_apply_per_lib :  ITTAPI function not implemented: __itt_model_task_beginAL
33689 : 0xef7b79b380b07 : 2 : ittapi_config_apply_per_lib :  ITTAPI function not implemented: __itt_model_iteration_taskA
33689 : 0xef7b79b38115f : 2 : ittapi_config_apply_per_lib :  ITTAPI function not implemented: __itt_model_iteration_taskAL
33689 : 0xef7b79b3816fd : 2 : ittapi_config_apply_per_lib :  ITTAPI function not implemented: __itt_model_site_end_2
33689 : 0xef7b79b3fc9aa : 2 : ittapi_config_apply_per_lib :  ITTAPI function not implemented: __itt_model_task_end_2
33689 : 0xef7b79b3fd63d : 2 : ittapi_config_apply_per_lib :  ITTAPI function not implemented: __itt_model_lock_acquire_2
33689 : 0xef7b79b3fdce1 : 2 : ittapi_config_apply_per_lib :  ITTAPI function not implemented: __itt_model_lock_release_2
33689 : 0xef7b79b3fe2c0 : 2 : ittapi_config_apply_per_lib :  ITTAPI function not implemented: __itt_model_aggregate_task
33689 : 0xef7b79b3fe8b1 : 2 : ittapi_config_apply_per_lib :  ITTAPI function not implemented: __itt_model_disable_push
33689 : 0xef7b79b3fee61 : 2 : ittapi_config_apply_per_lib :  ITTAPI function not implemented: __itt_model_disable_pop
33689 : 0xef7b79b3ff477 : 2 : ittapi_config_apply_per_lib :  ITTAPI function not implemented: __itt_heap_function_create
33689 : 0xef7b79b3ffa9c : 2 : ittapi_config_apply_per_lib :  ITTAPI function not implemented: __itt_heap_allocate_begin
33689 : 0xef7b79b400040 : 2 : ittapi_config_apply_per_lib :  ITTAPI function not implemented: __itt_heap_allocate_end
33689 : 0xef7b79b4006a8 : 2 : ittapi_config_apply_per_lib :  ITTAPI function not implemented: __itt_heap_free_begin
33689 : 0xef7b79b479dbd : 2 : ittapi_config_apply_per_lib :  ITTAPI function not implemented: __itt_heap_free_end
33689 : 0xef7b79b47a9cf : 2 : ittapi_config_apply_per_lib :  ITTAPI function not implemented: __itt_heap_reallocate_begin
33689 : 0xef7b79b47afbc : 2 : ittapi_config_apply_per_lib :  ITTAPI function not implemented: __itt_heap_reallocate_end
33689 : 0xef7b79b47b647 : 2 : ittapi_config_apply_per_lib :  ITTAPI function not implemented: __itt_heap_internal_access_begin
33689 : 0xef7b79b47bc8d : 2 : ittapi_config_apply_per_lib :  ITTAPI function not implemented: __itt_heap_internal_access_end
33689 : 0xef7b79b47c2de : 2 : ittapi_config_apply_per_lib :  ITTAPI function not implemented: __itt_heap_record_memory_growth_begin
33689 : 0xef7b79b47c92a : 2 : ittapi_config_apply_per_lib :  ITTAPI function not implemented: __itt_heap_record_memory_growth_end
33689 : 0xef7b79b47cf00 : 2 : ittapi_config_apply_per_lib :  ITTAPI function not implemented: __itt_heap_reset_detection
33689 : 0xef7b79b47d4c3 : 2 : ittapi_config_apply_per_lib :  ITTAPI function not implemented: __itt_heap_record
33689 : 0xef7b79b47da96 : 2 : ittapi_config_apply_per_lib :  ITTAPI function not implemented: __itt_id_create
33689 : 0xef7b79b4fa3e0 : 2 : ittapi_config_apply_per_lib :  ITTAPI function not implemented: __itt_id_destroy
33689 : 0xef7b79b4faf12 : 2 : ittapi_config_apply_per_lib :  ITTAPI function instrumented: __itt_get_timestamp
33689 : 0xef7b79b4fb512 : 2 : ittapi_config_apply_per_lib :  ITTAPI function not implemented: __itt_region_begin
33689 : 0xef7b79b4fba78 : 2 : ittapi_config_apply_per_lib :  ITTAPI function not implemented: __itt_region_end
33689 : 0xef7b79b4fbfc4 : 2 : ittapi_config_apply_per_lib :  ITTAPI function instrumented: __itt_frame_begin_v3
33689 : 0xef7b79b4fc482 : 2 : ittapi_config_apply_per_lib :  ITTAPI function instrumented: __itt_frame_end_v3
33689 : 0xef7b79b4fc8fe : 2 : ittapi_config_apply_per_lib :  ITTAPI function instrumented: __itt_frame_submit_v3
33689 : 0xef7b79b4fcc80 : 2 : ittapi_config_apply_per_lib :  ITTAPI function NOT instrumented (not matched by --itt-config option): __itt_task_group

33689 : 0xef7b79b4fd038 : 2 : ittapi_config_apply_per_lib :  ITTAPI function NOT instrumented (not matched by --itt-config option): __itt_task_begin

33689 : 0xef7b79b4fd37e : 2 : ittapi_config_apply_per_lib :  ITTAPI function NOT instrumented (not matched by --itt-config option): __itt_task_begin_fn

33689 : 0xef7b79b57ec21 : 2 : ittapi_config_apply_per_lib :  ITTAPI function NOT instrumented (not matched by --itt-config option): __itt_task_end

33689 : 0xef7b79b57fdce : 2 : ittapi_config_apply_per_lib :  ITTAPI function not implemented: __itt_counter_inc_v3
33689 : 0xef7b79b5804bf : 2 : ittapi_config_apply_per_lib :  ITTAPI function not implemented: __itt_counter_inc_delta_v3
33689 : 0xef7b79b580af1 : 2 : ittapi_config_apply_per_lib :  ITTAPI function not implemented: __itt_marker
33689 : 0xef7b79b581069 : 2 : ittapi_config_apply_per_lib :  ITTAPI function instrumented: __itt_metadata_add
33689 : 0xef7b79b581653 : 2 : ittapi_config_apply_per_lib :  ITTAPI function not implemented: __itt_metadata_str_add
33689 : 0xef7b79b581c8f : 2 : ittapi_config_apply_per_lib :  ITTAPI function not implemented: __itt_relation_add_to_current
33689 : 0xef7b79b582269 : 2 : ittapi_config_apply_per_lib :  ITTAPI function not implemented: __itt_relation_add
33689 : 0xef7b79b582741 : 2 : ittapi_config_apply_per_lib :  ITTAPI function instrumented: __itt_event_create
33689 : 0xef7b79b582a9c : 2 : ittapi_config_apply_per_lib :  ITTAPI function NOT instrumented (not matched by --itt-config option): __itt_event_start

33689 : 0xef7b79b5f78cc : 2 : ittapi_config_apply_per_lib :  ITTAPI function NOT instrumented (not matched by --itt-config option): __itt_event_end

33689 : 0xef7b79b5f81b9 : 2 : ittapi_config_apply_per_lib :  ITTAPI function NOT instrumented (not matched by --itt-config option): __itt_sync_set_name

33689 : 0xef7b79b5f89e0 : 2 : ittapi_config_apply_per_lib :  ITTAPI function instrumented: __itt_notify_sync_name
33689 : 0xef7b79b5f8ed8 : 2 : ittapi_config_apply_per_lib :  ITTAPI function instrumented: __itt_notify_sync_prepare
33689 : 0xef7b79b5f93ab : 2 : ittapi_config_apply_per_lib :  ITTAPI function instrumented: __itt_notify_sync_cancel
33689 : 0xef7b79b5f98f7 : 2 : ittapi_config_apply_per_lib :  ITTAPI function instrumented: __itt_notify_sync_acquired
33689 : 0xef7b79b5f9d81 : 2 : ittapi_config_apply_per_lib :  ITTAPI function instrumented: __itt_notify_sync_releasing
33689 : 0xef7b79b5fa587 : 2 : ittapi_config_apply_per_lib :  ITTAPI function not implemented: __itt_memory_read
33689 : 0xef7b79b5fabe6 : 2 : ittapi_config_apply_per_lib :  ITTAPI function not implemented: __itt_memory_write
33689 : 0xef7b79b5fb189 : 2 : ittapi_config_apply_per_lib :  ITTAPI function not implemented: __itt_memory_update
33689 : 0xef7b79b67cda4 : 2 : ittapi_config_apply_per_lib :  ITTAPI function not implemented: __itt_state_get
33689 : 0xef7b79b67d8cf : 2 : ittapi_config_apply_per_lib :  ITTAPI function not implemented: __itt_state_set
33689 : 0xef7b79b67de58 : 2 : ittapi_config_apply_per_lib :  ITTAPI function not implemented: __itt_obj_mode_set
33689 : 0xef7b79b67e3cd : 2 : ittapi_config_apply_per_lib :  ITTAPI function not implemented: __itt_thr_mode_set
33689 : 0xef7b79b67e8ed : 2 : ittapi_config_apply_per_lib :  ITTAPI function instrumented: __itt_frame_create
33689 : 0xef7b79b67ee19 : 2 : ittapi_config_apply_per_lib :  ITTAPI function instrumented: __itt_frame_begin
33689 : 0xef7b79b67f2b6 : 2 : ittapi_config_apply_per_lib :  ITTAPI function instrumented: __itt_frame_end
33689 : 0xef7b79b67f86a : 2 : ittapi_config_apply_per_lib :  ITTAPI function not implemented: __itt_counter_create
33689 : 0xef7b79b67fe36 : 2 : ittapi_config_apply_per_lib :  ITTAPI function not implemented: __itt_counter_destroy
33689 : 0xef7b79b6803b7 : 2 : ittapi_config_apply_per_lib :  ITTAPI function not implemented: __itt_counter_inc
33689 : 0xef7b79b706b1b : 2 : ittapi_config_apply_per_lib :  ITTAPI function not implemented: __itt_counter_inc_delta
33689 : 0xef7b79b707697 : 2 : ittapi_config_apply_per_lib :  ITTAPI function not implemented: __itt_mark_create
33689 : 0xef7b79b707c66 : 2 : ittapi_config_apply_per_lib :  ITTAPI function not implemented: __itt_mark
33689 : 0xef7b79b7082f0 : 2 : ittapi_config_apply_per_lib :  ITTAPI function not implemented: __itt_mark_off
33689 : 0xef7b79b7088a3 : 2 : ittapi_config_apply_per_lib :  ITTAPI function not implemented: __itt_mark_global
33689 : 0xef7b79b708e4e : 2 : ittapi_config_apply_per_lib :  ITTAPI function not implemented: __itt_mark_global_off
33689 : 0xef7b79b7093ae : 2 : ittapi_config_apply_per_lib :  ITTAPI function instrumented: __itt_stack_caller_create
33689 : 0xef7b79b70986c : 2 : ittapi_config_apply_per_lib :  ITTAPI function instrumented: __itt_stack_caller_destroy
33689 : 0xef7b79b709d4b : 2 : ittapi_config_apply_per_lib :  ITTAPI function instrumented: __itt_stack_callee_enter
33689 : 0xef7b79b70a1f4 : 2 : ittapi_config_apply_per_lib :  ITTAPI function instrumented: __itt_stack_callee_leave
33689 : 0xef7b79b77daa2 : 2 : ittapi_config_apply_per_lib :  ITTAPI function not implemented: __itt_clock_domain_create
33689 : 0xef7b79b77e5f8 : 2 : ittapi_config_apply_per_lib :  ITTAPI function not implemented: __itt_clock_domain_reset
33689 : 0xef7b79b77ebe2 : 2 : ittapi_config_apply_per_lib :  ITTAPI function not implemented: __itt_id_create_ex
33689 : 0xef7b79b77f1b7 : 2 : ittapi_config_apply_per_lib :  ITTAPI function not implemented: __itt_id_destroy_ex
33689 : 0xef7b79b77f54c : 2 : ittapi_config_apply_per_lib :  ITTAPI function NOT instrumented (not matched by --itt-config option): __itt_task_begin_ex

33689 : 0xef7b79b77f900 : 2 : ittapi_config_apply_per_lib :  ITTAPI function NOT instrumented (not matched by --itt-config option): __itt_task_begin_fn_ex

33689 : 0xef7b79b77fc8f : 2 : ittapi_config_apply_per_lib :  ITTAPI function NOT instrumented (not matched by --itt-config option): __itt_task_end_ex

33689 : 0xef7b79b77ffdc : 2 : ittapi_config_apply_per_lib :  ITTAPI function NOT instrumented (not matched by --itt-config option): __itt_task_begin_overlapped

33689 : 0xef7b79b78035b : 2 : ittapi_config_apply_per_lib :  ITTAPI function NOT instrumented (not matched by --itt-config option): __itt_task_begin_overlapped_ex

33689 : 0xef7b79b7806da : 2 : ittapi_config_apply_per_lib :  ITTAPI function NOT instrumented (not matched by --itt-config option): __itt_task_end_overlapped

33689 : 0xef7b79b7f8738 : 2 : ittapi_config_apply_per_lib :  ITTAPI function NOT instrumented (not matched by --itt-config option): __itt_task_end_overlapped_ex

33689 : 0xef7b79b7fa266 : 2 : ittapi_config_apply_per_lib :  ITTAPI function not implemented: __itt_marker_ex
33689 : 0xef7b79b7fa91e : 2 : ittapi_config_apply_per_lib :  ITTAPI function not implemented: __itt_metadata_add_with_scope
33689 : 0xef7b79b7fafae : 2 : ittapi_config_apply_per_lib :  ITTAPI function not implemented: __itt_metadata_str_add_with_scope
33689 : 0xef7b79b7fb608 : 2 : ittapi_config_apply_per_lib :  ITTAPI function not implemented: __itt_relation_add_to_current_ex
33689 : 0xef7b79b7fbc52 : 2 : ittapi_config_apply_per_lib :  ITTAPI function not implemented: __itt_relation_add_ex
33689 : 0xef7b79b7fc27a : 2 : ittapi_config_apply_per_lib :  ITTAPI function not implemented: __itt_track_group_create
33689 : 0xef7b79b7fc88d : 2 : ittapi_config_apply_per_lib :  ITTAPI function not implemented: __itt_track_create
33689 : 0xef7b79b7fce28 : 2 : ittapi_config_apply_per_lib :  ITTAPI function not implemented: __itt_set_track
33689 : 0xef7b79b7fd2d8 : 2 : ittapi_config_apply_per_lib :  ITTAPI function instrumented: __itt_api_version
33689 : 0xef7b79b88234a : 2 : ittapi_config_apply_per_lib :  ITTAPI function not implemented: __itt_av_save