
143291 : 0x4933efca11416 : 4 : __ittapi_collector_init :  pthread_atfork() result: 0
143291 : 0x4933efca19e72 : 2 : ittapi_config_mask_get :  --itt-config mask to be applied: 17
143291 : 0x4933efca1bd04 : 2 : ittapi_config_apply_per_lib :  ITTAPI function instrumented: __itt_domain_create
143291 : 0x4933efca1c633 : 2 : ittapi_config_apply_per_lib :  ITTAPI function instrumented: __itt_string_handle_create
143291 : 0x4933efca1cd38 : 2 : ittapi_config_apply_per_lib :  ITTAPI function instrumented: __itt_pause
143291 : 0x4933efca1d330 : 2 : ittapi_config_apply_per_lib :  ITTAPI function instrumented: __itt_resume
143291 : 0x4933efca1d8fc : 2 : ittapi_config_apply_per_lib :  ITTAPI function instrumented: __itt_thread_set_name
143291 : 0x4933efca1de61 : 2 : ittapi_config_apply_per_lib :  ITTAPI function instrumented: __itt_thread_ignore
143291 : 0x4933efca1e5f2 : 2 : ittapi_config_apply_per_lib :  ITTAPI function instrumented: __itt_thr_name_set
143291 : 0x4933efca1ebb3 : 2 : ittapi_config_apply_per_lib :  ITTAPI function instrumented: __itt_thr_ignore
143291 : 0x4933efcbf507b : 2 : ittapi_config_apply_per_lib :  ITTAPI function not implemented: __itt_enable_attach
143291 : 0x4933efcbf60c0 : 2 : ittapi_config_apply_per_lib :  ITTAPI function NOT instrumented (not matched by --itt-config option): __itt_sync_create

143291 : 0x4933efcbf66e4 : 2 : ittapi_config_apply_per_lib :  ITTAPI function NOT instrumented (not matched by --itt-config option): __itt_sync_rename

143291 : 0x4933efcbf6b22 : 2 : ittapi_config_apply_per_lib :  ITTAPI function NOT instrumented (not matched by --itt-config option): __itt_sync_destroy

143291 : 0x4933efcbf6f4a : 2 : ittapi_config_apply_per_lib :  ITTAPI function NOT instrumented (not matched by --itt-config option): __itt_sync_prepare

143291 : 0x4933efcbf730f : 2 : ittapi_config_apply_per_lib :  ITTAPI function NOT instrumented (not matched by --itt-config option): __itt_sync_cancel

143291 : 0x4933efcbf76eb : 2 : ittapi_config_apply_per_lib :  ITTAPI function NOT instrumented (not matched by --itt-config option): __itt_sync_acquired

143291 : 0x4933efcbf7b02 : 2 : ittapi_config_apply_per_lib :  ITTAPI function NOT instrumented (not matched by --itt-config option): __itt_sync_releasing

143291 : 0x4933efcbf8ada : 2 : ittapi_config_apply_per_lib :  ITTAPI function not implemented: __itt_suppress_push
143291 : 0x4933efcbf9304 : 2 : ittapi_config_apply_per_lib :  ITTAPI function not implemented: __itt_suppress_pop
143291 : 0x4933efcc92de3 : 2 : ittapi_config_apply_per_lib :  ITTAPI function not implemented: __itt_suppress_mark_range
143291 : 0x4933efcc93c92 : 2 : ittapi_config_apply_per_lib :  ITTAPI function not implemented: __itt_suppress_clear_range
143291 : 0x4933efcc94138 : 2 : ittapi_config_apply_per_lib :  ITTAPI function NOT instrumented (not matched by --itt-config option): __itt_sync_prepare

143291 : 0x4933efcc94536 : 2 : ittapi_config_apply_per_lib :  ITTAPI function NOT instrumented (not matched by --itt-config option): __itt_sync_cancel

143291 : 0x4933efcc9490c : 2 : ittapi_config_apply_per_lib :  ITTAPI function NOT instrumented (not matched by --itt-config option): __itt_sync_acquired

143291 : 0x4933efcc94cea : 2 : ittapi_config_apply_per_lib :  ITTAPI function NOT instrumented (not matched by --itt-config option): __itt_sync_releasing

143291 : 0x4933efcc953d5 : 2 : ittapi_config_apply_per_lib :  ITTAPI function not implemented: __itt_model_site_begin
143291 : 0x4933efcc95aaa : 2 : ittapi_config_apply_per_lib :  ITTAPI function not implemented: __itt_model_site_end
143291 : 0x4933efcc9615a : 2 : ittapi_config_apply_per_lib :  ITTAPI function not implemented: __itt_model_task_begin
143291 : 0x4933efcc967e3 : 2 : ittapi_config_apply_per_lib :  ITTAPI function not implemented: __itt_model_task_end
143291 : 0x4933efcd7e43a : 2 : ittapi_config_apply_per_lib :  ITTAPI function not implemented: __itt_model_lock_acquire
143291 : 0x4933efcd7f22e : 2 : ittapi_config_apply_per_lib :  ITTAPI function not implemented: __itt_model_lock_release
143291 : 0x4933efcd7f910 : 2 : ittapi_config_apply_per_lib :  ITTAPI function not implemented: __itt_model_record_allocation
143291 : 0x4933efcd80023 : 2 : ittapi_config_apply_per_lib :  ITTAPI function not implemented: __itt_model_record_deallocation
143291 : 0x4933efcd806e0 : 2 : ittapi_config_apply_per_lib :  ITTAPI function not implemented: __itt_model_induction_uses
143291 : 0x4933efcd80da8 : 2 : ittapi_config_apply_per_lib :  ITTAPI function not implemented: __itt_model_reduction_uses
143291 : 0x4933efcd8143c : 2 : ittapi_config_apply_per_lib :  ITTAPI function not implemented: __itt_model_observe_uses
143291 : 0x4933efcd81b1c : 2 : ittapi_config_apply_per_lib :  ITTAPI function not implemented: __itt_model_clear_uses
143291 : 0x4933efcd82252 : 2 : ittapi_config_apply_per_lib :  ITTAPI function not implemented: __itt_model_site_beginA
143291 : 0x4933efcd8291a : 2 : ittapi_config_apply_per_lib :  ITTAPI function not implemented: __itt_model_site_beginAL
143291 : 0x4933efcdf5bab : 2 : ittapi_config_apply_per_lib :  ITTAPI function not implemented: __itt_model_task_beginA
143291 : 0x4933efcdf696c : 2 : ittapi_config_apply_per_lib :  ITTAPI function not implemented: __itt_model_task_beginAL
143291 : 0x4933efcdf7051 : 2 : ittapi_config_apply_per_lib :  ITTAPI function not implemented: __itt_model_iteration_taskA
143291 : 0x4933efcdf7ec0 : 2 : ittapi_config_apply_per_lib :  ITTAPI function not implemented: __itt_model_iteration_taskAL
143291 : 0x4933efcdf84f5 : 2 : ittapi_config_apply_per_lib :  ITTAPI function not implemented: __itt_model_site_end_2
143291 : 0x4933efcdf8ac6 : 2 : ittapi_config_apply_per_lib :  ITTAPI function not implemented: __itt_model_task_end_2
143291 : 0x4933efcdf91e6 : 2 : ittapi_config_apply_per_lib :  ITTAPI function not implemented: __itt_model_lock_acquire_2
143291 : 0x4933efcdf98c2 : 2 : ittapi_config_apply_per_lib :  ITTAPI function not implemented: __itt_model_lock_release_2
143291 : 0x4933efcdf9f1b : 2 : ittapi_config_apply_per_lib :  ITTAPI function not implemented: __itt_model_aggregate_task
143291 : 0x4933efcdfa588 : 2 : ittapi_config_apply_per_lib :  ITTAPI function not implemented: __itt_model_disable_push
143291 : 0x4933efce707a8 : 2 : ittapi_config_apply_per_lib :  ITTAPI function not implemented: __itt_model_disable_pop
143291 : 0x4933efce715ca : 2 : ittapi_config_apply_per_lib :  ITTAPI function not implemented: __itt_heap_function_create
143291 : 0x4933efce71cc6 : 2 : ittapi_config_apply_per_lib :  ITTAPI function not implemented: __itt_heap_allocate_begin
143291 : 0x4933efce72342 : 2 : ittapi_config_apply_per_lib :  ITTAPI function not implemented: __itt_heap_allocate_end
143291 : 0x4933efce72a2f : 2 : ittapi_config_apply_per_lib :  ITTAPI function not implemented: __itt_heap_free_begin
143291 : 0x4933efce730c5 : 2 : ittapi_config_apply_per_lib :  ITTAPI function not implemented: __itt_heap_free_end
143291 : 0x4933efce73769 : 2 : ittapi_config_apply_per_lib :  ITTAPI function not implemented: __itt_heap_reallocate_begin
143291 : 0x4933efce73db4 : 2 : ittapi_config_apply_per_lib :  ITTAPI function not implemented: __itt_heap_reallocate_end
143291 : 0x4933efce744cb : 2 : ittapi_config_apply_per_lib :  ITTAPI function not implemented: __itt_heap_internal_access_begin
143291 : 0x4933efce74bf0 : 2 : ittapi_config_apply_per_lib :  ITTAPI function not implemented: __itt_heap_internal_access_end
143291 : 0x4933efcef207a : 2 : ittapi_config_apply_per_lib :  ITTAPI function not implemented: __itt_heap_record_memory_growth_begin
143291 : 0x4933efcef2da0 : 2 : ittapi_config_apply_per_lib :  ITTAPI function not implemented: __itt_heap_record_memory_growth_end
143291 : 0x4933efcef347a : 2 : ittapi_config_apply_per_lib :  ITTAPI function not implemented: __itt_heap_reset_detection
143291 : 0x4933efcef3b1b : 2 : ittapi_config_apply_per_lib :  ITTAPI function not implemented: __itt_heap_record
143291 : 0x4933efcef41b6 : 2 : ittapi_config_apply_per_lib :  ITTAPI function not implemented: __itt_id_create
143291 : 0x4933efcef483e : 2 : ittapi_config_apply_per_lib :  ITTAPI function not implemented: __itt_id_destroy
143291 : 0x4933efcef4e1a : 2 : ittapi_config_apply_per_lib :  ITTAPI function instrumented: __itt_get_timestamp
143291 : 0x4933efcef54c3 : 2 : ittapi_config_apply_per_lib :  ITTAPI function not implemented: __itt_region_begin
143291 : 0x4933efcef5ad1 : 2 : ittapi_config_apply_per_lib :  ITTAPI function not implemented: __itt_region_end
143291 : 0x4933efcef6076 : 2 : ittapi_config_apply_per_lib :  ITTAPI function instrumented: __itt_frame_begin_v3
143291 : 0x4933efcf9572d : 2 : ittapi_config_apply_per_lib :  ITTAPI function instrumented: __itt_frame_end_v3
143291 : 0x4933efcf963ce : 2 : ittapi_config_apply_per_lib :  ITTAPI function instrumented: __itt_frame_submit_v3
143291 : 0x4933efcf96820 : 2 : ittapi_config_apply_per_lib :  ITTAPI function NOT instrumented (not matched by --itt-config option): __itt_task_group

143291 : 0x4933efcf96c6a : 2 : ittapi_config_apply_per_lib :  ITTAPI function NOT instrumented (not matched by --itt-config option): __itt_task_begin

143291 : 0x4933efcf97018 : 2 : ittapi_config_apply_per_lib :  ITTAPI function NOT instrumented (not matched by --itt-config option): __itt_task_begin_fn

143291 : 0x4933efcf97415 : 2 : ittapi_config_apply_per_lib :  ITTAPI function NOT instrumented (not matched by --itt-config option): __itt_task_end

143291 : 0x4933efcf97d0e : 2 : ittapi_config_apply_per_lib :  ITTAPI function not implemented: __itt_counter_inc_v3
143291 : 0x4933efcf98461 : 2 : ittapi_config_apply_per_lib :  ITTAPI function not implemented: __itt_counter_inc_delta_v3
143291 : 0x4933efcf98abe : 2 : ittapi_config_apply_per_lib :  ITTAPI function not implemented: __itt_marker
143291 : 0x4933efcf9907f : 2 : ittapi_config_apply_per_lib :  ITTAPI function instrumented: __itt_metadata_add
143291 : 0x4933efd032526 : 2 : ittapi_config_apply_per_lib :  ITTAPI function not implemented: __itt_metadata_str_add
143291 : 0x4933efd0332c0 : 2 : ittapi_config_apply_per_lib :  ITTAPI function not implemented: __itt_relation_add_to_current
143291 : 0x4933efd033943 : 2 : ittapi_config_apply_per_lib :  ITTAPI function not implemented: __itt_relation_add
143291 : 0x4933efd033f2b : 2 : ittapi_config_apply_per_lib :  ITTAPI function instrumented: __itt_event_create
143291 : 0x4933efd03432f : 2 : ittapi_config_apply_per_lib :  ITTAPI function NOT instrumented (not matched by --itt-config option): __itt_event_start

143291 : 0x4933efd03473d : 2 : ittapi_config_apply_per_lib :  ITTAPI function NOT instrumented (not matched by --itt-config option): __itt_event_end

143291 : 0x4933efd034b75 : 2 : ittapi_config_apply_per_lib :  ITTAPI function NOT instrumented (not matched by --itt-config option): __itt_sync_set_name

143291 : 0x4933efd035088 : 2 : ittapi_config_apply_per_lib :  ITTAPI function instrumented: __itt_notify_sync_name
143291 : 0x4933efd0355b6 : 2 : ittapi_config_apply_per_lib :  ITTAPI function instrumented: __itt_notify_sync_prepare
143291 : 0x4933efd035ad9 : 2 : ittapi_config_apply_per_lib :  ITTAPI function instrumented: __itt_notify_sync_cancel
143291 : 0x4933efd0f0b6f : 2 : ittapi_config_apply_per_lib :  ITTAPI function instrumented: __itt_notify_sync_acquired
143291 : 0x4933efd0f172f : 2 : ittapi_config_apply_per_lib :  ITTAPI function instrumented: __itt_notify_sync_releasing
143291 : 0x4933efd0f202e : 2 : ittapi_config_apply_per_lib :  ITTAPI function not implemented: __itt_memory_read
143291 : 0x4933efd0f2797 : 2 : ittapi_config_apply_per_lib :  ITTAPI function not implemented: __itt_memory_write
143291 : 0x4933efd0f2e03 : 2 : ittapi_config_apply_per_lib :  ITTAPI function not implemented: __itt_memory_update
143291 : 0x4933efd0f34a3 : 2 : ittapi_config_apply_per_lib :  ITTAPI function not implemented: __itt_state_get
143291 : 0x4933efd0f3ab3 : 2 : ittapi_config_apply_per_lib :  ITTAPI function not implemented: __itt_state_set
143291 : 0x4933efd0f40ea : 2 : ittapi_config_apply_per_lib :  ITTAPI function not implemented: __itt_obj_mode_set
143291 : 0x4933efd0f4722 : 2 : ittapi_config_apply_per_lib :  ITTAPI function not implemented: __itt_thr_mode_set
143291 : 0x4933efd0f4c7f : 2 : ittapi_config_apply_per_lib :  ITTAPI function instrumented: __itt_frame_create
143291 : 0x4933efd16a98c : 2 : ittapi_config_apply_per_lib :  ITTAPI function instrumented: __itt_frame_begin
143291 : 0x4933efd16b4a8 : 2 : ittapi_config_apply_per_lib :  ITTAPI function instrumented: __itt_frame_end
143291 : 0x4933efd16bd0b : 2 : ittapi_config_apply_per_lib :  ITTAPI function not implemented: __itt_counter_create
143291 : 0x4933efd16c495 : 2 : ittapi_config_apply_per_lib :  ITTAPI function not implemented: __itt_counter_destroy
143291 : 0x4933efd16caf1 : 2 : ittapi_config_apply_per_lib :  ITTAPI function not implemented: __itt_counter_inc
143291 : 0x4933efd16d237 : 2 : ittapi_config_apply_per_lib :  ITTAPI function not implemented: __itt_counter_inc_delta
143291 : 0x4933efd16d8d5 : 2 : ittapi_config_apply_per_lib :  ITTAPI function not implemented: __itt_mark_create
143291 : 0x4933efd16defe : 2 : ittapi_config_apply_per_lib :  ITTAPI function not implemented: __itt_mark
143291 : 0x4933efd16e60b : 2 : ittapi_config_apply_per_lib :  ITTAPI function not implemented: __itt_mark_off
143291 : 0x4933efd16ec50 : 2 : ittapi_config_apply_per_lib :  ITTAPI function not implemented: __itt_mark_global
143291 : 0x4933efd1dccb2 : 2 : ittapi_config_apply_per_lib :  ITTAPI function not implemented: __itt_mark_global_off
143291 : 0x4933efd1dd904 : 2 : ittapi_config_apply_per_lib :  ITTAPI function instrumented: __itt_stack_caller_create
143291 : 0x4933efd1dde8e : 2 : ittapi_config_apply_per_lib :  ITTAPI function instrumented: __itt_stack_caller_destroy
143291 : 0x4933efd1de422 : 2 : ittapi_config_apply_per_lib :  ITTAPI function instrumented: __itt_stack_callee_enter
143291 : 0x4933efd1de975 : 2 : ittapi_config_apply_per_lib :  ITTAPI function instrumented: __itt_stack_callee_leave
143291 : 0x4933efd1df023 : 2 : ittapi_config_apply_per_lib :  ITTAPI function not implemented: __itt_clock_domain_create
143291 : 0x4933efd1df6dd : 2 : ittapi_config_apply_per_lib :  ITTAPI function not implemented: __itt_clock_domain_reset
143291 : 0x4933efd1dfd3a : 2 : ittapi_config_apply_per_lib :  ITTAPI function not implemented: __itt_id_create_ex
143291 : 0x4933efd1e038d : 2 : ittapi_config_apply_per_lib :  ITTAPI function not implemented: __itt_id_destroy_ex
143291 : 0x4933efd1e0798 : 2 : ittapi_config_apply_per_lib :  ITTAPI function NOT instrumented (not matched by --itt-config option): __itt_task_begin_ex

143291 : 0x4933efd24b8c5 : 2 : ittapi_config_apply_per_lib :  ITTAPI function NOT instrumented (not matched by --itt-config option): __itt_task_begin_fn_ex

143291 : 0x4933efd24c36d : 2 : ittapi_config_apply_per_lib :  ITTAPI function NOT instrumented (not matched by --itt-config option): __itt_task_end_ex

143291 : 0x4933efd24c76f : 2 : ittapi_config_apply_per_lib :  ITTAPI function NOT instrumented (not matched by --itt-config option): __itt_task_begin_overlapped

143291 : 0x4933efd24cb79 : 2 : ittapi_config_apply_per_lib :  ITTAPI function NOT instrumented (not matched by --itt-config option): __itt_task_begin_overlapped_ex

143291 : 0x4933efd24cf76 : 2 : ittapi_config_apply_per_lib :  ITTAPI function NOT instrumented (not matched by --itt-config option): __itt_task_end_overlapped

143291 : 0x4933efd24d373 : 2 : ittapi_config_apply_per_lib :  ITTAPI function NOT instrumented (not matched by --itt-config option): __itt_task_end_overlapped_ex

143291 : 0x4933efd24e0c9 : 2 : ittapi_config_apply_per_lib :  ITTAPI function not implemented: __itt_marker_ex
143291 : 0x4933efd24e7c1 : 2 : ittapi_config_apply_per_lib :  ITTAPI function not implemented: __itt_metadata_add_with_scope
143291 : 0x4933efd24eeeb : 2 : ittapi_config_apply_per_lib :  ITTAPI function not implemented: __itt_metadata_str_add_with_scope
143291 : 0x4933efd24f613 : 2 : ittapi_config_apply_per_lib :  ITTAPI function not implemented: __itt_relation_add_to_current_ex
143291 : 0x4933efd2d9535 : 2 : ittapi_config_apply_per_lib :  ITTAPI function not implemented: __itt_relation_add_ex
143291 : 0x4933efd2da2ef : 2 : ittapi_config_apply_per_lib :  ITTAPI function not implemented: __itt_track_group_create
143291 : 0x4933efd2da9c5 : 2 : ittapi_config_apply_per_lib :  ITTAPI function not implemented: __itt_track_create
143291 : 0x4933efd2db069 : 2 : ittapi_config_apply_per_lib :  ITTAPI function not implemented: __itt_set_track
143291 : 0x4933efd2db5c9 : 2 : ittapi_config_apply_per_lib :  ITTAPI function instrumented: __itt_api_version
143291 : 0x4933efd2dbc13 : 2 : ittapi_config_apply_per_lib :  ITTAPI function not implemented: __itt_av_save
143291 : 0x4933efd305e6a : 2 : ittapi_config_mask_get :  --itt-config mask to be applied: 17
143291 : 0x4933efd306a35 : 2 : ittapi_config_apply_per_lib :  ITTAPI function instrumented: __itt_domain_create
143291 : 0x4933efd307018 : 2 : ittapi_config_apply_per_lib :  ITTAPI function instrumented: __itt_string_handle_create
143291 : 0x4933efd30760d : 2 : ittapi_config_apply_per_lib :  ITTAPI function instrumented: __itt_pause
143291 : 0x4933efd380c81 : 2 : ittapi_config_apply_per_lib :  ITTAPI function instrumented: __itt_resume
143291 : 0x4933efd38186c : 2 : ittapi_config_apply_per_lib :  ITTAPI function instrumented: __itt_thread_set_name
143291 : 0x4933efd381e2e : 2 : ittapi_config_apply_per_lib :  ITTAPI function instrumented: __itt_thread_ignore
143291 : 0x4933efd38239c : 2 : ittapi_config_apply_per_lib :  ITTAPI function instrumented: __itt_thr_name_set
143291 : 0x4933efd3828d8 : 2 : ittapi_config_apply_per_lib :  ITTAPI function instrumented: __itt_thr_ignore
143291 : 0x4933efd3831fc : 2 : ittapi_config_apply_per_lib :  ITTAPI function not implemented: __itt_enable_attach
143291 : 0x4933efd3836ee : 2 : ittapi_config_apply_per_lib :  ITTAPI function NOT instrumented (not matched by --itt-config option): __itt_sync_create

143291 : 0x4933efd383b55 : 2 : ittapi_config_apply_per_lib :  ITTAPI function NOT instrumented (not matched by --itt-config option): __itt_sync_rename

143291 : 0x4933efd383f64 : 2 : ittapi_config_apply_per_lib :  ITTAPI function NOT instrumented (not matched by --itt-config option): __itt_sync_destroy

143291 : 0x4933efd384372 : 2 : ittapi_config_apply_per_lib :  ITTAPI function NOT instrumented (not matched by --itt-config option): __itt_sync_prepare

143291 : 0x4933efd3f32f2 : 2 : ittapi_config_apply_per_lib :  ITTAPI function NOT instrumented (not matched by --itt-config option): __itt_sync_cancel

143291 : 0x4933efd3f3d01 : 2 : ittapi_config_apply_per_lib :  ITTAPI function NOT instrumented (not matched by --itt-config option): __itt_sync_acquired

143291 : 0x4933efd3f4117 : 2 : ittapi_config_apply_per_lib :  ITTAPI function NOT instrumented (not matched by --itt-config option): __itt_sync_releasing

143291 : 0x4933efd3f4d47 : 2 : ittapi_config_apply_per_lib :  ITTAPI function not implemented: __itt_suppress_push
143291 : 0x4933efd3f5551 : 2 : ittapi_config_apply_per_lib :  ITTAPI function not implemented: __itt_suppress_pop
143291 : 0x4933efd3f5c3e : 2 : ittapi_config_apply_per_lib :  ITTAPI function not implemented: __itt_suppress_mark_range
143291 : 0x4933efd3f6325 : 2 : ittapi_config_apply_per_lib :  ITTAPI function not implemented: __itt_suppress_clear_range
143291 : 0x4933efd3f6732 : 2 : ittapi_config_apply_per_lib :  ITTAPI function NOT instrumented (not matched by --itt-config option): __itt_sync_prepare

143291 : 0x4933efd3f6b32 : 2 : ittapi_config_apply_per_lib :  ITTAPI function NOT instrumented (not matched by --itt-config option): __itt_sync_cancel

143291 : 0x4933efd3f6f01 : 2 : ittapi_config_apply_per_lib :  ITTAPI function NOT instrumented (not matched by --itt-config option): __itt_sync_acquired

143291 : 0x4933efd45df9b : 2 : ittapi_config_apply_per_lib :  ITTAPI function NOT instrumented (not matched by --itt-config option): __itt_sync_releasing

143291 : 0x4933efd45f269 : 2 : ittapi_config_apply_per_lib :  ITTAPI function not implemented: __itt_model_site_begin
143291 : 0x4933efd45f999 : 2 : ittapi_config_apply_per_lib :  ITTAPI function not implemented: __itt_model_site_end
143291 : 0x4933efd46001b : 2 : ittapi_config_apply_per_lib :  ITTAPI function not implemented: __itt_model_task_begin
143291 : 0x4933efd460694 : 2 : ittapi_config_apply_per_lib :  ITTAPI function not implemented: __itt_model_task_end
143291 : 0x4933efd460cd7 : 2 : ittapi_config_apply_per_lib :  ITTAPI function not implemented: __itt_model_lock_acquire
143291 : 0x4933efd46133a : 2 : ittapi_config_apply_per_lib :  ITTAPI function not implemented: __itt_model_lock_release
143291 : 0x4933efd4619bd : 2 : ittapi_config_apply_per_lib :  ITTAPI function not implemented: __itt_model_record_allocation
143291 : 0x4933efd46209a : 2 : ittapi_config_apply_per_lib :  ITTAPI function not implemented: __itt_model_record_deallocation
143291 : 0x4933efd462736 : 2 : ittapi_config_apply_per_lib :  ITTAPI function not implemented: __itt_model_induction_uses
143291 : 0x4933efd4d9c4b : 2 : ittapi_config_apply_per_lib :  ITTAPI function not implemented: __itt_model_reduction_uses
143291 : 0x4933efd4da917 : 2 : ittapi_config_apply_per_lib :  ITTAPI function not implemented: __itt_model_observe_uses
143291 : 0x4933efd4db003 : 2 : ittapi_config_apply_per_lib :  ITTAPI function not implemented: __itt_model_clear_uses
143291 : 0x4933efd4db729 : 2 : ittapi_config_apply_per_lib :  ITTAPI function not implemented: __itt_model_site_beginA
143291 : 0x4933efd4dbda7 : 2 : ittapi_config_apply_per_lib :  ITTAPI function not implemented: __itt_model_site_beginAL
143291 : 0x4933efd4dc43f : 2 : ittapi_config_apply_per_lib :  ITTAPI function not implemented: __itt_model_task_beginA
143291 : 0x4933efd4dcb01 : 2 : ittapi_config_apply_per_lib :  ITTAPI function not implemented: __itt_model_task_beginAL
143291 : 0x4933efd4dd19a : 2 : ittapi_config_apply_per_lib :  ITTAPI function not implemented: __itt_model_iteration_taskA
143291 : 0x4933efd4dd83c : 2 : ittapi_config_apply_per_lib :  ITTAPI function not implemented: __itt_model_iteration_taskAL
143291 : 0x4933efd4dde7f : 2 : ittapi_config_apply_per_lib :  ITTAPI function not implemented: __itt_model_site_end_2
143291 : 0x4933efd54302f : 2 : ittapi_config_apply_per_lib :  ITTAPI function not implemented: __itt_model_task_end_2
143291 : 0x4933efd543dce : 2 : ittapi_config_apply_per_lib :  ITTAPI function not implemented: __itt_model_lock_acquire_2
143291 : 0x4933efd5444f5 : 2 : ittapi_config_apply_per_lib :  ITTAPI function not implemented: __itt_model_lock_release_2
143291 : 0x4933efd544b87 : 2 : ittapi_config_apply_per_lib :  ITTAPI function not implemented: __itt_model_aggregate_task
143291 : 0x4933efd54521e : 2 : ittapi_config_apply_per_lib :  ITTAPI function not implemented: __itt_model_disable_push
143291 : 0x4933efd545884 : 2 : ittapi_config_apply_per_lib :  ITTAPI function not implemented: __itt_model_disable_pop
143291 : 0x4933efd545f40 : 2 : ittapi_config_apply_per_lib :  ITTAPI function not implemented: __itt_heap_function_create
143291 : 0x4933efd5465f9 : 2 : ittapi_config_apply_per_lib :  ITTAPI function not implemented: __itt_heap_allocate_begin
143291 : 0x4933efd546c3b : 2 : ittapi_config_apply_per_lib :  ITTAPI function not implemented: __itt_heap_allocate_end
143291 : 0x4933efd54733e : 2 : ittapi_config_apply_per_lib :  ITTAPI function not implemented: __itt_heap_free_begin
143291 : 0x4933efd5aea43 : 2 : ittapi_config_apply_per_lib :  ITTAPI function not implemented: __itt_heap_free_end
143291 : 0x4933efd5af659 : 2 : ittapi_config_apply_per_lib :  ITTAPI function not implemented: __itt_heap_reallocate_begin
143291 : 0x4933efd5afcda : 2 : ittapi_config_apply_per_lib :  ITTAPI function not implemented: __itt_heap_reallocate_end
143291 : 0x4933efd5b03df : 2 : ittapi_config_apply_per_lib :  ITTAPI function not implemented: __itt_heap_internal_access_begin
143291 : 0x4933efd5b0b05 : 2 : ittapi_config_apply_per_lib :  ITTAPI function not implemented: __itt_heap_internal_access_end
143291 : 0x4933efd5b1223 : 2 : ittapi_config_apply_per_lib :  ITTAPI function not implemented: __itt_heap_record_memory_growth_begin
143291 : 0x4933efd5b190f : 2 : ittapi_config_apply_per_lib :  ITTAPI function not implemented: __itt_heap_record_memory_growth_end
143291 : 0x4933efd5b1fc5 : 2 : ittapi_config_apply_per_lib :  ITTAPI function not implemented: __itt_heap_reset_detection
143291 : 0x4933efd5b2639 : 2 : ittapi_config_apply_per_lib :  ITTAPI function not implemented: __itt_heap_record
143291 : 0x4933efd5b2ca5 : 2 : ittapi_config_apply_per_lib :  ITTAPI function not implemented: __itt_id_create
143291 : 0x4933efd6659d7 : 2 : ittapi_config_apply_per_lib :  ITTAPI function not implemented: __itt_id_destroy
143291 : 0x4933efd66668e : 2 : ittapi_config_apply_per_lib :  ITTAPI function instrumented: __itt_get_timestamp
143291 : 0x4933efd667427 : 2 : ittapi_config_apply_per_lib :  ITTAPI function not implemented: __itt_region_begin
143291 : 0x4933efd667a65 : 2 : ittapi_config_apply_per_lib :  ITTAPI function not implemented: __itt_region_end
143291 : 0x4933efd667fe1 : 2 : ittapi_config_apply_per_lib :  ITTAPI function instrumented: __itt_frame_begin_v3
143291 : 0x4933efd66851d : 2 : ittapi_config_apply_per_lib :  ITTAPI function instrumented: __itt_frame_end_v3
143291 : 0x4933efd668aaa : 2 : ittapi_config_apply_per_lib :  ITTAPI function instrumented: __itt_frame_submit_v3
143291 : 0x4933efd668ea2 : 2 : ittapi_config_apply_per_lib :  ITTAPI function NOT instrumented (not matched by --itt-config option): __itt_task_group

143291 : 0x4933efd6692b3 : 2 : ittapi_config_apply_per_lib :  ITTAPI function NOT instrumented (not matched by --itt-config option): __itt_task_begin

143291 : 0x4933efd669669 : 2 : ittapi_config_apply_per_lib :  ITTAPI function NOT instrumented (not matched by --itt-config option): __itt_task_begin_fn

143291 : 0x4933efd6ef6fc : 2 : ittapi_config_apply_per_lib :  ITTAPI function NOT instrumented (not matched by --itt-config option): __itt_task_end

143291 : 0x4933efd6f0787 : 2 : ittapi_config_apply_per_lib :  ITTAPI function not implemented: __itt_counter_inc_v3
143291 : 0x4933efd6f0f2d : 2 : ittapi_config_apply_per_lib :  ITTAPI function not implemented: __itt_counter_inc_delta_v3
143291 : 0x4933efd6f1587 : 2 : ittapi_config_apply_per_lib :  ITTAPI function not implemented: __itt_marker
143291 : 0x4933efd6f1baf : 2 : ittapi_config_apply_per_lib :  ITTAPI function instrumented: __itt_metadata_add
143291 : 0x4933efd6f2250 : 2 : ittapi_config_apply_per_lib :  ITTAPI function not implemented: __itt_metadata_str_add
143291 : 0x4933efd6f2908 : 2 : ittapi_config_apply_per_lib :  ITTAPI function not implemented: __itt_relation_add_to_current
143291 : 0x4933efd6f2f45 : 2 : ittapi_config_apply_per_lib :  ITTAPI function not implemented: __itt_relation_add
143291 : 0x4933efd6f34b1 : 2 : ittapi_config_apply_per_lib :  ITTAPI function instrumented: __itt_event_create
143291 : 0x4933efd6f385e : 2 : ittapi_config_apply_per_lib :  ITTAPI function NOT instrumented (not matched by --itt-config option): __itt_event_start

143291 : 0x4933efd78743f : 2 : ittapi_config_apply_per_lib :  ITTAPI function NOT instrumented (not matched by --itt-config option): __itt_event_end

143291 : 0x4933efd787dfa : 2 : ittapi_config_apply_per_lib :  ITTAPI function NOT instrumented (not matched by --itt-config option): __itt_sync_set_name

143291 : 0x4933efd7886b5 : 2 : ittapi_config_apply_per_lib :  ITTAPI function instrumented: __itt_notify_sync_name
143291 : 0x4933efd788c54 : 2 : ittapi_config_apply_per_lib :  ITTAPI function instrumented: __itt_notify_sync_prepare
143291 : 0x4933efd789177 : 2 : ittapi_config_apply_per_lib :  ITTAPI function instrumented: __itt_notify_sync_cancel
143291 : 0x4933efd7896fa : 2 : ittapi_config_apply_per_lib :  ITTAPI function instrumented: __itt_notify_sync_acquired
143291 : 0x4933efd789be5 : 2 : ittapi_config_apply_per_lib :  ITTAPI function instrumented: __itt_notify_sync_releasing
143291 : 0x4933efd78a486 : 2 : ittapi_config_apply_per_lib :  ITTAPI function not implemented: __itt_memory_read
143291 : 0x4933efd78aba7 : 2 : ittapi_config_apply_per_lib :  ITTAPI function not implemented: __itt_memory_write
143291 : 0x4933efd78b200 : 2 : ittapi_config_apply_per_lib :  ITTAPI function not implemented: __itt_memory_update
143291 : 0x4933efd7f267f : 2 : ittapi_config_apply_per_lib :  ITTAPI function not implemented: __itt_state_get
143291 : 0x4933efd7f3379 : 2 : ittapi_config_apply_per_lib :  ITTAPI function not implemented: __itt_state_set
143291 : 0x4933efd7f39c3 : 2 : ittapi_config_apply_per_lib :  ITTAPI function not implemented: __itt_obj_mode_set
143291 : 0x4933efd7f4042 : 2 : ittapi_config_apply_per_lib :  ITTAPI function not implemented: __itt_thr_mode_set
143291 : 0x4933efd7f45e0 : 2 : ittapi_config_apply_per_lib :  ITTAPI function instrumented: __itt_frame_create
143291 : 0x4933efd7f4b3c : 2 : ittapi_config_apply_per_lib :  ITTAPI function instrumented: __itt_frame_begin
143291 : 0x4933efd7f506b : 2 : ittapi_config_apply_per_lib :  ITTAPI function instrumented: __itt_frame_end
143291 : 0x4933efd7f569e : 2 : ittapi_config_apply_per_lib :  ITTAPI function not implemented: __itt_counter_create
143291 : 0x4933efd7f5cf0 : 2 : ittapi_config_apply_per_lib :  ITTAPI function not implemented: __itt_counter_destroy
143291 : 0x4933efd7f630d : 2 : ittapi_config_apply_per_lib :  ITTAPI function not implemented: __itt_counter_inc
143291 : 0x4933efd862a03 : 2 : ittapi_config_apply_per_lib :  ITTAPI function not implemented: __itt_counter_inc_delta
143291 : 0x4933efd863753 : 2 : ittapi_config_apply_per_lib :  ITTAPI function not implemented: __itt_mark_create
143291 : 0x4933efd863dd3 : 2 : ittapi_config_apply_per_lib :  ITTAPI function not implemented: __itt_mark
143291 : 0x4933efd8644ea : 2 : ittapi_config_apply_per_lib :  ITTAPI function not implemented: __itt_mark_off
143291 : 0x4933efd864b8c : 2 : ittapi_config_apply_per_lib :  ITTAPI function not implemented: __itt_mark_global
143291 : 0x4933efd8651dd : 2 : ittapi_config_apply_per_lib :  ITTAPI function not implemented: __itt_mark_global_off
143291 : 0x4933efd8657e6 : 2 : ittapi_config_apply_per_lib :  ITTAPI function instrumented: __itt_stack_caller_create
143291 : 0x4933efd865d46 : 2 : ittapi_config_apply_per_lib :  ITTAPI function instrumented: __itt_stack_caller_destroy
143291 : 0x4933efd8662c9 : 2 : ittapi_config_apply_per_lib :  ITTAPI function instrumented: __itt_stack_callee_enter
143291 : 0x4933efd866810 : 2 : ittapi_config_apply_per_lib :  ITTAPI function instrumented: __itt_stack_callee_leave
143291 : 0x4933efd8d503e : 2 : ittapi_config_apply_per_lib :  ITTAPI function not implemented: __itt_clock_domain_create
143291 : 0x4933efd8d5e0b : 2 : ittapi_config_apply_per_lib :  ITTAPI function not implemented: __itt_clock_domain_reset
143291 : 0x4933efd8d64ae : 2 : ittapi_config_apply_per_lib :  ITTAPI function not implemented: __itt_id_create_ex
143291 : 0x4933efd8d6b37 : 2 : ittapi_config_apply_per_lib :  ITTAPI function not implemented: __itt_id_destroy_ex
143291 : 0x4933efd8d6f47 : 2 : ittapi_config_apply_per_lib :  ITTAPI function NOT instrumented (not matched by --itt-config option): __itt_task_begin_ex

143291 : 0x4933efd8d736c : 2 : ittapi_config_apply_per_lib :  ITTAPI function NOT instrumented (not matched by --itt-config option): __itt_task_begin_fn_ex

143291 : 0x4933efd8d776e : 2 : ittapi_config_apply_per_lib :  ITTAPI function NOT instrumented (not matched by --itt-config option): __itt_task_end_ex

143291 : 0x4933efd8d7b24 : 2 : ittapi_config_apply_per_lib :  ITTAPI function NOT instrumented (not matched by --itt-config option): __itt_task_begin_overlapped

143291 : 0x4933efd8d7f20 : 2 : ittapi_config_apply_per_lib :  ITTAPI function NOT instrumented (not matched by --itt-config option): __itt_task_begin_overlapped_ex

143291 : 0x4933efd8d8320 : 2 : ittapi_config_apply_per_lib :  ITTAPI function NOT instrumented (not matched by --itt-config option): __itt_task_end_overlapped

143291 : 0x4933efd943a94 : 2 : ittapi_config_apply_per_lib :  ITTAPI function NOT instrumented (not matched by --itt-config option): __itt_task_end_overlapped_ex

143291 : 0x4933efd944dcf : 2 : ittapi_config_apply_per_lib :  ITTAPI function not implemented: __itt_marker_ex
143291 : 0x4933efd9454e6 : 2 : ittapi_config_apply_per_lib :  ITTAPI function not implemented: __itt_metadata_add_with_scope
143291 : 0x4933efd945bde : 2 : ittapi_config_apply_per_lib :  ITTAPI function not implemented: __itt_metadata_str_add_with_scope
143291 : 0x4933efd94631e : 2 : ittapi_config_apply_per_lib :  ITTAPI function not implemented: __itt_relation_add_to_current_ex
143291 : 0x4933efd946a09 : 2 : ittapi_config_apply_per_lib :  ITTAPI function not implemented: __itt_relation_add_ex
143291 : 0x4933efd947120 : 2 : ittapi_config_apply_per_lib :  ITTAPI function not implemented: __itt_track_group_create
143291 : 0x4933efd9477cf : 2 : ittapi_config_apply_per_lib :  ITTAPI function not implemented: __itt_track_create
143291 : 0x4933efd947e4e : 2 : ittapi_config_apply_per_lib :  ITTAPI function not implemented: __itt_set_track
143291 : 0x4933efd948a5d : 2 : ittapi_config_apply_per_lib :  ITTAPI function instrumented: __itt_api_version
143291 : 0x4933efd9bbc9b : 2 : ittapi_config_apply_per_lib :  ITTAPI function not implemented: __itt_av_save