
1964 : 0x4a22f2382fbce : 4 : __ittapi_collector_init :  pthread_atfork() result: 0
1964 : 0x4a22f2383b263 : 2 : ittapi_config_mask_get :  --itt-config mask to be applied: 17
1964 : 0x4a22f2383d1fc : 2 : ittapi_config_apply_per_lib :  ITTAPI function instrumented: __itt_domain_create
1964 : 0x4a22f2383d9a6 : 2 : ittapi_config_apply_per_lib :  ITTAPI function instrumented: __itt_string_handle_create
1964 : 0x4a22f2383e030 : 2 : ittapi_config_apply_per_lib :  ITTAPI function instrumented: __itt_pause
1964 : 0x4a22f2383e5d2 : 2 : ittapi_config_apply_per_lib :  ITTAPI function instrumented: __itt_resume
1964 : 0x4a22f2383ee87 : 2 : ittapi_config_apply_per_lib :  ITTAPI function instrumented: __itt_thread_set_name
1964 : 0x4a22f2383f462 : 2 : ittapi_config_apply_per_lib :  ITTAPI function instrumented: __itt_thread_ignore
1964 : 0x4a22f2383fa49 : 2 : ittapi_config_apply_per_lib :  ITTAPI function instrumented: __itt_thr_name_set
1964 : 0x4a22f2383ffdb : 2 : ittapi_config_apply_per_lib :  ITTAPI function instrumented: __itt_thr_ignore
1964 : 0x4a22f23978bd9 : 2 : ittapi_config_apply_per_lib :  ITTAPI function not implemented: __itt_enable_attach
1964 : 0x4a22f23979dac : 2 : ittapi_config_apply_per_lib :  ITTAPI function NOT instrumented (not matched by --itt-config option): __itt_sync_create

1964 : 0x4a22f2397a3f7 : 2 : ittapi_config_apply_per_lib :  ITTAPI function NOT instrumented (not matched by --itt-config option): __itt_sync_rename

1964 : 0x4a22f2397a828 : 2 : ittapi_config_apply_per_lib :  ITTAPI function NOT instrumented (not matched by --itt-config option): __itt_sync_destroy

1964 : 0x4a22f2397ac53 : 2 : ittapi_config_apply_per_lib :  ITTAPI function NOT instrumented (not matched by --itt-config option): __itt_sync_prepare

1964 : 0x4a22f2397b031 : 2 : ittapi_config_apply_per_lib :  ITTAPI function NOT instrumented (not matched by --itt-config option): __itt_sync_cancel

1964 : 0x4a22f2397b430 : 2 : ittapi_config_apply_per_lib :  ITTAPI function NOT instrumented (not matched by --itt-config option): __itt_sync_acquired

1964 : 0x4a22f2397b80a : 2 : ittapi_config_apply_per_lib :  ITTAPI function NOT instrumented (not matched by --itt-config option): __itt_sync_releasing

1964 : 0x4a22f2397c790 : 2 : ittapi_config_apply_per_lib :  ITTAPI function not implemented: __itt_suppress_push
1964 : 0x4a22f2397cf97 : 2 : ittapi_config_apply_per_lib :  ITTAPI function not implemented: __itt_suppress_pop
1964 : 0x4a22f23a0f122 : 2 : ittapi_config_apply_per_lib :  ITTAPI function not implemented: __itt_suppress_mark_range
1964 : 0x4a22f23a0ff4d : 2 : ittapi_config_apply_per_lib :  ITTAPI function not implemented: __itt_suppress_clear_range
1964 : 0x4a22f23a10416 : 2 : ittapi_config_apply_per_lib :  ITTAPI function NOT instrumented (not matched by --itt-config option): __itt_sync_prepare

1964 : 0x4a22f23a1085b : 2 : ittapi_config_apply_per_lib :  ITTAPI function NOT instrumented (not matched by --itt-config option): __itt_sync_cancel

1964 : 0x4a22f23a10c36 : 2 : ittapi_config_apply_per_lib :  ITTAPI function NOT instrumented (not matched by --itt-config option): __itt_sync_acquired

1964 : 0x4a22f23a1101a : 2 : ittapi_config_apply_per_lib :  ITTAPI function NOT instrumented (not matched by --itt-config option): __itt_sync_releasing

1964 : 0x4a22f23a11721 : 2 : ittapi_config_apply_per_lib :  ITTAPI function not implemented: __itt_model_site_begin
1964 : 0x4a22f23a11e07 : 2 : ittapi_config_apply_per_lib :  ITTAPI function not implemented: __itt_model_site_end
1964 : 0x4a22f23a1248b : 2 : ittapi_config_apply_per_lib :  ITTAPI function not implemented: __itt_model_task_begin
1964 : 0x4a22f23a12afa : 2 : ittapi_config_apply_per_lib :  ITTAPI function not implemented: __itt_model_task_end
1964 : 0x4a22f23ab9ca5 : 2 : ittapi_config_apply_per_lib :  ITTAPI function not implemented: __itt_model_lock_acquire
1964 : 0x4a22f23aba9f4 : 2 : ittapi_config_apply_per_lib :  ITTAPI function not implemented: __itt_model_lock_release
1964 : 0x4a22f23abb0b4 : 2 : ittapi_config_apply_per_lib :  ITTAPI function not implemented: __itt_model_record_allocation
1964 : 0x4a22f23abb79a : 2 : ittapi_config_apply_per_lib :  ITTAPI function not implemented: __itt_model_record_deallocation
1964 : 0x4a22f23abbe16 : 2 : ittapi_config_apply_per_lib :  ITTAPI function not implemented: __itt_model_induction_uses
1964 : 0x4a22f23abc4b4 : 2 : ittapi_config_apply_per_lib :  ITTAPI function not implemented: __itt_model_reduction_uses
1964 : 0x4a22f23abcb2d : 2 : ittapi_config_apply_per_lib :  ITTAPI function not implemented: __itt_model_observe_uses
1964 : 0x4a22f23abd1c2 : 2 : ittapi_config_apply_per_lib :  ITTAPI function not implemented: __itt_model_clear_uses
1964 : 0x4a22f23abd8ba : 2 : ittapi_config_apply_per_lib :  ITTAPI function not implemented: __itt_model_site_beginA
1964 : 0x4a22f23abdf81 : 2 : ittapi_config_apply_per_lib :  ITTAPI function not implemented: __itt_model_site_beginAL
1964 : 0x4a22f23b31d38 : 2 : ittapi_config_apply_per_lib :  ITTAPI function not implemented: __itt_model_task_beginA
1964 : 0x4a22f23b332c0 : 2 : ittapi_config_apply_per_lib :  ITTAPI function not implemented: __itt_model_task_beginAL
1964 : 0x4a22f23b33999 : 2 : ittapi_config_apply_per_lib :  ITTAPI function not implemented: __itt_model_iteration_taskA
1964 : 0x4a22f23b3406e : 2 : ittapi_config_apply_per_lib :  ITTAPI function not implemented: __itt_model_iteration_taskAL
1964 : 0x4a22f23b34691 : 2 : ittapi_config_apply_per_lib :  ITTAPI function not implemented: __itt_model_site_end_2
1964 : 0x4a22f23b34c4f : 2 : ittapi_config_apply_per_lib :  ITTAPI function not implemented: __itt_model_task_end_2
1964 : 0x4a22f23b35348 : 2 : ittapi_config_apply_per_lib :  ITTAPI function not implemented: __itt_model_lock_acquire_2
1964 : 0x4a22f23b359de : 2 : ittapi_config_apply_per_lib :  ITTAPI function not implemented: __itt_model_lock_release_2
1964 : 0x4a22f23b36029 : 2 : ittapi_config_apply_per_lib :  ITTAPI function not implemented: __itt_model_aggregate_task
1964 : 0x4a22f23b36694 : 2 : ittapi_config_apply_per_lib :  ITTAPI function not implemented: __itt_model_disable_push
1964 : 0x4a22f23b9fc09 : 2 : ittapi_config_apply_per_lib :  ITTAPI function not implemented: __itt_model_disable_pop
1964 : 0x4a22f23ba089a : 2 : ittapi_config_apply_per_lib :  ITTAPI function not implemented: __itt_heap_function_create
1964 : 0x4a22f23ba0f5f : 2 : ittapi_config_apply_per_lib :  ITTAPI function not implemented: __itt_heap_allocate_begin
1964 : 0x4a22f23ba15c9 : 2 : ittapi_config_apply_per_lib :  ITTAPI function not implemented: __itt_heap_allocate_end
1964 : 0x4a22f23ba1cfd : 2 : ittapi_config_apply_per_lib :  ITTAPI function not implemented: __itt_heap_free_begin
1964 : 0x4a22f23ba2380 : 2 : ittapi_config_apply_per_lib :  ITTAPI function not implemented: __itt_heap_free_end
1964 : 0x4a22f23ba2a30 : 2 : ittapi_config_apply_per_lib :  ITTAPI function not implemented: __itt_heap_reallocate_begin
1964 : 0x4a22f23ba306c : 2 : ittapi_config_apply_per_lib :  ITTAPI function not implemented: __itt_heap_reallocate_end
1964 : 0x4a22f23ba3767 : 2 : ittapi_config_apply_per_lib :  ITTAPI function not implemented: __itt_heap_internal_access_begin
1964 : 0x4a22f23ba3e4a : 2 : ittapi_config_apply_per_lib :  ITTAPI function not implemented: __itt_heap_internal_access_end
1964 : 0x4a22f23c0dd5c : 2 : ittapi_config_apply_per_lib :  ITTAPI function not implemented: __itt_heap_record_memory_growth_begin
1964 : 0x4a22f23c0ea57 : 2 : ittapi_config_apply_per_lib :  ITTAPI function not implemented: __itt_heap_record_memory_growth_end
1964 : 0x4a22f23c0f115 : 2 : ittapi_config_apply_per_lib :  ITTAPI function not implemented: __itt_heap_reset_detection
1964 : 0x4a22f23c0f78c : 2 : ittapi_config_apply_per_lib :  ITTAPI function not implemented: __itt_heap_record
1964 : 0x4a22f23c0fe99 : 2 : ittapi_config_apply_per_lib :  ITTAPI function not implemented: __itt_id_create
1964 : 0x4a22f23c104fc : 2 : ittapi_config_apply_per_lib :  ITTAPI function not implemented: __itt_id_destroy
1964 : 0x4a22f23c10b06 : 2 : ittapi_config_apply_per_lib :  ITTAPI function instrumented: __itt_get_timestamp
1964 : 0x4a22f23c11186 : 2 : ittapi_config_apply_per_lib :  ITTAPI function not implemented: __itt_region_begin
1964 : 0x4a22f23c11785 : 2 : ittapi_config_apply_per_lib :  ITTAPI function not implemented: __itt_region_end
1964 : 0x4a22f23c11cef : 2 : ittapi_config_apply_per_lib :  ITTAPI function instrumented: __itt_frame_begin_v3
1964 : 0x4a22f23c90126 : 2 : ittapi_config_apply_per_lib :  ITTAPI function instrumented: __itt_frame_end_v3
1964 : 0x4a22f23c90c70 : 2 : ittapi_config_apply_per_lib :  ITTAPI function instrumented: __itt_frame_submit_v3
1964 : 0x4a22f23c910a3 : 2 : ittapi_config_apply_per_lib :  ITTAPI function NOT instrumented (not matched by --itt-config option): __itt_task_group

1964 : 0x4a22f23c914ec : 2 : ittapi_config_apply_per_lib :  ITTAPI function NOT instrumented (not matched by --itt-config option): __itt_task_begin

1964 : 0x4a22f23c918ab : 2 : ittapi_config_apply_per_lib :  ITTAPI function NOT instrumented (not matched by --itt-config option): __itt_task_begin_fn

1964 : 0x4a22f23c91cb3 : 2 : ittapi_config_apply_per_lib :  ITTAPI function NOT instrumented (not matched by --itt-config option): __itt_task_end

1964 : 0x4a22f23c92606 : 2 : ittapi_config_apply_per_lib :  ITTAPI function not implemented: __itt_counter_inc_v3
1964 : 0x4a22f23c92d51 : 2 : ittapi_config_apply_per_lib :  ITTAPI function not implemented: __itt_counter_inc_delta_v3
1964 : 0x4a22f23c93396 : 2 : ittapi_config_apply_per_lib :  ITTAPI function not implemented: __itt_marker
1964 : 0x4a22f23c93952 : 2 : ittapi_config_apply_per_lib :  ITTAPI function instrumented: __itt_metadata_add
1964 : 0x4a22f23cfe8b0 : 2 : ittapi_config_apply_per_lib :  ITTAPI function not implemented: __itt_metadata_str_add
1964 : 0x4a22f23cff52b : 2 : ittapi_config_apply_per_lib :  ITTAPI function not implemented: __itt_relation_add_to_current
1964 : 0x4a22f23cffbb8 : 2 : ittapi_config_apply_per_lib :  ITTAPI function not implemented: __itt_relation_add
1964 : 0x4a22f23d0016d : 2 : ittapi_config_apply_per_lib :  ITTAPI function instrumented: __itt_event_create
1964 : 0x4a22f23d0054b : 2 : ittapi_config_apply_per_lib :  ITTAPI function NOT instrumented (not matched by --itt-config option): __itt_event_start

1964 : 0x4a22f23d00943 : 2 : ittapi_config_apply_per_lib :  ITTAPI function NOT instrumented (not matched by --itt-config option): __itt_event_end

1964 : 0x4a22f23d00d7c : 2 : ittapi_config_apply_per_lib :  ITTAPI function NOT instrumented (not matched by --itt-config option): __itt_sync_set_name

1964 : 0x4a22f23d0129c : 2 : ittapi_config_apply_per_lib :  ITTAPI function instrumented: __itt_notify_sync_name
1964 : 0x4a22f23d017cf : 2 : ittapi_config_apply_per_lib :  ITTAPI function instrumented: __itt_notify_sync_prepare
1964 : 0x4a22f23d01cec : 2 : ittapi_config_apply_per_lib :  ITTAPI function instrumented: __itt_notify_sync_cancel
1964 : 0x4a22f23d72fa3 : 2 : ittapi_config_apply_per_lib :  ITTAPI function instrumented: __itt_notify_sync_acquired
1964 : 0x4a22f23d739f5 : 2 : ittapi_config_apply_per_lib :  ITTAPI function instrumented: __itt_notify_sync_releasing
1964 : 0x4a22f23d742f9 : 2 : ittapi_config_apply_per_lib :  ITTAPI function not implemented: __itt_memory_read
1964 : 0x4a22f23d74a39 : 2 : ittapi_config_apply_per_lib :  ITTAPI function not implemented: __itt_memory_write
1964 : 0x4a22f23d750a5 : 2 : ittapi_config_apply_per_lib :  ITTAPI function not implemented: __itt_memory_update
1964 : 0x4a22f23d75717 : 2 : ittapi_config_apply_per_lib :  ITTAPI function not implemented: __itt_state_get
1964 : 0x4a22f23d75d53 : 2 : ittapi_config_apply_per_lib :  ITTAPI function not implemented: __itt_state_set
1964 : 0x4a22f23d76357 : 2 : ittapi_config_apply_per_lib :  ITTAPI function not implemented: __itt_obj_mode_set
1964 : 0x4a22f23d76982 : 2 : ittapi_config_apply_per_lib :  ITTAPI function not implemented: __itt_thr_mode_set
1964 : 0x4a22f23d76eb5 : 2 : ittapi_config_apply_per_lib :  ITTAPI function instrumented: __itt_frame_create
1964 : 0x4a22f23de502c : 2 : ittapi_config_apply_per_lib :  ITTAPI function instrumented: __itt_frame_begin
1964 : 0x4a22f23de5ab1 : 2 : ittapi_config_apply_per_lib :  ITTAPI function instrumented: __itt_frame_end
1964 : 0x4a22f23de62f1 : 2 : ittapi_config_apply_per_lib :  ITTAPI function not implemented: __itt_counter_create
1964 : 0x4a22f23de6a33 : 2 : ittapi_config_apply_per_lib :  ITTAPI function not implemented: __itt_counter_destroy
1964 : 0x4a22f23de7077 : 2 : ittapi_config_apply_per_lib :  ITTAPI function not implemented: __itt_counter_inc
1964 : 0x4a22f23de77c8 : 2 : ittapi_config_apply_per_lib :  ITTAPI function not implemented: __itt_counter_inc_delta
1964 : 0x4a22f23de7e72 : 2 : ittapi_config_apply_per_lib :  ITTAPI function not implemented: __itt_mark_create
1964 : 0x4a22f23de84a0 : 2 : ittapi_config_apply_per_lib :  ITTAPI function not implemented: __itt_mark
1964 : 0x4a22f23de8bb0 : 2 : ittapi_config_apply_per_lib :  ITTAPI function not implemented: __itt_mark_off
1964 : 0x4a22f23de920a : 2 : ittapi_config_apply_per_lib :  ITTAPI function not implemented: __itt_mark_global
1964 : 0x4a22f23e5aad0 : 2 : ittapi_config_apply_per_lib :  ITTAPI function not implemented: __itt_mark_global_off
1964 : 0x4a22f23e5b6e1 : 2 : ittapi_config_apply_per_lib :  ITTAPI function instrumented: __itt_stack_caller_create
1964 : 0x4a22f23e5bca3 : 2 : ittapi_config_apply_per_lib :  ITTAPI function instrumented: __itt_stack_caller_destroy
1964 : 0x4a22f23e5c236 : 2 : ittapi_config_apply_per_lib :  ITTAPI function instrumented: __itt_stack_callee_enter
1964 : 0x4a22f23e5c76c : 2 : ittapi_config_apply_per_lib :  ITTAPI function instrumented: __itt_stack_callee_leave
1964 : 0x4a22f23e5cded : 2 : ittapi_config_apply_per_lib :  ITTAPI function not implemented: __itt_clock_domain_create
1964 : 0x4a22f23e5d4d8 : 2 : ittapi_config_apply_per_lib :  ITTAPI function not implemented: __itt_clock_domain_reset
1964 : 0x4a22f23e5dadb : 2 : ittapi_config_apply_per_lib :  ITTAPI function not implemented: __itt_id_create_ex
1964 : 0x4a22f23e5e11a : 2 : ittapi_config_apply_per_lib :  ITTAPI function not implemented: __itt_id_destroy_ex
1964 : 0x4a22f23e5e4e4 : 2 : ittapi_config_apply_per_lib :  ITTAPI function NOT instrumented (not matched by --itt-config option): __itt_task_begin_ex

1964 : 0x4a22f23ec5a7d : 2 : ittapi_config_apply_per_lib :  ITTAPI function NOT instrumented (not matched by --itt-config option): __itt_task_begin_fn_ex

1964 : 0x4a22f23ec637b : 2 : ittapi_config_apply_per_lib :  ITTAPI function NOT instrumented (not matched by --itt-config option): __itt_task_end_ex

1964 : 0x4a22f23ec6775 : 2 : ittapi_config_apply_per_lib :  ITTAPI function NOT instrumented (not matched by --itt-config option): __itt_task_begin_overlapped

1964 : 0x4a22f23ec6b80 : 2 : ittapi_config_apply_per_lib :  ITTAPI function NOT instrumented (not matched by --itt-config option): __itt_task_begin_overlapped_ex

1964 : 0x4a22f23ec6f8a : 2 : ittapi_config_apply_per_lib :  ITTAPI function NOT instrumented (not matched by --itt-config option): __itt_task_end_overlapped

1964 : 0x4a22f23ec736a : 2 : ittapi_config_apply_per_lib :  ITTAPI function NOT instrumented (not matched by --itt-config option): __itt_task_end_overlapped_ex

1964 : 0x4a22f23ec85d4 : 2 : ittapi_config_apply_per_lib :  ITTAPI function not implemented: __itt_marker_ex
1964 : 0x4a22f23ec8c9f : 2 : ittapi_config_apply_per_lib :  ITTAPI function not implemented: __itt_metadata_add_with_scope
1964 : 0x4a22f23ec93e9 : 2 : ittapi_config_apply_per_lib :  ITTAPI function not implemented: __itt_metadata_str_add_with_scope
1964 : 0x4a22f23ec9ae9 : 2 : ittapi_config_apply_per_lib :  ITTAPI function not implemented: __itt_relation_add_to_current_ex
1964 : 0x4a22f23f357e6 : 2 : ittapi_config_apply_per_lib :  ITTAPI function not implemented: __itt_relation_add_ex
1964 : 0x4a22f23f364ac : 2 : ittapi_config_apply_per_lib :  ITTAPI function not implemented: __itt_track_group_create
1964 : 0x4a22f23f36b41 : 2 : ittapi_config_apply_per_lib :  ITTAPI function not implemented: __itt_track_create
1964 : 0x4a22f23f371c7 : 2 : ittapi_config_apply_per_lib :  ITTAPI function not implemented: __itt_set_track
1964 : 0x4a22f23f376dc : 2 : ittapi_config_apply_per_lib :  ITTAPI function instrumented: __itt_api_version
1964 : 0x4a22f23f37ce2 : 2 : ittapi_config_apply_per_lib :  ITTAPI function not implemented: __itt_av_save
1964 : 0x4a22f23f61532 : 2 : ittapi_config_mask_get :  --itt-config mask to be applied: 17
1964 : 0x4a22f23f620f9 : 2 : ittapi_config_apply_per_lib :  ITTAPI function instrumented: __itt_domain_create
1964 : 0x4a22f23f6268c : 2 : ittapi_config_apply_per_lib :  ITTAPI function instrumented: __itt_string_handle_create
1964 : 0x4a22f23f62c18 : 2 : ittapi_config_apply_per_lib :  ITTAPI function instrumented: __itt_pause
1964 : 0x4a22f24056248 : 2 : ittapi_config_apply_per_lib :  ITTAPI function instrumented: __itt_resume
1964 : 0x4a22f24056e3a : 2 : ittapi_config_apply_per_lib :  ITTAPI function instrumented: __itt_thread_set_name
1964 : 0x4a22f240573d8 : 2 : ittapi_config_apply_per_lib :  ITTAPI function instrumented: __itt_thread_ignore
1964 : 0x4a22f24057957 : 2 : ittapi_config_apply_per_lib :  ITTAPI function instrumented: __itt_thr_name_set
1964 : 0x4a22f24057e91 : 2 : ittapi_config_apply_per_lib :  ITTAPI function instrumented: __itt_thr_ignore
1964 : 0x4a22f2405874c : 2 : ittapi_config_apply_per_lib :  ITTAPI function not implemented: __itt_enable_attach
1964 : 0x4a22f24058bee : 2 : ittapi_config_apply_per_lib :  ITTAPI function NOT instrumented (not matched by --itt-config option): __itt_sync_create

1964 : 0x4a22f24059026 : 2 : ittapi_config_apply_per_lib :  ITTAPI function NOT instrumented (not matched by --itt-config option): __itt_sync_rename

1964 : 0x4a22f24059428 : 2 : ittapi_config_apply_per_lib :  ITTAPI function NOT instrumented (not matched by --itt-config option): __itt_sync_destroy

1964 : 0x4a22f24059836 : 2 : ittapi_config_apply_per_lib :  ITTAPI function NOT instrumented (not matched by --itt-config option): __itt_sync_prepare

1964 : 0x4a22f240c02be : 2 : ittapi_config_apply_per_lib :  ITTAPI function NOT instrumented (not matched by --itt-config option): __itt_sync_cancel

1964 : 0x4a22f240c0bc8 : 2 : ittapi_config_apply_per_lib :  ITTAPI function NOT instrumented (not matched by --itt-config option): __itt_sync_acquired

1964 : 0x4a22f240c0fd7 : 2 : ittapi_config_apply_per_lib :  ITTAPI function NOT instrumented (not matched by --itt-config option): __itt_sync_releasing

1964 : 0x4a22f240c1b00 : 2 : ittapi_config_apply_per_lib :  ITTAPI function not implemented: __itt_suppress_push
1964 : 0x4a22f240c22e0 : 2 : ittapi_config_apply_per_lib :  ITTAPI function not implemented: __itt_suppress_pop
1964 : 0x4a22f240c29be : 2 : ittapi_config_apply_per_lib :  ITTAPI function not implemented: __itt_suppress_mark_range
1964 : 0x4a22f240c3152 : 2 : ittapi_config_apply_per_lib :  ITTAPI function not implemented: __itt_suppress_clear_range
1964 : 0x4a22f240c356d : 2 : ittapi_config_apply_per_lib :  ITTAPI function NOT instrumented (not matched by --itt-config option): __itt_sync_prepare

1964 : 0x4a22f240c3968 : 2 : ittapi_config_apply_per_lib :  ITTAPI function NOT instrumented (not matched by --itt-config option): __itt_sync_cancel

1964 : 0x4a22f240c3d43 : 2 : ittapi_config_apply_per_lib :  ITTAPI function NOT instrumented (not matched by --itt-config option): __itt_sync_acquired

1964 : 0x4a22f241307cd : 2 : ittapi_config_apply_per_lib :  ITTAPI function NOT instrumented (not matched by --itt-config option): __itt_sync_releasing

1964 : 0x4a22f24131a14 : 2 : ittapi_config_apply_per_lib :  ITTAPI function not implemented: __itt_model_site_begin
1964 : 0x4a22f2413214a : 2 : ittapi_config_apply_per_lib :  ITTAPI function not implemented: __itt_model_site_end
1964 : 0x4a22f241327f8 : 2 : ittapi_config_apply_per_lib :  ITTAPI function not implemented: __itt_model_task_begin
1964 : 0x4a22f24132e2f : 2 : ittapi_config_apply_per_lib :  ITTAPI function not implemented: __itt_model_task_end
1964 : 0x4a22f2413345b : 2 : ittapi_config_apply_per_lib :  ITTAPI function not implemented: __itt_model_lock_acquire
1964 : 0x4a22f24133ab7 : 2 : ittapi_config_apply_per_lib :  ITTAPI function not implemented: __itt_model_lock_release
1964 : 0x4a22f2413418f : 2 : ittapi_config_apply_per_lib :  ITTAPI function not implemented: __itt_model_record_allocation
1964 : 0x4a22f2413487d : 2 : ittapi_config_apply_per_lib :  ITTAPI function not implemented: __itt_model_record_deallocation
1964 : 0x4a22f24134eee : 2 : ittapi_config_apply_per_lib :  ITTAPI function not implemented: __itt_model_induction_uses
1964 : 0x4a22f241ab452 : 2 : ittapi_config_apply_per_lib :  ITTAPI function not implemented: __itt_model_reduction_uses
1964 : 0x4a22f241ac049 : 2 : ittapi_config_apply_per_lib :  ITTAPI function not implemented: __itt_model_observe_uses
1964 : 0x4a22f241ac73a : 2 : ittapi_config_apply_per_lib :  ITTAPI function not implemented: __itt_model_clear_uses
1964 : 0x4a22f241ace73 : 2 : ittapi_config_apply_per_lib :  ITTAPI function not implemented: __itt_model_site_beginA
1964 : 0x4a22f241ad517 : 2 : ittapi_config_apply_per_lib :  ITTAPI function not implemented: __itt_model_site_beginAL
1964 : 0x4a22f241adb76 : 2 : ittapi_config_apply_per_lib :  ITTAPI function not implemented: __itt_model_task_beginA
1964 : 0x4a22f241ae21b : 2 : ittapi_config_apply_per_lib :  ITTAPI function not implemented: __itt_model_task_beginAL
1964 : 0x4a22f241ae8c2 : 2 : ittapi_config_apply_per_lib :  ITTAPI function not implemented: __itt_model_iteration_taskA
1964 : 0x4a22f241aef94 : 2 : ittapi_config_apply_per_lib :  ITTAPI function not implemented: __itt_model_iteration_taskAL
1964 : 0x4a22f241af5c8 : 2 : ittapi_config_apply_per_lib :  ITTAPI function not implemented: __itt_model_site_end_2
1964 : 0x4a22f24219f45 : 2 : ittapi_config_apply_per_lib :  ITTAPI function not implemented: __itt_model_task_end_2
1964 : 0x4a22f2421ac09 : 2 : ittapi_config_apply_per_lib :  ITTAPI function not implemented: __itt_model_lock_acquire_2
1964 : 0x4a22f2421b323 : 2 : ittapi_config_apply_per_lib :  ITTAPI function not implemented: __itt_model_lock_release_2
1964 : 0x4a22f2421b96c : 2 : ittapi_config_apply_per_lib :  ITTAPI function not implemented: __itt_model_aggregate_task
1964 : 0x4a22f2421bfd9 : 2 : ittapi_config_apply_per_lib :  ITTAPI function not implemented: __itt_model_disable_push
1964 : 0x4a22f2421c604 : 2 : ittapi_config_apply_per_lib :  ITTAPI function not implemented: __itt_model_disable_pop
1964 : 0x4a22f2421cce1 : 2 : ittapi_config_apply_per_lib :  ITTAPI function not implemented: __itt_heap_function_create
1964 : 0x4a22f2421d39c : 2 : ittapi_config_apply_per_lib :  ITTAPI function not implemented: __itt_heap_allocate_begin
1964 : 0x4a22f2421d9d1 : 2 : ittapi_config_apply_per_lib :  ITTAPI function not implemented: __itt_heap_allocate_end
1964 : 0x4a22f2421e0d7 : 2 : ittapi_config_apply_per_lib :  ITTAPI function not implemented: __itt_heap_free_begin
1964 : 0x4a22f2428a676 : 2 : ittapi_config_apply_per_lib :  ITTAPI function not implemented: __itt_heap_free_end
1964 : 0x4a22f2428b2d6 : 2 : ittapi_config_apply_per_lib :  ITTAPI function not implemented: __itt_heap_reallocate_begin
1964 : 0x4a22f2428b951 : 2 : ittapi_config_apply_per_lib :  ITTAPI function not implemented: __itt_heap_reallocate_end
1964 : 0x4a22f2428c073 : 2 : ittapi_config_apply_per_lib :  ITTAPI function not implemented: __itt_heap_internal_access_begin
1964 : 0x4a22f2428c75c : 2 : ittapi_config_apply_per_lib :  ITTAPI function not implemented: __itt_heap_internal_access_end
1964 : 0x4a22f2428ce78 : 2 : ittapi_config_apply_per_lib :  ITTAPI function not implemented: __itt_heap_record_memory_growth_begin
1964 : 0x4a22f2428d546 : 2 : ittapi_config_apply_per_lib :  ITTAPI function not implemented: __itt_heap_record_memory_growth_end
1964 : 0x4a22f2428dbc1 : 2 : ittapi_config_apply_per_lib :  ITTAPI function not implemented: __itt_heap_reset_detection
1964 : 0x4a22f2428e215 : 2 : ittapi_config_apply_per_lib :  ITTAPI function not implemented: __itt_heap_record
1964 : 0x4a22f2428e8a4 : 2 : ittapi_config_apply_per_lib :  ITTAPI function not implemented: __itt_id_create
1964 : 0x4a22f24308f98 : 2 : ittapi_config_apply_per_lib :  ITTAPI function not implemented: __itt_id_destroy
1964 : 0x4a22f24309ad1 : 2 : ittapi_config_apply_per_lib :  ITTAPI function instrumented: __itt_get_timestamp
1964 : 0x4a22f2430a139 : 2 : ittapi_config_apply_per_lib :  ITTAPI function not implemented: __itt_region_begin
1964 : 0x4a22f2430a73d : 2 : ittapi_config_apply_per_lib :  ITTAPI function not implemented: __itt_region_end
1964 : 0x4a22f2430acf6 : 2 : ittapi_config_apply_per_lib :  ITTAPI function instrumented: __itt_frame_begin_v3
1964 : 0x4a22f2430b23b : 2 : ittapi_config_apply_per_lib :  ITTAPI function instrumented: __itt_frame_end_v3
1964 : 0x4a22f2430b77f : 2 : ittapi_config_apply_per_lib :  ITTAPI function instrumented: __itt_frame_submit_v3
1964 : 0x4a22f2430bb80 : 2 : ittapi_config_apply_per_lib :  ITTAPI function NOT instrumented (not matched by --itt-config option): __itt_task_group

1964 : 0x4a22f2430bfa6 : 2 : ittapi_config_apply_per_lib :  ITTAPI function NOT instrumented (not matched by --itt-config option): __itt_task_begin

1964 : 0x4a22f2430c399 : 2 : ittapi_config_apply_per_lib :  ITTAPI function NOT instrumented (not matched by --itt-config option): __itt_task_begin_fn

1964 : 0x4a22f24384b36 : 2 : ittapi_config_apply_per_lib :  ITTAPI function NOT instrumented (not matched by --itt-config option): __itt_task_end

1964 : 0x4a22f24385adb : 2 : ittapi_config_apply_per_lib :  ITTAPI function not implemented: __itt_counter_inc_v3
1964 : 0x4a22f24386254 : 2 : ittapi_config_apply_per_lib :  ITTAPI function not implemented: __itt_counter_inc_delta_v3
1964 : 0x4a22f243868f2 : 2 : ittapi_config_apply_per_lib :  ITTAPI function not implemented: __itt_marker
1964 : 0x4a22f24386ed1 : 2 : ittapi_config_apply_per_lib :  ITTAPI function instrumented: __itt_metadata_add
1964 : 0x4a22f24387524 : 2 : ittapi_config_apply_per_lib :  ITTAPI function not implemented: __itt_metadata_str_add
1964 : 0x4a22f24387bd4 : 2 : ittapi_config_apply_per_lib :  ITTAPI function not implemented: __itt_relation_add_to_current
1964 : 0x4a22f24388219 : 2 : ittapi_config_apply_per_lib :  ITTAPI function not implemented: __itt_relation_add
1964 : 0x4a22f24388797 : 2 : ittapi_config_apply_per_lib :  ITTAPI function instrumented: __itt_event_create
1964 : 0x4a22f24388b52 : 2 : ittapi_config_apply_per_lib :  ITTAPI function NOT instrumented (not matched by --itt-config option): __itt_event_start

1964 : 0x4a22f243f1675 : 2 : ittapi_config_apply_per_lib :  ITTAPI function NOT instrumented (not matched by --itt-config option): __itt_event_end

1964 : 0x4a22f243f1ff4 : 2 : ittapi_config_apply_per_lib :  ITTAPI function NOT instrumented (not matched by --itt-config option): __itt_sync_set_name

1964 : 0x4a22f243f282a : 2 : ittapi_config_apply_per_lib :  ITTAPI function instrumented: __itt_notify_sync_name
1964 : 0x4a22f243f2dbd : 2 : ittapi_config_apply_per_lib :  ITTAPI function instrumented: __itt_notify_sync_prepare
1964 : 0x4a22f243f32d7 : 2 : ittapi_config_apply_per_lib :  ITTAPI function instrumented: __itt_notify_sync_cancel
1964 : 0x4a22f243f384f : 2 : ittapi_config_apply_per_lib :  ITTAPI function instrumented: __itt_notify_sync_acquired
1964 : 0x4a22f243f3d64 : 2 : ittapi_config_apply_per_lib :  ITTAPI function instrumented: __itt_notify_sync_releasing
1964 : 0x4a22f243f45f3 : 2 : ittapi_config_apply_per_lib :  ITTAPI function not implemented: __itt_memory_read
1964 : 0x4a22f243f4ce0 : 2 : ittapi_config_apply_per_lib :  ITTAPI function not implemented: __itt_memory_write
1964 : 0x4a22f243f5343 : 2 : ittapi_config_apply_per_lib :  ITTAPI function not implemented: __itt_memory_update
1964 : 0x4a22f244698f4 : 2 : ittapi_config_apply_per_lib :  ITTAPI function not implemented: __itt_state_get
1964 : 0x4a22f2446a45b : 2 : ittapi_config_apply_per_lib :  ITTAPI function not implemented: __itt_state_set
1964 : 0x4a22f2446aa75 : 2 : ittapi_config_apply_per_lib :  ITTAPI function not implemented: __itt_obj_mode_set
1964 : 0x4a22f2446b0bd : 2 : ittapi_config_apply_per_lib :  ITTAPI function not implemented: __itt_thr_mode_set
1964 : 0x4a22f2446b662 : 2 : ittapi_config_apply_per_lib :  ITTAPI function instrumented: __itt_frame_create
1964 : 0x4a22f2446bbd5 : 2 : ittapi_config_apply_per_lib :  ITTAPI function instrumented: __itt_frame_begin
1964 : 0x4a22f2446c122 : 2 : ittapi_config_apply_per_lib :  ITTAPI function instrumented: __itt_frame_end
1964 : 0x4a22f2446c74e : 2 : ittapi_config_apply_per_lib :  ITTAPI function not implemented: __itt_counter_create
1964 : 0x4a22f2446cda9 : 2 : ittapi_config_apply_per_lib :  ITTAPI function not implemented: __itt_counter_destroy
1964 : 0x4a22f2446d3b9 : 2 : ittapi_config_apply_per_lib :  ITTAPI function not implemented: __itt_counter_inc
1964 : 0x4a22f245713f1 : 2 : ittapi_config_apply_per_lib :  ITTAPI function not implemented: __itt_counter_inc_delta
1964 : 0x4a22f245720f3 : 2 : ittapi_config_apply_per_lib :  ITTAPI function not implemented: __itt_mark_create
1964 : 0x4a22f2457272f : 2 : ittapi_config_apply_per_lib :  ITTAPI function not implemented: __itt_mark
1964 : 0x4a22f24572e61 : 2 : ittapi_config_apply_per_lib :  ITTAPI function not implemented: __itt_mark_off
1964 : 0x4a22f245734d3 : 2 : ittapi_config_apply_per_lib :  ITTAPI function not implemented: __itt_mark_global
1964 : 0x4a22f24573ae1 : 2 : ittapi_config_apply_per_lib :  ITTAPI function not implemented: __itt_mark_global_off
1964 : 0x4a22f245740b3 : 2 : ittapi_config_apply_per_lib :  ITTAPI function instrumented: __itt_stack_caller_create
1964 : 0x4a22f245745f6 : 2 : ittapi_config_apply_per_lib :  ITTAPI function instrumented: __itt_stack_caller_destroy
1964 : 0x4a22f24574b4b : 2 : ittapi_config_apply_per_lib :  ITTAPI function instrumented: __itt_stack_callee_enter
1964 : 0x4a22f24575076 : 2 : ittapi_config_apply_per_lib :  ITTAPI function instrumented: __itt_stack_callee_leave
1964 : 0x4a22f245de762 : 2 : ittapi_config_apply_per_lib :  ITTAPI function not implemented: __itt_clock_domain_create
1964 : 0x4a22f245df455 : 2 : ittapi_config_apply_per_lib :  ITTAPI function not implemented: __itt_clock_domain_reset
1964 : 0x4a22f245dfaaa : 2 : ittapi_config_apply_per_lib :  ITTAPI function not implemented: __itt_id_create_ex
1964 : 0x4a22f245e0125 : 2 : ittapi_config_apply_per_lib :  ITTAPI function not implemented: __itt_id_destroy_ex
1964 : 0x4a22f245e052b : 2 : ittapi_config_apply_per_lib :  ITTAPI function NOT instrumented (not matched by --itt-config option): __itt_task_begin_ex

1964 : 0x4a22f245e093a : 2 : ittapi_config_apply_per_lib :  ITTAPI function NOT instrumented (not matched by --itt-config option): __itt_task_begin_fn_ex

1964 : 0x4a22f245e0d35 : 2 : ittapi_config_apply_per_lib :  ITTAPI function NOT instrumented (not matched by --itt-config option): __itt_task_end_ex

1964 : 0x4a22f245e110e : 2 : ittapi_config_apply_per_lib :  ITTAPI function NOT instrumented (not matched by --itt-config option): __itt_task_begin_overlapped

1964 : 0x4a22f245e151b : 2 : ittapi_config_apply_per_lib :  ITTAPI function NOT instrumented (not matched by --itt-config option): __itt_task_begin_overlapped_ex

1964 : 0x4a22f245e192a : 2 : ittapi_config_apply_per_lib :  ITTAPI function NOT instrumented (not matched by --itt-config option): __itt_task_end_overlapped

1964 : 0x4a22f2464750c : 2 : ittapi_config_apply_per_lib :  ITTAPI function NOT instrumented (not matched by --itt-config option): __itt_task_end_overlapped_ex

1964 : 0x4a22f24648546 : 2 : ittapi_config_apply_per_lib :  ITTAPI function not implemented: __itt_marker_ex
1964 : 0x4a22f24648ca2 : 2 : ittapi_config_apply_per_lib :  ITTAPI function not implemented: __itt_metadata_add_with_scope
1964 : 0x4a22f24649401 : 2 : ittapi_config_apply_per_lib :  ITTAPI function not implemented: __itt_metadata_str_add_with_scope
1964 : 0x4a22f24649aee : 2 : ittapi_config_apply_per_lib :  ITTAPI function not implemented: __itt_relation_add_to_current_ex
1964 : 0x4a22f2464a1ba : 2 : ittapi_config_apply_per_lib :  ITTAPI function not implemented: __itt_relation_add_ex
1964 : 0x4a22f2464a8db : 2 : ittapi_config_apply_per_lib :  ITTAPI function not implemented: __itt_track_group_create
1964 : 0x4a22f2464af43 : 2 : ittapi_config_apply_per_lib :  ITTAPI function not implemented: __itt_track_create
1964 : 0x4a22f2464b58f : 2 : ittapi_config_apply_per_lib :  ITTAPI function not implemented: __itt_set_track
1964 : 0x4a22f2464bac2 : 2 : ittapi_config_apply_per_lib :  ITTAPI function instrumented: __itt_api_version
1964 : 0x4a22f246baf91 : 2 : ittapi_config_apply_per_lib :  ITTAPI function not implemented: __itt_av_save