
142855 : 0x492c77dd3ab8e : 4 : __ittapi_collector_init :  pthread_atfork() result: 0
142855 : 0x492c77dd4363e : 2 : ittapi_config_mask_get :  --itt-config mask to be applied: 17
142855 : 0x492c77dd45691 : 2 : ittapi_config_apply_per_lib :  ITTAPI function instrumented: __itt_domain_create
142855 : 0x492c77dd46055 : 2 : ittapi_config_apply_per_lib :  ITTAPI function instrumented: __itt_string_handle_create
142855 : 0x492c77dd467cb : 2 : ittapi_config_apply_per_lib :  ITTAPI function instrumented: __itt_pause
142855 : 0x492c77dd46dcf : 2 : ittapi_config_apply_per_lib :  ITTAPI function instrumented: __itt_resume
142855 : 0x492c77dd47397 : 2 : ittapi_config_apply_per_lib :  ITTAPI function instrumented: __itt_thread_set_name
142855 : 0x492c77dd4790a : 2 : ittapi_config_apply_per_lib :  ITTAPI function instrumented: __itt_thread_ignore
142855 : 0x492c77dd480ac : 2 : ittapi_config_apply_per_lib :  ITTAPI function instrumented: __itt_thr_name_set
142855 : 0x492c77dd486f1 : 2 : ittapi_config_apply_per_lib :  ITTAPI function instrumented: __itt_thr_ignore
142855 : 0x492c7827703e5 : 2 : ittapi_config_apply_per_lib :  ITTAPI function not implemented: __itt_enable_attach
142855 : 0x492c7827713e3 : 2 : ittapi_config_apply_per_lib :  ITTAPI function NOT instrumented (not matched by --itt-config option): __itt_sync_create

142855 : 0x492c7827719b1 : 2 : ittapi_config_apply_per_lib :  ITTAPI function NOT instrumented (not matched by --itt-config option): __itt_sync_rename

142855 : 0x492c782771dde : 2 : ittapi_config_apply_per_lib :  ITTAPI function NOT instrumented (not matched by --itt-config option): __itt_sync_destroy

142855 : 0x492c782772203 : 2 : ittapi_config_apply_per_lib :  ITTAPI function NOT instrumented (not matched by --itt-config option): __itt_sync_prepare

142855 : 0x492c7827725dc : 2 : ittapi_config_apply_per_lib :  ITTAPI function NOT instrumented (not matched by --itt-config option): __itt_sync_cancel

142855 : 0x492c7827729c1 : 2 : ittapi_config_apply_per_lib :  ITTAPI function NOT instrumented (not matched by --itt-config option): __itt_sync_acquired

142855 : 0x492c782772dbd : 2 : ittapi_config_apply_per_lib :  ITTAPI function NOT instrumented (not matched by --itt-config option): __itt_sync_releasing

142855 : 0x492c782773c99 : 2 : ittapi_config_apply_per_lib :  ITTAPI function not implemented: __itt_suppress_push
142855 : 0x492c7827744cd : 2 : ittapi_config_apply_per_lib :  ITTAPI function not implemented: __itt_suppress_pop
142855 : 0x492c7828edbb0 : 2 : ittapi_config_apply_per_lib :  ITTAPI function not implemented: __itt_suppress_mark_range
142855 : 0x492c7828ef05a : 2 : ittapi_config_apply_per_lib :  ITTAPI function not implemented: __itt_suppress_clear_range
142855 : 0x492c7828ef4c8 : 2 : ittapi_config_apply_per_lib :  ITTAPI function NOT instrumented (not matched by --itt-config option): __itt_sync_prepare

142855 : 0x492c7828ef8ef : 2 : ittapi_config_apply_per_lib :  ITTAPI function NOT instrumented (not matched by --itt-config option): __itt_sync_cancel

142855 : 0x492c7828efcd4 : 2 : ittapi_config_apply_per_lib :  ITTAPI function NOT instrumented (not matched by --itt-config option): __itt_sync_acquired

142855 : 0x492c7828f00e2 : 2 : ittapi_config_apply_per_lib :  ITTAPI function NOT instrumented (not matched by --itt-config option): __itt_sync_releasing

142855 : 0x492c7828f07bc : 2 : ittapi_config_apply_per_lib :  ITTAPI function not implemented: __itt_model_site_begin
142855 : 0x492c7828f0ecd : 2 : ittapi_config_apply_per_lib :  ITTAPI function not implemented: __itt_model_site_end
142855 : 0x492c7828f1581 : 2 : ittapi_config_apply_per_lib :  ITTAPI function not implemented: __itt_model_task_begin
142855 : 0x492c7828f1bed : 2 : ittapi_config_apply_per_lib :  ITTAPI function not implemented: __itt_model_task_end
142855 : 0x492c7829d746d : 2 : ittapi_config_apply_per_lib :  ITTAPI function not implemented: __itt_model_lock_acquire
142855 : 0x492c7829d81f1 : 2 : ittapi_config_apply_per_lib :  ITTAPI function not implemented: __itt_model_lock_release
142855 : 0x492c7829d88b4 : 2 : ittapi_config_apply_per_lib :  ITTAPI function not implemented: __itt_model_record_allocation
142855 : 0x492c7829d8f99 : 2 : ittapi_config_apply_per_lib :  ITTAPI function not implemented: __itt_model_record_deallocation
142855 : 0x492c7829d963c : 2 : ittapi_config_apply_per_lib :  ITTAPI function not implemented: __itt_model_induction_uses
142855 : 0x492c7829dadf0 : 2 : ittapi_config_apply_per_lib :  ITTAPI function not implemented: __itt_model_reduction_uses
142855 : 0x492c7829db46f : 2 : ittapi_config_apply_per_lib :  ITTAPI function not implemented: __itt_model_observe_uses
142855 : 0x492c7829dbb07 : 2 : ittapi_config_apply_per_lib :  ITTAPI function not implemented: __itt_model_clear_uses
142855 : 0x492c7829dc1fb : 2 : ittapi_config_apply_per_lib :  ITTAPI function not implemented: __itt_model_site_beginA
142855 : 0x492c7829dc88d : 2 : ittapi_config_apply_per_lib :  ITTAPI function not implemented: __itt_model_site_beginAL
142855 : 0x492c782ab7d19 : 2 : ittapi_config_apply_per_lib :  ITTAPI function not implemented: __itt_model_task_beginA
142855 : 0x492c782ab8ad6 : 2 : ittapi_config_apply_per_lib :  ITTAPI function not implemented: __itt_model_task_beginAL
142855 : 0x492c782ab919b : 2 : ittapi_config_apply_per_lib :  ITTAPI function not implemented: __itt_model_iteration_taskA
142855 : 0x492c782ab9884 : 2 : ittapi_config_apply_per_lib :  ITTAPI function not implemented: __itt_model_iteration_taskAL
142855 : 0x492c782ab9ec1 : 2 : ittapi_config_apply_per_lib :  ITTAPI function not implemented: __itt_model_site_end_2
142855 : 0x492c782aba482 : 2 : ittapi_config_apply_per_lib :  ITTAPI function not implemented: __itt_model_task_end_2
142855 : 0x492c782abab6f : 2 : ittapi_config_apply_per_lib :  ITTAPI function not implemented: __itt_model_lock_acquire_2
142855 : 0x492c782abb233 : 2 : ittapi_config_apply_per_lib :  ITTAPI function not implemented: __itt_model_lock_release_2
142855 : 0x492c782abb8b0 : 2 : ittapi_config_apply_per_lib :  ITTAPI function not implemented: __itt_model_aggregate_task
142855 : 0x492c782abbf0a : 2 : ittapi_config_apply_per_lib :  ITTAPI function not implemented: __itt_model_disable_push
142855 : 0x492c782b562ef : 2 : ittapi_config_apply_per_lib :  ITTAPI function not implemented: __itt_model_disable_pop
142855 : 0x492c782b56ff9 : 2 : ittapi_config_apply_per_lib :  ITTAPI function not implemented: __itt_heap_function_create
142855 : 0x492c782b576da : 2 : ittapi_config_apply_per_lib :  ITTAPI function not implemented: __itt_heap_allocate_begin
142855 : 0x492c782b57d76 : 2 : ittapi_config_apply_per_lib :  ITTAPI function not implemented: __itt_heap_allocate_end
142855 : 0x492c782b58499 : 2 : ittapi_config_apply_per_lib :  ITTAPI function not implemented: __itt_heap_free_begin
142855 : 0x492c782b58b3f : 2 : ittapi_config_apply_per_lib :  ITTAPI function not implemented: __itt_heap_free_end
142855 : 0x492c782b591f6 : 2 : ittapi_config_apply_per_lib :  ITTAPI function not implemented: __itt_heap_reallocate_begin
142855 : 0x492c782b59831 : 2 : ittapi_config_apply_per_lib :  ITTAPI function not implemented: __itt_heap_reallocate_end
142855 : 0x492c782b5afdc : 2 : ittapi_config_apply_per_lib :  ITTAPI function not implemented: __itt_heap_internal_access_begin
142855 : 0x492c782b5b708 : 2 : ittapi_config_apply_per_lib :  ITTAPI function not implemented: __itt_heap_internal_access_end
142855 : 0x492c782c0ecc3 : 2 : ittapi_config_apply_per_lib :  ITTAPI function not implemented: __itt_heap_record_memory_growth_begin
142855 : 0x492c782c0f94c : 2 : ittapi_config_apply_per_lib :  ITTAPI function not implemented: __itt_heap_record_memory_growth_end
142855 : 0x492c782c10021 : 2 : ittapi_config_apply_per_lib :  ITTAPI function not implemented: __itt_heap_reset_detection
142855 : 0x492c782c1069f : 2 : ittapi_config_apply_per_lib :  ITTAPI function not implemented: __itt_heap_record
142855 : 0x492c782c10d05 : 2 : ittapi_config_apply_per_lib :  ITTAPI function not implemented: __itt_id_create
142855 : 0x492c782c11370 : 2 : ittapi_config_apply_per_lib :  ITTAPI function not implemented: __itt_id_destroy
142855 : 0x492c782c1198f : 2 : ittapi_config_apply_per_lib :  ITTAPI function instrumented: __itt_get_timestamp
142855 : 0x492c782c11ffd : 2 : ittapi_config_apply_per_lib :  ITTAPI function not implemented: __itt_region_begin
142855 : 0x492c782c12611 : 2 : ittapi_config_apply_per_lib :  ITTAPI function not implemented: __itt_region_end
142855 : 0x492c782c12ba6 : 2 : ittapi_config_apply_per_lib :  ITTAPI function instrumented: __itt_frame_begin_v3
142855 : 0x492c782cc5299 : 2 : ittapi_config_apply_per_lib :  ITTAPI function instrumented: __itt_frame_end_v3
142855 : 0x492c782cc5dcc : 2 : ittapi_config_apply_per_lib :  ITTAPI function instrumented: __itt_frame_submit_v3
142855 : 0x492c782cc6245 : 2 : ittapi_config_apply_per_lib :  ITTAPI function NOT instrumented (not matched by --itt-config option): __itt_task_group

142855 : 0x492c782cc668a : 2 : ittapi_config_apply_per_lib :  ITTAPI function NOT instrumented (not matched by --itt-config option): __itt_task_begin

142855 : 0x492c782cc6a51 : 2 : ittapi_config_apply_per_lib :  ITTAPI function NOT instrumented (not matched by --itt-config option): __itt_task_begin_fn

142855 : 0x492c782cc6e9a : 2 : ittapi_config_apply_per_lib :  ITTAPI function NOT instrumented (not matched by --itt-config option): __itt_task_end

142855 : 0x492c782cc77c2 : 2 : ittapi_config_apply_per_lib :  ITTAPI function not implemented: __itt_counter_inc_v3
142855 : 0x492c782cc7f26 : 2 : ittapi_config_apply_per_lib :  ITTAPI function not implemented: __itt_counter_inc_delta_v3
142855 : 0x492c782cc8555 : 2 : ittapi_config_apply_per_lib :  ITTAPI function not implemented: __itt_marker
142855 : 0x492c782cc8b1c : 2 : ittapi_config_apply_per_lib :  ITTAPI function instrumented: __itt_metadata_add
142855 : 0x492c782d7d372 : 2 : ittapi_config_apply_per_lib :  ITTAPI function not implemented: __itt_metadata_str_add
142855 : 0x492c782d7e05b : 2 : ittapi_config_apply_per_lib :  ITTAPI function not implemented: __itt_relation_add_to_current
142855 : 0x492c782d7e6fa : 2 : ittapi_config_apply_per_lib :  ITTAPI function not implemented: __itt_relation_add
142855 : 0x492c782d7ecf0 : 2 : ittapi_config_apply_per_lib :  ITTAPI function instrumented: __itt_event_create
142855 : 0x492c782d7f105 : 2 : ittapi_config_apply_per_lib :  ITTAPI function NOT instrumented (not matched by --itt-config option): __itt_event_start

142855 : 0x492c782d7f500 : 2 : ittapi_config_apply_per_lib :  ITTAPI function NOT instrumented (not matched by --itt-config option): __itt_event_end

142855 : 0x492c782d7f938 : 2 : ittapi_config_apply_per_lib :  ITTAPI function NOT instrumented (not matched by --itt-config option): __itt_sync_set_name

142855 : 0x492c782d7fe5e : 2 : ittapi_config_apply_per_lib :  ITTAPI function instrumented: __itt_notify_sync_name
142855 : 0x492c782d803ae : 2 : ittapi_config_apply_per_lib :  ITTAPI function instrumented: __itt_notify_sync_prepare
142855 : 0x492c782d808f0 : 2 : ittapi_config_apply_per_lib :  ITTAPI function instrumented: __itt_notify_sync_cancel
142855 : 0x492c782e0fffc : 2 : ittapi_config_apply_per_lib :  ITTAPI function instrumented: __itt_notify_sync_acquired
142855 : 0x492c782e10b15 : 2 : ittapi_config_apply_per_lib :  ITTAPI function instrumented: __itt_notify_sync_releasing
142855 : 0x492c782e113f8 : 2 : ittapi_config_apply_per_lib :  ITTAPI function not implemented: __itt_memory_read
142855 : 0x492c782e11b50 : 2 : ittapi_config_apply_per_lib :  ITTAPI function not implemented: __itt_memory_write
142855 : 0x492c782e121b7 : 2 : ittapi_config_apply_per_lib :  ITTAPI function not implemented: __itt_memory_update
142855 : 0x492c782e12851 : 2 : ittapi_config_apply_per_lib :  ITTAPI function not implemented: __itt_state_get
142855 : 0x492c782e12e55 : 2 : ittapi_config_apply_per_lib :  ITTAPI function not implemented: __itt_state_set
142855 : 0x492c782e13481 : 2 : ittapi_config_apply_per_lib :  ITTAPI function not implemented: __itt_obj_mode_set
142855 : 0x492c782e13abc : 2 : ittapi_config_apply_per_lib :  ITTAPI function not implemented: __itt_thr_mode_set
142855 : 0x492c782e14011 : 2 : ittapi_config_apply_per_lib :  ITTAPI function instrumented: __itt_frame_create
142855 : 0x492c782e8534a : 2 : ittapi_config_apply_per_lib :  ITTAPI function instrumented: __itt_frame_begin
142855 : 0x492c782e85e08 : 2 : ittapi_config_apply_per_lib :  ITTAPI function instrumented: __itt_frame_end
142855 : 0x492c782e86711 : 2 : ittapi_config_apply_per_lib :  ITTAPI function not implemented: __itt_counter_create
142855 : 0x492c782e86e54 : 2 : ittapi_config_apply_per_lib :  ITTAPI function not implemented: __itt_counter_destroy
142855 : 0x492c782e874ad : 2 : ittapi_config_apply_per_lib :  ITTAPI function not implemented: __itt_counter_inc
142855 : 0x492c782e87bb8 : 2 : ittapi_config_apply_per_lib :  ITTAPI function not implemented: __itt_counter_inc_delta
142855 : 0x492c782e8825b : 2 : ittapi_config_apply_per_lib :  ITTAPI function not implemented: __itt_mark_create
142855 : 0x492c782e88835 : 2 : ittapi_config_apply_per_lib :  ITTAPI function not implemented: __itt_mark
142855 : 0x492c782e88f34 : 2 : ittapi_config_apply_per_lib :  ITTAPI function not implemented: __itt_mark_off
142855 : 0x492c782e895e4 : 2 : ittapi_config_apply_per_lib :  ITTAPI function not implemented: __itt_mark_global
142855 : 0x492c782efabc4 : 2 : ittapi_config_apply_per_lib :  ITTAPI function not implemented: __itt_mark_global_off
142855 : 0x492c782efb7d0 : 2 : ittapi_config_apply_per_lib :  ITTAPI function instrumented: __itt_stack_caller_create
142855 : 0x492c782efbd5c : 2 : ittapi_config_apply_per_lib :  ITTAPI function instrumented: __itt_stack_caller_destroy
142855 : 0x492c782efc30e : 2 : ittapi_config_apply_per_lib :  ITTAPI function instrumented: __itt_stack_callee_enter
142855 : 0x492c782efc8a9 : 2 : ittapi_config_apply_per_lib :  ITTAPI function instrumented: __itt_stack_callee_leave
142855 : 0x492c782efcf4a : 2 : ittapi_config_apply_per_lib :  ITTAPI function not implemented: __itt_clock_domain_create
142855 : 0x492c782efd5fb : 2 : ittapi_config_apply_per_lib :  ITTAPI function not implemented: __itt_clock_domain_reset
142855 : 0x492c782efdc23 : 2 : ittapi_config_apply_per_lib :  ITTAPI function not implemented: __itt_id_create_ex
142855 : 0x492c782efe26e : 2 : ittapi_config_apply_per_lib :  ITTAPI function not implemented: __itt_id_destroy_ex
142855 : 0x492c782efe65a : 2 : ittapi_config_apply_per_lib :  ITTAPI function NOT instrumented (not matched by --itt-config option): __itt_task_begin_ex

142855 : 0x492c782f6ba93 : 2 : ittapi_config_apply_per_lib :  ITTAPI function NOT instrumented (not matched by --itt-config option): __itt_task_begin_fn_ex

142855 : 0x492c782f6c434 : 2 : ittapi_config_apply_per_lib :  ITTAPI function NOT instrumented (not matched by --itt-config option): __itt_task_end_ex

142855 : 0x492c782f6c819 : 2 : ittapi_config_apply_per_lib :  ITTAPI function NOT instrumented (not matched by --itt-config option): __itt_task_begin_overlapped

142855 : 0x492c782f6cc34 : 2 : ittapi_config_apply_per_lib :  ITTAPI function NOT instrumented (not matched by --itt-config option): __itt_task_begin_overlapped_ex

142855 : 0x492c782f6d031 : 2 : ittapi_config_apply_per_lib :  ITTAPI function NOT instrumented (not matched by --itt-config option): __itt_task_end_overlapped

142855 : 0x492c782f6d436 : 2 : ittapi_config_apply_per_lib :  ITTAPI function NOT instrumented (not matched by --itt-config option): __itt_task_end_overlapped_ex

142855 : 0x492c782f6e173 : 2 : ittapi_config_apply_per_lib :  ITTAPI function not implemented: __itt_marker_ex
142855 : 0x492c782f6f166 : 2 : ittapi_config_apply_per_lib :  ITTAPI function not implemented: __itt_metadata_add_with_scope
142855 : 0x492c782f6f8af : 2 : ittapi_config_apply_per_lib :  ITTAPI function not implemented: __itt_metadata_str_add_with_scope
142855 : 0x492c782f6ffc4 : 2 : ittapi_config_apply_per_lib :  ITTAPI function not implemented: __itt_relation_add_to_current_ex
142855 : 0x492c782fde70a : 2 : ittapi_config_apply_per_lib :  ITTAPI function not implemented: __itt_relation_add_ex
142855 : 0x492c782fdf3e3 : 2 : ittapi_config_apply_per_lib :  ITTAPI function not implemented: __itt_track_group_create
142855 : 0x492c782fdfa93 : 2 : ittapi_config_apply_per_lib :  ITTAPI function not implemented: __itt_track_create
142855 : 0x492c782fe013a : 2 : ittapi_config_apply_per_lib :  ITTAPI function not implemented: __itt_set_track
142855 : 0x492c782fe0664 : 2 : ittapi_config_apply_per_lib :  ITTAPI function instrumented: __itt_api_version
142855 : 0x492c782fe0cc5 : 2 : ittapi_config_apply_per_lib :  ITTAPI function not implemented: __itt_av_save
142855 : 0x492c78300ab8c : 2 : ittapi_config_mask_get :  --itt-config mask to be applied: 17
142855 : 0x492c78300b764 : 2 : ittapi_config_apply_per_lib :  ITTAPI function instrumented: __itt_domain_create
142855 : 0x492c78300bd26 : 2 : ittapi_config_apply_per_lib :  ITTAPI function instrumented: __itt_string_handle_create
142855 : 0x492c78300c2ee : 2 : ittapi_config_apply_per_lib :  ITTAPI function instrumented: __itt_pause
142855 : 0x492c78307bd71 : 2 : ittapi_config_apply_per_lib :  ITTAPI function instrumented: __itt_resume
142855 : 0x492c78307c838 : 2 : ittapi_config_apply_per_lib :  ITTAPI function instrumented: __itt_thread_set_name
142855 : 0x492c78307ce0a : 2 : ittapi_config_apply_per_lib :  ITTAPI function instrumented: __itt_thread_ignore
142855 : 0x492c78307d378 : 2 : ittapi_config_apply_per_lib :  ITTAPI function instrumented: __itt_thr_name_set
142855 : 0x492c78307d8ac : 2 : ittapi_config_apply_per_lib :  ITTAPI function instrumented: __itt_thr_ignore
142855 : 0x492c78307e14c : 2 : ittapi_config_apply_per_lib :  ITTAPI function not implemented: __itt_enable_attach
142855 : 0x492c78307e604 : 2 : ittapi_config_apply_per_lib :  ITTAPI function NOT instrumented (not matched by --itt-config option): __itt_sync_create

142855 : 0x492c78307ea43 : 2 : ittapi_config_apply_per_lib :  ITTAPI function NOT instrumented (not matched by --itt-config option): __itt_sync_rename

142855 : 0x492c78307ee31 : 2 : ittapi_config_apply_per_lib :  ITTAPI function NOT instrumented (not matched by --itt-config option): __itt_sync_destroy

142855 : 0x492c78307f239 : 2 : ittapi_config_apply_per_lib :  ITTAPI function NOT instrumented (not matched by --itt-config option): __itt_sync_prepare

142855 : 0x492c7830e6ef3 : 2 : ittapi_config_apply_per_lib :  ITTAPI function NOT instrumented (not matched by --itt-config option): __itt_sync_cancel

142855 : 0x492c7830e784d : 2 : ittapi_config_apply_per_lib :  ITTAPI function NOT instrumented (not matched by --itt-config option): __itt_sync_acquired

142855 : 0x492c7830e7c27 : 2 : ittapi_config_apply_per_lib :  ITTAPI function NOT instrumented (not matched by --itt-config option): __itt_sync_releasing

142855 : 0x492c7830e8771 : 2 : ittapi_config_apply_per_lib :  ITTAPI function not implemented: __itt_suppress_push
142855 : 0x492c7830e8f5e : 2 : ittapi_config_apply_per_lib :  ITTAPI function not implemented: __itt_suppress_pop
142855 : 0x492c7830e9613 : 2 : ittapi_config_apply_per_lib :  ITTAPI function not implemented: __itt_suppress_mark_range
142855 : 0x492c7830e9cff : 2 : ittapi_config_apply_per_lib :  ITTAPI function not implemented: __itt_suppress_clear_range
142855 : 0x492c7830ea107 : 2 : ittapi_config_apply_per_lib :  ITTAPI function NOT instrumented (not matched by --itt-config option): __itt_sync_prepare

142855 : 0x492c7830ea506 : 2 : ittapi_config_apply_per_lib :  ITTAPI function NOT instrumented (not matched by --itt-config option): __itt_sync_cancel

142855 : 0x492c7830ea8da : 2 : ittapi_config_apply_per_lib :  ITTAPI function NOT instrumented (not matched by --itt-config option): __itt_sync_acquired

142855 : 0x492c783153ed0 : 2 : ittapi_config_apply_per_lib :  ITTAPI function NOT instrumented (not matched by --itt-config option): __itt_sync_releasing

142855 : 0x492c783154e79 : 2 : ittapi_config_apply_per_lib :  ITTAPI function not implemented: __itt_model_site_begin
142855 : 0x492c7831555b6 : 2 : ittapi_config_apply_per_lib :  ITTAPI function not implemented: __itt_model_site_end
142855 : 0x492c783155c2a : 2 : ittapi_config_apply_per_lib :  ITTAPI function not implemented: __itt_model_task_begin
142855 : 0x492c7831562b5 : 2 : ittapi_config_apply_per_lib :  ITTAPI function not implemented: __itt_model_task_end
142855 : 0x492c7831568c8 : 2 : ittapi_config_apply_per_lib :  ITTAPI function not implemented: __itt_model_lock_acquire
142855 : 0x492c783156f2b : 2 : ittapi_config_apply_per_lib :  ITTAPI function not implemented: __itt_model_lock_release
142855 : 0x492c7831575a7 : 2 : ittapi_config_apply_per_lib :  ITTAPI function not implemented: __itt_model_record_allocation
142855 : 0x492c783157c8d : 2 : ittapi_config_apply_per_lib :  ITTAPI function not implemented: __itt_model_record_deallocation
142855 : 0x492c7831582f7 : 2 : ittapi_config_apply_per_lib :  ITTAPI function not implemented: __itt_model_induction_uses
142855 : 0x492c7831d4c15 : 2 : ittapi_config_apply_per_lib :  ITTAPI function not implemented: __itt_model_reduction_uses
142855 : 0x492c7831d58d7 : 2 : ittapi_config_apply_per_lib :  ITTAPI function not implemented: __itt_model_observe_uses
142855 : 0x492c7831d5f66 : 2 : ittapi_config_apply_per_lib :  ITTAPI function not implemented: __itt_model_clear_uses
142855 : 0x492c7831d6668 : 2 : ittapi_config_apply_per_lib :  ITTAPI function not implemented: __itt_model_site_beginA
142855 : 0x492c7831d6cff : 2 : ittapi_config_apply_per_lib :  ITTAPI function not implemented: __itt_model_site_beginAL
142855 : 0x492c7831d735d : 2 : ittapi_config_apply_per_lib :  ITTAPI function not implemented: __itt_model_task_beginA
142855 : 0x492c7831d79c8 : 2 : ittapi_config_apply_per_lib :  ITTAPI function not implemented: __itt_model_task_beginAL
142855 : 0x492c7831d801b : 2 : ittapi_config_apply_per_lib :  ITTAPI function not implemented: __itt_model_iteration_taskA
142855 : 0x492c7831d86d0 : 2 : ittapi_config_apply_per_lib :  ITTAPI function not implemented: __itt_model_iteration_taskAL
142855 : 0x492c7831d8cc4 : 2 : ittapi_config_apply_per_lib :  ITTAPI function not implemented: __itt_model_site_end_2
142855 : 0x492c783241f7d : 2 : ittapi_config_apply_per_lib :  ITTAPI function not implemented: __itt_model_task_end_2
142855 : 0x492c783242b0d : 2 : ittapi_config_apply_per_lib :  ITTAPI function not implemented: __itt_model_lock_acquire_2
142855 : 0x492c7832431e3 : 2 : ittapi_config_apply_per_lib :  ITTAPI function not implemented: __itt_model_lock_release_2
142855 : 0x492c783243832 : 2 : ittapi_config_apply_per_lib :  ITTAPI function not implemented: __itt_model_aggregate_task
142855 : 0x492c783243e7a : 2 : ittapi_config_apply_per_lib :  ITTAPI function not implemented: __itt_model_disable_push
142855 : 0x492c7832444a3 : 2 : ittapi_config_apply_per_lib :  ITTAPI function not implemented: __itt_model_disable_pop
142855 : 0x492c783244b35 : 2 : ittapi_config_apply_per_lib :  ITTAPI function not implemented: __itt_heap_function_create
142855 : 0x492c7832451cd : 2 : ittapi_config_apply_per_lib :  ITTAPI function not implemented: __itt_heap_allocate_begin
142855 : 0x492c783245805 : 2 : ittapi_config_apply_per_lib :  ITTAPI function not implemented: __itt_heap_allocate_end
142855 : 0x492c783245ec7 : 2 : ittapi_config_apply_per_lib :  ITTAPI function not implemented: __itt_heap_free_begin
142855 : 0x492c7832b06b6 : 2 : ittapi_config_apply_per_lib :  ITTAPI function not implemented: __itt_heap_free_end
142855 : 0x492c7832b138a : 2 : ittapi_config_apply_per_lib :  ITTAPI function not implemented: __itt_heap_reallocate_begin
142855 : 0x492c7832b19b5 : 2 : ittapi_config_apply_per_lib :  ITTAPI function not implemented: __itt_heap_reallocate_end
142855 : 0x492c7832b20a9 : 2 : ittapi_config_apply_per_lib :  ITTAPI function not implemented: __itt_heap_internal_access_begin
142855 : 0x492c7832b27ad : 2 : ittapi_config_apply_per_lib :  ITTAPI function not implemented: __itt_heap_internal_access_end
142855 : 0x492c7832b2e87 : 2 : ittapi_config_apply_per_lib :  ITTAPI function not implemented: __itt_heap_record_memory_growth_begin
142855 : 0x492c7832b3558 : 2 : ittapi_config_apply_per_lib :  ITTAPI function not implemented: __itt_heap_record_memory_growth_end
142855 : 0x492c7832b3c0c : 2 : ittapi_config_apply_per_lib :  ITTAPI function not implemented: __itt_heap_reset_detection
142855 : 0x492c7832b426f : 2 : ittapi_config_apply_per_lib :  ITTAPI function not implemented: __itt_heap_record
142855 : 0x492c7832b48cb : 2 : ittapi_config_apply_per_lib :  ITTAPI function not implemented: __itt_id_create
142855 : 0x492c783330f16 : 2 : ittapi_config_apply_per_lib :  ITTAPI function not implemented: __itt_id_destroy
142855 : 0x492c783331a81 : 2 : ittapi_config_apply_per_lib :  ITTAPI function instrumented: __itt_get_timestamp
142855 : 0x492c7833320f1 : 2 : ittapi_config_apply_per_lib :  ITTAPI function not implemented: __itt_region_begin
142855 : 0x492c783332708 : 2 : ittapi_config_apply_per_lib :  ITTAPI function not implemented: __itt_region_end
142855 : 0x492c783332cb8 : 2 : ittapi_config_apply_per_lib :  ITTAPI function instrumented: __itt_frame_begin_v3
142855 : 0x492c7833331fb : 2 : ittapi_config_apply_per_lib :  ITTAPI function instrumented: __itt_frame_end_v3
142855 : 0x492c783333734 : 2 : ittapi_config_apply_per_lib :  ITTAPI function instrumented: __itt_frame_submit_v3
142855 : 0x492c783333b4d : 2 : ittapi_config_apply_per_lib :  ITTAPI function NOT instrumented (not matched by --itt-config option): __itt_task_group

142855 : 0x492c783333f62 : 2 : ittapi_config_apply_per_lib :  ITTAPI function NOT instrumented (not matched by --itt-config option): __itt_task_begin

142855 : 0x492c78333431d : 2 : ittapi_config_apply_per_lib :  ITTAPI function NOT instrumented (not matched by --itt-config option): __itt_task_begin_fn

142855 : 0x492c7833b3ebc : 2 : ittapi_config_apply_per_lib :  ITTAPI function NOT instrumented (not matched by --itt-config option): __itt_task_end

142855 : 0x492c7833b4fe3 : 2 : ittapi_config_apply_per_lib :  ITTAPI function not implemented: __itt_counter_inc_v3
142855 : 0x492c7833b575b : 2 : ittapi_config_apply_per_lib :  ITTAPI function not implemented: __itt_counter_inc_delta_v3
142855 : 0x492c7833b5de6 : 2 : ittapi_config_apply_per_lib :  ITTAPI function not implemented: __itt_marker
142855 : 0x492c7833b63d4 : 2 : ittapi_config_apply_per_lib :  ITTAPI function instrumented: __itt_metadata_add
142855 : 0x492c7833b6a63 : 2 : ittapi_config_apply_per_lib :  ITTAPI function not implemented: __itt_metadata_str_add
142855 : 0x492c7833b70de : 2 : ittapi_config_apply_per_lib :  ITTAPI function not implemented: __itt_relation_add_to_current
142855 : 0x492c7833b7711 : 2 : ittapi_config_apply_per_lib :  ITTAPI function not implemented: __itt_relation_add
142855 : 0x492c7833b7c5c : 2 : ittapi_config_apply_per_lib :  ITTAPI function instrumented: __itt_event_create
142855 : 0x492c7833b8019 : 2 : ittapi_config_apply_per_lib :  ITTAPI function NOT instrumented (not matched by --itt-config option): __itt_event_start

142855 : 0x492c78344f95d : 2 : ittapi_config_apply_per_lib :  ITTAPI function NOT instrumented (not matched by --itt-config option): __itt_event_end

142855 : 0x492c783450dd6 : 2 : ittapi_config_apply_per_lib :  ITTAPI function NOT instrumented (not matched by --itt-config option): __itt_sync_set_name

142855 : 0x492c7834516c7 : 2 : ittapi_config_apply_per_lib :  ITTAPI function instrumented: __itt_notify_sync_name
142855 : 0x492c783451c1b : 2 : ittapi_config_apply_per_lib :  ITTAPI function instrumented: __itt_notify_sync_prepare
142855 : 0x492c783452174 : 2 : ittapi_config_apply_per_lib :  ITTAPI function instrumented: __itt_notify_sync_cancel
142855 : 0x492c783452724 : 2 : ittapi_config_apply_per_lib :  ITTAPI function instrumented: __itt_notify_sync_acquired
142855 : 0x492c783452c5a : 2 : ittapi_config_apply_per_lib :  ITTAPI function instrumented: __itt_notify_sync_releasing
142855 : 0x492c7834534e8 : 2 : ittapi_config_apply_per_lib :  ITTAPI function not implemented: __itt_memory_read
142855 : 0x492c783453c10 : 2 : ittapi_config_apply_per_lib :  ITTAPI function not implemented: __itt_memory_write
142855 : 0x492c783454244 : 2 : ittapi_config_apply_per_lib :  ITTAPI function not implemented: __itt_memory_update
142855 : 0x492c7834ec7aa : 2 : ittapi_config_apply_per_lib :  ITTAPI function not implemented: __itt_state_get
142855 : 0x492c7834ed273 : 2 : ittapi_config_apply_per_lib :  ITTAPI function not implemented: __itt_state_set
142855 : 0x492c7834ed8ca : 2 : ittapi_config_apply_per_lib :  ITTAPI function not implemented: __itt_obj_mode_set
142855 : 0x492c7834edf33 : 2 : ittapi_config_apply_per_lib :  ITTAPI function not implemented: __itt_thr_mode_set
142855 : 0x492c7834ee4cd : 2 : ittapi_config_apply_per_lib :  ITTAPI function instrumented: __itt_frame_create
142855 : 0x492c7834eea47 : 2 : ittapi_config_apply_per_lib :  ITTAPI function instrumented: __itt_frame_begin
142855 : 0x492c7834eefb3 : 2 : ittapi_config_apply_per_lib :  ITTAPI function instrumented: __itt_frame_end
142855 : 0x492c7834ef626 : 2 : ittapi_config_apply_per_lib :  ITTAPI function not implemented: __itt_counter_create
142855 : 0x492c7834efc6e : 2 : ittapi_config_apply_per_lib :  ITTAPI function not implemented: __itt_counter_destroy
142855 : 0x492c7834f0283 : 2 : ittapi_config_apply_per_lib :  ITTAPI function not implemented: __itt_counter_inc
142855 : 0x492c78358ab49 : 2 : ittapi_config_apply_per_lib :  ITTAPI function not implemented: __itt_counter_inc_delta
142855 : 0x492c78358b77e : 2 : ittapi_config_apply_per_lib :  ITTAPI function not implemented: __itt_mark_create
142855 : 0x492c78358be08 : 2 : ittapi_config_apply_per_lib :  ITTAPI function not implemented: __itt_mark
142855 : 0x492c78358c4ca : 2 : ittapi_config_apply_per_lib :  ITTAPI function not implemented: __itt_mark_off
142855 : 0x492c78358cb7a : 2 : ittapi_config_apply_per_lib :  ITTAPI function not implemented: __itt_mark_global
142855 : 0x492c78358d1e1 : 2 : ittapi_config_apply_per_lib :  ITTAPI function not implemented: __itt_mark_global_off
142855 : 0x492c78358d7c1 : 2 : ittapi_config_apply_per_lib :  ITTAPI function instrumented: __itt_stack_caller_create
142855 : 0x492c78358dcfe : 2 : ittapi_config_apply_per_lib :  ITTAPI function instrumented: __itt_stack_caller_destroy
142855 : 0x492c78358e26b : 2 : ittapi_config_apply_per_lib :  ITTAPI function instrumented: __itt_stack_callee_enter
142855 : 0x492c78358e78e : 2 : ittapi_config_apply_per_lib :  ITTAPI function instrumented: __itt_stack_callee_leave
142855 : 0x492c7836487c5 : 2 : ittapi_config_apply_per_lib :  ITTAPI function not implemented: __itt_clock_domain_create
142855 : 0x492c783649598 : 2 : ittapi_config_apply_per_lib :  ITTAPI function not implemented: __itt_clock_domain_reset
142855 : 0x492c783649bcb : 2 : ittapi_config_apply_per_lib :  ITTAPI function not implemented: __itt_id_create_ex
142855 : 0x492c78364a26b : 2 : ittapi_config_apply_per_lib :  ITTAPI function not implemented: __itt_id_destroy_ex
142855 : 0x492c78364a65f : 2 : ittapi_config_apply_per_lib :  ITTAPI function NOT instrumented (not matched by --itt-config option): __itt_task_begin_ex

142855 : 0x492c78364aa7c : 2 : ittapi_config_apply_per_lib :  ITTAPI function NOT instrumented (not matched by --itt-config option): __itt_task_begin_fn_ex

142855 : 0x492c78364ae8c : 2 : ittapi_config_apply_per_lib :  ITTAPI function NOT instrumented (not matched by --itt-config option): __itt_task_end_ex

142855 : 0x492c78364b26d : 2 : ittapi_config_apply_per_lib :  ITTAPI function NOT instrumented (not matched by --itt-config option): __itt_task_begin_overlapped

142855 : 0x492c78364b67d : 2 : ittapi_config_apply_per_lib :  ITTAPI function NOT instrumented (not matched by --itt-config option): __itt_task_begin_overlapped_ex

142855 : 0x492c78364ba80 : 2 : ittapi_config_apply_per_lib :  ITTAPI function NOT instrumented (not matched by --itt-config option): __itt_task_end_overlapped

142855 : 0x492c7836fec5f : 2 : ittapi_config_apply_per_lib :  ITTAPI function NOT instrumented (not matched by --itt-config option): __itt_task_end_overlapped_ex

142855 : 0x492c7836fff08 : 2 : ittapi_config_apply_per_lib :  ITTAPI function not implemented: __itt_marker_ex
142855 : 0x492c7837005fc : 2 : ittapi_config_apply_per_lib :  ITTAPI function not implemented: __itt_metadata_add_with_scope
142855 : 0x492c783700d12 : 2 : ittapi_config_apply_per_lib :  ITTAPI function not implemented: __itt_metadata_str_add_with_scope
142855 : 0x492c783701456 : 2 : ittapi_config_apply_per_lib :  ITTAPI function not implemented: __itt_relation_add_to_current_ex
142855 : 0x492c783701b26 : 2 : ittapi_config_apply_per_lib :  ITTAPI function not implemented: __itt_relation_add_ex
142855 : 0x492c783702233 : 2 : ittapi_config_apply_per_lib :  ITTAPI function not implemented: __itt_track_group_create
142855 : 0x492c7837028ac : 2 : ittapi_config_apply_per_lib :  ITTAPI function not implemented: __itt_track_create
142855 : 0x492c783702f01 : 2 : ittapi_config_apply_per_lib :  ITTAPI function not implemented: __itt_set_track
142855 : 0x492c78370342d : 2 : ittapi_config_apply_per_lib :  ITTAPI function instrumented: __itt_api_version
142855 : 0x492c783777cf1 : 2 : ittapi_config_apply_per_lib :  ITTAPI function not implemented: __itt_av_save